[32m[0319 10:07:10 @logger.py:74][0m Argv: /data/sls/u/meng/skanda/home/envs/tf2cpu/lib/python2.7/site-packages/ipykernel_launcher.py -f /run/user/23571/jupyter/kernel-d9b38ed2-f812-4b78-bd71-db1e8311ec5c.json
[32m[0319 10:07:14 @rsr_run.py:129][0m Parameter count: {'mults': 263792, 'weights': 258971}
[32m[0319 10:07:14 @sessinit.py:206][0m Variables to restore from dict: last_linear/b:0, last_linear/W:0, conv0/b:0, linear1/b:0, conv0/W:0, linear0/b:0, linear2/W:0, linear2/b:0, linear1/W:0, linear0/W:0
[32m[0319 10:07:14 @sessinit.py:89][0m [5m[31mWRN[0m The following variables are in the dict, but not found in the graph: global_step:0
[32m[0319 10:07:14 @sessinit.py:219][0m Restoring from dict ...
[32m[0319 10:07:17 @rsr_run.py:129][0m Parameter count: {'mults': 263792, 'weights': 258971}
[32m[0319 10:07:17 @sessinit.py:206][0m Variables to restore from dict: last_linear/b:0, last_linear/W:0, conv0/b:0, linear1/b:0, conv0/W:0, linear0/b:0, linear2/W:0, linear2/b:0, linear1/W:0, linear0/W:0
[32m[0319 10:07:17 @sessinit.py:89][0m [5m[31mWRN[0m The following variables are in the dict, but not found in the graph: global_step:0
[32m[0319 10:07:17 @sessinit.py:219][0m Restoring from dict ...
[32m[0319 10:07:20 @rsr_run.py:129][0m Parameter count: {'mults': 263792, 'weights': 258971}
[32m[0319 10:07:20 @sessinit.py:206][0m Variables to restore from dict: last_linear/b:0, last_linear/W:0, conv0/b:0, linear1/b:0, conv0/W:0, linear0/b:0, linear2/W:0, linear2/b:0, linear1/W:0, linear0/W:0
[32m[0319 10:07:20 @sessinit.py:89][0m [5m[31mWRN[0m The following variables are in the dict, but not found in the graph: global_step:0
[32m[0319 10:07:20 @sessinit.py:219][0m Restoring from dict ...
[32m[0319 10:07:23 @rsr_run.py:129][0m Parameter count: {'mults': 263792, 'weights': 258971}
[32m[0319 10:07:23 @sessinit.py:206][0m Variables to restore from dict: last_linear/b:0, last_linear/W:0, conv0/b:0, linear1/b:0, conv0/W:0, linear0/b:0, linear2/W:0, linear2/b:0, linear1/W:0, linear0/W:0
[32m[0319 10:07:23 @sessinit.py:89][0m [5m[31mWRN[0m The following variables are in the dict, but not found in the graph: global_step:0
[32m[0319 10:07:23 @sessinit.py:219][0m Restoring from dict ...
[32m[0319 10:08:37 @rsr_run.py:129][0m Parameter count: {'mults': 263792, 'weights': 258971}
[32m[0319 10:08:37 @sessinit.py:206][0m Variables to restore from dict: last_linear/b:0, last_linear/W:0, conv0/b:0, linear1/b:0, conv0/W:0, linear0/b:0, linear2/W:0, linear2/b:0, linear1/W:0, linear0/W:0
[32m[0319 10:08:37 @sessinit.py:89][0m [5m[31mWRN[0m The following variables are in the dict, but not found in the graph: global_step:0
[32m[0319 10:08:37 @sessinit.py:219][0m Restoring from dict ...
[32m[0319 10:08:40 @rsr_run.py:129][0m Parameter count: {'mults': 263792, 'weights': 258971}
[32m[0319 10:08:40 @sessinit.py:206][0m Variables to restore from dict: last_linear/b:0, last_linear/W:0, conv0/b:0, linear1/b:0, conv0/W:0, linear0/b:0, linear2/W:0, linear2/b:0, linear1/W:0, linear0/W:0
[32m[0319 10:08:40 @sessinit.py:89][0m [5m[31mWRN[0m The following variables are in the dict, but not found in the graph: global_step:0
[32m[0319 10:08:40 @sessinit.py:219][0m Restoring from dict ...
[32m[0319 10:08:43 @rsr_run.py:129][0m Parameter count: {'mults': 263792, 'weights': 258971}
[32m[0319 10:08:43 @sessinit.py:206][0m Variables to restore from dict: last_linear/b:0, last_linear/W:0, conv0/b:0, linear1/b:0, conv0/W:0, linear0/b:0, linear2/W:0, linear2/b:0, linear1/W:0, linear0/W:0
[32m[0319 10:08:43 @sessinit.py:89][0m [5m[31mWRN[0m The following variables are in the dict, but not found in the graph: global_step:0
[32m[0319 10:08:43 @sessinit.py:219][0m Restoring from dict ...
[32m[0319 10:08:46 @rsr_run.py:129][0m Parameter count: {'mults': 263792, 'weights': 258971}
[32m[0319 10:08:46 @sessinit.py:206][0m Variables to restore from dict: last_linear/b:0, last_linear/W:0, conv0/b:0, linear1/b:0, conv0/W:0, linear0/b:0, linear2/W:0, linear2/b:0, linear1/W:0, linear0/W:0
[32m[0319 10:08:46 @sessinit.py:89][0m [5m[31mWRN[0m The following variables are in the dict, but not found in the graph: global_step:0
[32m[0319 10:08:46 @sessinit.py:219][0m Restoring from dict ...
[32m[0319 10:08:49 @rsr_run.py:129][0m Parameter count: {'mults': 263792, 'weights': 258971}
[32m[0319 10:08:49 @sessinit.py:206][0m Variables to restore from dict: last_linear/b:0, last_linear/W:0, conv0/b:0, linear1/b:0, conv0/W:0, linear0/b:0, linear2/W:0, linear2/b:0, linear1/W:0, linear0/W:0
[32m[0319 10:08:49 @sessinit.py:89][0m [5m[31mWRN[0m The following variables are in the dict, but not found in the graph: global_step:0
[32m[0319 10:08:49 @sessinit.py:219][0m Restoring from dict ...
