[32m[0409 11:21:57 @logger.py:74][0m Argv: prune.py --model=fcn2 --bitw=32 --bita=32 --quant_ends=False --dorefa=False
[32m[0409 11:21:57 @prune.py:113][0m 18822 utterances per val epoch
[32m[0409 11:21:57 @prune.py:114][0m Using host: sls-510-0
[32m[0409 11:21:57 @prune.py:124][0m On prune rate 0
[32m[0409 11:21:59 @registry.py:122][0m linear0 input: [None, 1000]
[32m[0409 11:21:59 @registry.py:130][0m linear0 output: [None, 504]
[32m[0409 11:21:59 @registry.py:122][0m linear1 input: [None, 504]
[32m[0409 11:21:59 @registry.py:130][0m linear1 output: [None, 504]
[32m[0409 11:21:59 @registry.py:122][0m linear2 input: [None, 504]
[32m[0409 11:21:59 @registry.py:130][0m linear2 output: [None, 504]
[32m[0409 11:21:59 @registry.py:122][0m linear3 input: [None, 504]
[32m[0409 11:21:59 @registry.py:130][0m linear3 output: [None, 504]
[32m[0409 11:21:59 @registry.py:122][0m last_linear input: [None, 504]
[32m[0409 11:21:59 @registry.py:130][0m last_linear output: [None, 255]
[32m[0409 11:21:59 @rsr_run.py:129][0m Parameter count: {'mults': 1398600, 'weights': 1398855}
[32m[0409 11:21:59 @collection.py:134][0m New collections created in : tf.GraphKeys.GLOBAL_STEP
[32m[0409 11:21:59 @sessinit.py:206][0m Variables to restore from dict: linear3/bn/beta:0, last_linear/W:0, linear0/bn/beta:0, linear1/W:0, linear1/bn/variance/EMA:0, linear1/bn/mean/EMA:0, linear2/bn/beta:0, linear0/bn/mean/EMA:0, linear1/bn/beta:0, linear3/W:0, linear0/b:0, linear2/W:0, global_step:0, linear3/b:0, linear1/bn/gamma:0, linear0/bn/gamma:0, linear0/bn/variance/EMA:0, linear2/bn/gamma:0, linear2/bn/variance/EMA:0, linear3/bn/gamma:0, linear2/b:0, linear3/bn/variance/EMA:0, linear2/bn/mean/EMA:0, linear3/bn/mean/EMA:0, last_linear/b:0, linear1/b:0, linear0/W:0
[32m[0409 11:21:59 @sessinit.py:89][0m [5m[31mWRN[0m The following variables are in the dict, but not found in the graph: EMA/QueueInput/queue_size/biased:0, EMA/QueueInput/queue_size/local_step:0, EMA/QueueInput/queue_size:0, EMA/cross_entropy_loss/biased:0, EMA/cross_entropy_loss/local_step:0, EMA/cross_entropy_loss:0, EMA/train-error-top1/biased:0, EMA/train-error-top1/local_step:0, EMA/train-error-top1:0, EMA/wd_cost/biased:0, EMA/wd_cost/local_step:0, EMA/wd_cost:0, beta1_power:0, beta2_power:0, last_linear/W/Adam:0, last_linear/W/Adam_1:0, last_linear/b/Adam:0, last_linear/b/Adam_1:0, linear0/W/Adam:0, linear0/W/Adam_1:0, linear0/b/Adam:0, linear0/b/Adam_1:0, linear0/bn/beta/Adam:0, linear0/bn/beta/Adam_1:0, linear0/bn/gamma/Adam:0, linear0/bn/gamma/Adam_1:0, linear1/W/Adam:0, linear1/W/Adam_1:0, linear1/b/Adam:0, linear1/b/Adam_1:0, linear1/bn/beta/Adam:0, linear1/bn/beta/Adam_1:0, linear1/bn/gamma/Adam:0, linear1/bn/gamma/Adam_1:0, linear2/W/Adam:0, linear2/W/Adam_1:0, linear2/b/Adam:0, linear2/b/Adam_1:0, linear2/bn/beta/Adam:0, linear2/bn/beta/Adam_1:0, linear2/bn/gamma/Adam:0, linear2/bn/gamma/Adam_1:0, linear3/W/Adam:0, linear3/W/Adam_1:0, linear3/b/Adam:0, linear3/b/Adam_1:0, linear3/bn/beta/Adam:0, linear3/bn/beta/Adam_1:0, linear3/bn/gamma/Adam:0, linear3/bn/gamma/Adam_1:0
[32m[0409 11:21:59 @sessinit.py:219][0m Restoring from dict ...
[32m[0409 11:21:59 @develop.py:85][0m [5m[31mWRN[0m [Deprecated] Calling a predictor with one datapoint will be deprecated after 01 Mar. Call it with positional arguments instead!
[32m[0409 11:22:54 @prune.py:154][0m error: [0.0256776]
[32m[0409 11:22:54 @prune.py:124][0m On prune rate 0.001
[32m[0409 11:22:55 @rsr_run.py:129][0m Parameter count: {'mults': 1398600, 'weights': 1398855}
[32m[0409 11:22:55 @collection.py:134][0m New collections created in : tf.GraphKeys.GLOBAL_STEP
[32m[0409 11:22:55 @sessinit.py:206][0m Variables to restore from dict: linear3/bn/beta:0, last_linear/W:0, linear0/bn/beta:0, linear1/W:0, linear1/bn/variance/EMA:0, linear1/bn/mean/EMA:0, linear2/bn/beta:0, linear0/bn/mean/EMA:0, linear1/bn/beta:0, linear3/W:0, linear0/b:0, linear2/W:0, global_step:0, linear3/b:0, linear1/bn/gamma:0, linear0/bn/gamma:0, linear0/bn/variance/EMA:0, linear2/bn/gamma:0, linear2/bn/variance/EMA:0, linear3/bn/gamma:0, linear2/b:0, linear3/bn/variance/EMA:0, linear2/bn/mean/EMA:0, linear3/bn/mean/EMA:0, last_linear/b:0, linear1/b:0, linear0/W:0
[32m[0409 11:22:55 @sessinit.py:89][0m [5m[31mWRN[0m The following variables are in the dict, but not found in the graph: EMA/QueueInput/queue_size/biased:0, EMA/QueueInput/queue_size/local_step:0, EMA/QueueInput/queue_size:0, EMA/cross_entropy_loss/biased:0, EMA/cross_entropy_loss/local_step:0, EMA/cross_entropy_loss:0, EMA/train-error-top1/biased:0, EMA/train-error-top1/local_step:0, EMA/train-error-top1:0, EMA/wd_cost/biased:0, EMA/wd_cost/local_step:0, EMA/wd_cost:0, beta1_power:0, beta2_power:0, last_linear/W/Adam:0, last_linear/W/Adam_1:0, last_linear/b/Adam:0, last_linear/b/Adam_1:0, linear0/W/Adam:0, linear0/W/Adam_1:0, linear0/b/Adam:0, linear0/b/Adam_1:0, linear0/bn/beta/Adam:0, linear0/bn/beta/Adam_1:0, linear0/bn/gamma/Adam:0, linear0/bn/gamma/Adam_1:0, linear1/W/Adam:0, linear1/W/Adam_1:0, linear1/b/Adam:0, linear1/b/Adam_1:0, linear1/bn/beta/Adam:0, linear1/bn/beta/Adam_1:0, linear1/bn/gamma/Adam:0, linear1/bn/gamma/Adam_1:0, linear2/W/Adam:0, linear2/W/Adam_1:0, linear2/b/Adam:0, linear2/b/Adam_1:0, linear2/bn/beta/Adam:0, linear2/bn/beta/Adam_1:0, linear2/bn/gamma/Adam:0, linear2/bn/gamma/Adam_1:0, linear3/W/Adam:0, linear3/W/Adam_1:0, linear3/b/Adam:0, linear3/b/Adam_1:0, linear3/bn/beta/Adam:0, linear3/bn/beta/Adam_1:0, linear3/bn/gamma/Adam:0, linear3/bn/gamma/Adam_1:0
[32m[0409 11:22:55 @sessinit.py:219][0m Restoring from dict ...
[32m[0409 11:23:49 @prune.py:154][0m error: [0.0256776]
[32m[0409 11:23:49 @prune.py:124][0m On prune rate 0.005
[32m[0409 11:23:50 @rsr_run.py:129][0m Parameter count: {'mults': 1398600, 'weights': 1398855}
[32m[0409 11:23:50 @collection.py:134][0m New collections created in : tf.GraphKeys.GLOBAL_STEP
[32m[0409 11:23:50 @sessinit.py:206][0m Variables to restore from dict: linear3/bn/beta:0, last_linear/W:0, linear0/bn/beta:0, linear1/W:0, linear1/bn/variance/EMA:0, linear1/bn/mean/EMA:0, linear2/bn/beta:0, linear0/bn/mean/EMA:0, linear1/bn/beta:0, linear3/W:0, linear0/b:0, linear2/W:0, global_step:0, linear3/b:0, linear1/bn/gamma:0, linear0/bn/gamma:0, linear0/bn/variance/EMA:0, linear2/bn/gamma:0, linear2/bn/variance/EMA:0, linear3/bn/gamma:0, linear2/b:0, linear3/bn/variance/EMA:0, linear2/bn/mean/EMA:0, linear3/bn/mean/EMA:0, last_linear/b:0, linear1/b:0, linear0/W:0
[32m[0409 11:23:50 @sessinit.py:89][0m [5m[31mWRN[0m The following variables are in the dict, but not found in the graph: EMA/QueueInput/queue_size/biased:0, EMA/QueueInput/queue_size/local_step:0, EMA/QueueInput/queue_size:0, EMA/cross_entropy_loss/biased:0, EMA/cross_entropy_loss/local_step:0, EMA/cross_entropy_loss:0, EMA/train-error-top1/biased:0, EMA/train-error-top1/local_step:0, EMA/train-error-top1:0, EMA/wd_cost/biased:0, EMA/wd_cost/local_step:0, EMA/wd_cost:0, beta1_power:0, beta2_power:0, last_linear/W/Adam:0, last_linear/W/Adam_1:0, last_linear/b/Adam:0, last_linear/b/Adam_1:0, linear0/W/Adam:0, linear0/W/Adam_1:0, linear0/b/Adam:0, linear0/b/Adam_1:0, linear0/bn/beta/Adam:0, linear0/bn/beta/Adam_1:0, linear0/bn/gamma/Adam:0, linear0/bn/gamma/Adam_1:0, linear1/W/Adam:0, linear1/W/Adam_1:0, linear1/b/Adam:0, linear1/b/Adam_1:0, linear1/bn/beta/Adam:0, linear1/bn/beta/Adam_1:0, linear1/bn/gamma/Adam:0, linear1/bn/gamma/Adam_1:0, linear2/W/Adam:0, linear2/W/Adam_1:0, linear2/b/Adam:0, linear2/b/Adam_1:0, linear2/bn/beta/Adam:0, linear2/bn/beta/Adam_1:0, linear2/bn/gamma/Adam:0, linear2/bn/gamma/Adam_1:0, linear3/W/Adam:0, linear3/W/Adam_1:0, linear3/b/Adam:0, linear3/b/Adam_1:0, linear3/bn/beta/Adam:0, linear3/bn/beta/Adam_1:0, linear3/bn/gamma/Adam:0, linear3/bn/gamma/Adam_1:0
[32m[0409 11:23:50 @sessinit.py:219][0m Restoring from dict ...
[32m[0409 11:24:44 @prune.py:154][0m error: [0.03138374]
[32m[0409 11:24:44 @prune.py:124][0m On prune rate 0.01
[32m[0409 11:24:45 @rsr_run.py:129][0m Parameter count: {'mults': 1398600, 'weights': 1398855}
[32m[0409 11:24:45 @collection.py:134][0m New collections created in : tf.GraphKeys.GLOBAL_STEP
[32m[0409 11:24:46 @sessinit.py:206][0m Variables to restore from dict: linear3/bn/beta:0, last_linear/W:0, linear0/bn/beta:0, linear1/W:0, linear1/bn/variance/EMA:0, linear1/bn/mean/EMA:0, linear2/bn/beta:0, linear0/bn/mean/EMA:0, linear1/bn/beta:0, linear3/W:0, linear0/b:0, linear2/W:0, global_step:0, linear3/b:0, linear1/bn/gamma:0, linear0/bn/gamma:0, linear0/bn/variance/EMA:0, linear2/bn/gamma:0, linear2/bn/variance/EMA:0, linear3/bn/gamma:0, linear2/b:0, linear3/bn/variance/EMA:0, linear2/bn/mean/EMA:0, linear3/bn/mean/EMA:0, last_linear/b:0, linear1/b:0, linear0/W:0
[32m[0409 11:24:46 @sessinit.py:89][0m [5m[31mWRN[0m The following variables are in the dict, but not found in the graph: EMA/QueueInput/queue_size/biased:0, EMA/QueueInput/queue_size/local_step:0, EMA/QueueInput/queue_size:0, EMA/cross_entropy_loss/biased:0, EMA/cross_entropy_loss/local_step:0, EMA/cross_entropy_loss:0, EMA/train-error-top1/biased:0, EMA/train-error-top1/local_step:0, EMA/train-error-top1:0, EMA/wd_cost/biased:0, EMA/wd_cost/local_step:0, EMA/wd_cost:0, beta1_power:0, beta2_power:0, last_linear/W/Adam:0, last_linear/W/Adam_1:0, last_linear/b/Adam:0, last_linear/b/Adam_1:0, linear0/W/Adam:0, linear0/W/Adam_1:0, linear0/b/Adam:0, linear0/b/Adam_1:0, linear0/bn/beta/Adam:0, linear0/bn/beta/Adam_1:0, linear0/bn/gamma/Adam:0, linear0/bn/gamma/Adam_1:0, linear1/W/Adam:0, linear1/W/Adam_1:0, linear1/b/Adam:0, linear1/b/Adam_1:0, linear1/bn/beta/Adam:0, linear1/bn/beta/Adam_1:0, linear1/bn/gamma/Adam:0, linear1/bn/gamma/Adam_1:0, linear2/W/Adam:0, linear2/W/Adam_1:0, linear2/b/Adam:0, linear2/b/Adam_1:0, linear2/bn/beta/Adam:0, linear2/bn/beta/Adam_1:0, linear2/bn/gamma/Adam:0, linear2/bn/gamma/Adam_1:0, linear3/W/Adam:0, linear3/W/Adam_1:0, linear3/b/Adam:0, linear3/b/Adam_1:0, linear3/bn/beta/Adam:0, linear3/bn/beta/Adam_1:0, linear3/bn/gamma/Adam:0, linear3/bn/gamma/Adam_1:0
[32m[0409 11:24:46 @sessinit.py:219][0m Restoring from dict ...
[32m[0409 11:25:41 @prune.py:154][0m error: [0.03566334]
[32m[0409 11:25:41 @prune.py:124][0m On prune rate 0.02
[32m[0409 11:25:42 @rsr_run.py:129][0m Parameter count: {'mults': 1398600, 'weights': 1398855}
[32m[0409 11:25:42 @collection.py:134][0m New collections created in : tf.GraphKeys.GLOBAL_STEP
[32m[0409 11:25:42 @sessinit.py:206][0m Variables to restore from dict: linear3/bn/beta:0, last_linear/W:0, linear0/bn/beta:0, linear1/W:0, linear1/bn/variance/EMA:0, linear1/bn/mean/EMA:0, linear2/bn/beta:0, linear0/bn/mean/EMA:0, linear1/bn/beta:0, linear3/W:0, linear0/b:0, linear2/W:0, global_step:0, linear3/b:0, linear1/bn/gamma:0, linear0/bn/gamma:0, linear0/bn/variance/EMA:0, linear2/bn/gamma:0, linear2/bn/variance/EMA:0, linear3/bn/gamma:0, linear2/b:0, linear3/bn/variance/EMA:0, linear2/bn/mean/EMA:0, linear3/bn/mean/EMA:0, last_linear/b:0, linear1/b:0, linear0/W:0
[32m[0409 11:25:42 @sessinit.py:89][0m [5m[31mWRN[0m The following variables are in the dict, but not found in the graph: EMA/QueueInput/queue_size/biased:0, EMA/QueueInput/queue_size/local_step:0, EMA/QueueInput/queue_size:0, EMA/cross_entropy_loss/biased:0, EMA/cross_entropy_loss/local_step:0, EMA/cross_entropy_loss:0, EMA/train-error-top1/biased:0, EMA/train-error-top1/local_step:0, EMA/train-error-top1:0, EMA/wd_cost/biased:0, EMA/wd_cost/local_step:0, EMA/wd_cost:0, beta1_power:0, beta2_power:0, last_linear/W/Adam:0, last_linear/W/Adam_1:0, last_linear/b/Adam:0, last_linear/b/Adam_1:0, linear0/W/Adam:0, linear0/W/Adam_1:0, linear0/b/Adam:0, linear0/b/Adam_1:0, linear0/bn/beta/Adam:0, linear0/bn/beta/Adam_1:0, linear0/bn/gamma/Adam:0, linear0/bn/gamma/Adam_1:0, linear1/W/Adam:0, linear1/W/Adam_1:0, linear1/b/Adam:0, linear1/b/Adam_1:0, linear1/bn/beta/Adam:0, linear1/bn/beta/Adam_1:0, linear1/bn/gamma/Adam:0, linear1/bn/gamma/Adam_1:0, linear2/W/Adam:0, linear2/W/Adam_1:0, linear2/b/Adam:0, linear2/b/Adam_1:0, linear2/bn/beta/Adam:0, linear2/bn/beta/Adam_1:0, linear2/bn/gamma/Adam:0, linear2/bn/gamma/Adam_1:0, linear3/W/Adam:0, linear3/W/Adam_1:0, linear3/b/Adam:0, linear3/b/Adam_1:0, linear3/bn/beta/Adam:0, linear3/bn/beta/Adam_1:0, linear3/bn/gamma/Adam:0, linear3/bn/gamma/Adam_1:0
[32m[0409 11:25:42 @sessinit.py:219][0m Restoring from dict ...
[32m[0409 11:26:36 @prune.py:154][0m error: [0.06704708]
[32m[0409 11:26:36 @prune.py:124][0m On prune rate 0.03
[32m[0409 11:26:37 @rsr_run.py:129][0m Parameter count: {'mults': 1398600, 'weights': 1398855}
[32m[0409 11:26:37 @collection.py:134][0m New collections created in : tf.GraphKeys.GLOBAL_STEP
[32m[0409 11:26:37 @sessinit.py:206][0m Variables to restore from dict: linear3/bn/beta:0, last_linear/W:0, linear0/bn/beta:0, linear1/W:0, linear1/bn/variance/EMA:0, linear1/bn/mean/EMA:0, linear2/bn/beta:0, linear0/bn/mean/EMA:0, linear1/bn/beta:0, linear3/W:0, linear0/b:0, linear2/W:0, global_step:0, linear3/b:0, linear1/bn/gamma:0, linear0/bn/gamma:0, linear0/bn/variance/EMA:0, linear2/bn/gamma:0, linear2/bn/variance/EMA:0, linear3/bn/gamma:0, linear2/b:0, linear3/bn/variance/EMA:0, linear2/bn/mean/EMA:0, linear3/bn/mean/EMA:0, last_linear/b:0, linear1/b:0, linear0/W:0
[32m[0409 11:26:37 @sessinit.py:89][0m [5m[31mWRN[0m The following variables are in the dict, but not found in the graph: EMA/QueueInput/queue_size/biased:0, EMA/QueueInput/queue_size/local_step:0, EMA/QueueInput/queue_size:0, EMA/cross_entropy_loss/biased:0, EMA/cross_entropy_loss/local_step:0, EMA/cross_entropy_loss:0, EMA/train-error-top1/biased:0, EMA/train-error-top1/local_step:0, EMA/train-error-top1:0, EMA/wd_cost/biased:0, EMA/wd_cost/local_step:0, EMA/wd_cost:0, beta1_power:0, beta2_power:0, last_linear/W/Adam:0, last_linear/W/Adam_1:0, last_linear/b/Adam:0, last_linear/b/Adam_1:0, linear0/W/Adam:0, linear0/W/Adam_1:0, linear0/b/Adam:0, linear0/b/Adam_1:0, linear0/bn/beta/Adam:0, linear0/bn/beta/Adam_1:0, linear0/bn/gamma/Adam:0, linear0/bn/gamma/Adam_1:0, linear1/W/Adam:0, linear1/W/Adam_1:0, linear1/b/Adam:0, linear1/b/Adam_1:0, linear1/bn/beta/Adam:0, linear1/bn/beta/Adam_1:0, linear1/bn/gamma/Adam:0, linear1/bn/gamma/Adam_1:0, linear2/W/Adam:0, linear2/W/Adam_1:0, linear2/b/Adam:0, linear2/b/Adam_1:0, linear2/bn/beta/Adam:0, linear2/bn/beta/Adam_1:0, linear2/bn/gamma/Adam:0, linear2/bn/gamma/Adam_1:0, linear3/W/Adam:0, linear3/W/Adam_1:0, linear3/b/Adam:0, linear3/b/Adam_1:0, linear3/bn/beta/Adam:0, linear3/bn/beta/Adam_1:0, linear3/bn/gamma/Adam:0, linear3/bn/gamma/Adam_1:0
[32m[0409 11:26:37 @sessinit.py:219][0m Restoring from dict ...
[32m[0409 11:27:31 @prune.py:154][0m error: [0.09272468]
[32m[0409 11:27:31 @prune.py:124][0m On prune rate 0.04
[32m[0409 11:27:32 @rsr_run.py:129][0m Parameter count: {'mults': 1398600, 'weights': 1398855}
[32m[0409 11:27:32 @collection.py:134][0m New collections created in : tf.GraphKeys.GLOBAL_STEP
[32m[0409 11:27:33 @sessinit.py:206][0m Variables to restore from dict: linear3/bn/beta:0, last_linear/W:0, linear0/bn/beta:0, linear1/W:0, linear1/bn/variance/EMA:0, linear1/bn/mean/EMA:0, linear2/bn/beta:0, linear0/bn/mean/EMA:0, linear1/bn/beta:0, linear3/W:0, linear0/b:0, linear2/W:0, global_step:0, linear3/b:0, linear1/bn/gamma:0, linear0/bn/gamma:0, linear0/bn/variance/EMA:0, linear2/bn/gamma:0, linear2/bn/variance/EMA:0, linear3/bn/gamma:0, linear2/b:0, linear3/bn/variance/EMA:0, linear2/bn/mean/EMA:0, linear3/bn/mean/EMA:0, last_linear/b:0, linear1/b:0, linear0/W:0
[32m[0409 11:27:33 @sessinit.py:89][0m [5m[31mWRN[0m The following variables are in the dict, but not found in the graph: EMA/QueueInput/queue_size/biased:0, EMA/QueueInput/queue_size/local_step:0, EMA/QueueInput/queue_size:0, EMA/cross_entropy_loss/biased:0, EMA/cross_entropy_loss/local_step:0, EMA/cross_entropy_loss:0, EMA/train-error-top1/biased:0, EMA/train-error-top1/local_step:0, EMA/train-error-top1:0, EMA/wd_cost/biased:0, EMA/wd_cost/local_step:0, EMA/wd_cost:0, beta1_power:0, beta2_power:0, last_linear/W/Adam:0, last_linear/W/Adam_1:0, last_linear/b/Adam:0, last_linear/b/Adam_1:0, linear0/W/Adam:0, linear0/W/Adam_1:0, linear0/b/Adam:0, linear0/b/Adam_1:0, linear0/bn/beta/Adam:0, linear0/bn/beta/Adam_1:0, linear0/bn/gamma/Adam:0, linear0/bn/gamma/Adam_1:0, linear1/W/Adam:0, linear1/W/Adam_1:0, linear1/b/Adam:0, linear1/b/Adam_1:0, linear1/bn/beta/Adam:0, linear1/bn/beta/Adam_1:0, linear1/bn/gamma/Adam:0, linear1/bn/gamma/Adam_1:0, linear2/W/Adam:0, linear2/W/Adam_1:0, linear2/b/Adam:0, linear2/b/Adam_1:0, linear2/bn/beta/Adam:0, linear2/bn/beta/Adam_1:0, linear2/bn/gamma/Adam:0, linear2/bn/gamma/Adam_1:0, linear3/W/Adam:0, linear3/W/Adam_1:0, linear3/b/Adam:0, linear3/b/Adam_1:0, linear3/bn/beta/Adam:0, linear3/bn/beta/Adam_1:0, linear3/bn/gamma/Adam:0, linear3/bn/gamma/Adam_1:0
[32m[0409 11:27:33 @sessinit.py:219][0m Restoring from dict ...
[32m[0409 11:28:14 @prune.py:154][0m error: [0.12410842]
[32m[0409 11:28:14 @prune.py:124][0m On prune rate 0.05
[32m[0409 11:28:14 @rsr_run.py:129][0m Parameter count: {'mults': 1398600, 'weights': 1398855}
[32m[0409 11:28:14 @collection.py:134][0m New collections created in : tf.GraphKeys.GLOBAL_STEP
[32m[0409 11:28:15 @sessinit.py:206][0m Variables to restore from dict: linear3/bn/beta:0, last_linear/W:0, linear0/bn/beta:0, linear1/W:0, linear1/bn/variance/EMA:0, linear1/bn/mean/EMA:0, linear2/bn/beta:0, linear0/bn/mean/EMA:0, linear1/bn/beta:0, linear3/W:0, linear0/b:0, linear2/W:0, global_step:0, linear3/b:0, linear1/bn/gamma:0, linear0/bn/gamma:0, linear0/bn/variance/EMA:0, linear2/bn/gamma:0, linear2/bn/variance/EMA:0, linear3/bn/gamma:0, linear2/b:0, linear3/bn/variance/EMA:0, linear2/bn/mean/EMA:0, linear3/bn/mean/EMA:0, last_linear/b:0, linear1/b:0, linear0/W:0
[32m[0409 11:28:15 @sessinit.py:89][0m [5m[31mWRN[0m The following variables are in the dict, but not found in the graph: EMA/QueueInput/queue_size/biased:0, EMA/QueueInput/queue_size/local_step:0, EMA/QueueInput/queue_size:0, EMA/cross_entropy_loss/biased:0, EMA/cross_entropy_loss/local_step:0, EMA/cross_entropy_loss:0, EMA/train-error-top1/biased:0, EMA/train-error-top1/local_step:0, EMA/train-error-top1:0, EMA/wd_cost/biased:0, EMA/wd_cost/local_step:0, EMA/wd_cost:0, beta1_power:0, beta2_power:0, last_linear/W/Adam:0, last_linear/W/Adam_1:0, last_linear/b/Adam:0, last_linear/b/Adam_1:0, linear0/W/Adam:0, linear0/W/Adam_1:0, linear0/b/Adam:0, linear0/b/Adam_1:0, linear0/bn/beta/Adam:0, linear0/bn/beta/Adam_1:0, linear0/bn/gamma/Adam:0, linear0/bn/gamma/Adam_1:0, linear1/W/Adam:0, linear1/W/Adam_1:0, linear1/b/Adam:0, linear1/b/Adam_1:0, linear1/bn/beta/Adam:0, linear1/bn/beta/Adam_1:0, linear1/bn/gamma/Adam:0, linear1/bn/gamma/Adam_1:0, linear2/W/Adam:0, linear2/W/Adam_1:0, linear2/b/Adam:0, linear2/b/Adam_1:0, linear2/bn/beta/Adam:0, linear2/bn/beta/Adam_1:0, linear2/bn/gamma/Adam:0, linear2/bn/gamma/Adam_1:0, linear3/W/Adam:0, linear3/W/Adam_1:0, linear3/b/Adam:0, linear3/b/Adam_1:0, linear3/bn/beta/Adam:0, linear3/bn/beta/Adam_1:0, linear3/bn/gamma/Adam:0, linear3/bn/gamma/Adam_1:0
[32m[0409 11:28:15 @sessinit.py:219][0m Restoring from dict ...
[32m[0409 11:28:56 @prune.py:154][0m error: [0.16119829]
[32m[0409 11:28:56 @prune.py:124][0m On prune rate 0.1
[32m[0409 11:28:56 @rsr_run.py:129][0m Parameter count: {'mults': 1398600, 'weights': 1398855}
[32m[0409 11:28:56 @collection.py:134][0m New collections created in : tf.GraphKeys.GLOBAL_STEP
[32m[0409 11:28:57 @sessinit.py:206][0m Variables to restore from dict: linear3/bn/beta:0, last_linear/W:0, linear0/bn/beta:0, linear1/W:0, linear1/bn/variance/EMA:0, linear1/bn/mean/EMA:0, linear2/bn/beta:0, linear0/bn/mean/EMA:0, linear1/bn/beta:0, linear3/W:0, linear0/b:0, linear2/W:0, global_step:0, linear3/b:0, linear1/bn/gamma:0, linear0/bn/gamma:0, linear0/bn/variance/EMA:0, linear2/bn/gamma:0, linear2/bn/variance/EMA:0, linear3/bn/gamma:0, linear2/b:0, linear3/bn/variance/EMA:0, linear2/bn/mean/EMA:0, linear3/bn/mean/EMA:0, last_linear/b:0, linear1/b:0, linear0/W:0
[32m[0409 11:28:57 @sessinit.py:89][0m [5m[31mWRN[0m The following variables are in the dict, but not found in the graph: EMA/QueueInput/queue_size/biased:0, EMA/QueueInput/queue_size/local_step:0, EMA/QueueInput/queue_size:0, EMA/cross_entropy_loss/biased:0, EMA/cross_entropy_loss/local_step:0, EMA/cross_entropy_loss:0, EMA/train-error-top1/biased:0, EMA/train-error-top1/local_step:0, EMA/train-error-top1:0, EMA/wd_cost/biased:0, EMA/wd_cost/local_step:0, EMA/wd_cost:0, beta1_power:0, beta2_power:0, last_linear/W/Adam:0, last_linear/W/Adam_1:0, last_linear/b/Adam:0, last_linear/b/Adam_1:0, linear0/W/Adam:0, linear0/W/Adam_1:0, linear0/b/Adam:0, linear0/b/Adam_1:0, linear0/bn/beta/Adam:0, linear0/bn/beta/Adam_1:0, linear0/bn/gamma/Adam:0, linear0/bn/gamma/Adam_1:0, linear1/W/Adam:0, linear1/W/Adam_1:0, linear1/b/Adam:0, linear1/b/Adam_1:0, linear1/bn/beta/Adam:0, linear1/bn/beta/Adam_1:0, linear1/bn/gamma/Adam:0, linear1/bn/gamma/Adam_1:0, linear2/W/Adam:0, linear2/W/Adam_1:0, linear2/b/Adam:0, linear2/b/Adam_1:0, linear2/bn/beta/Adam:0, linear2/bn/beta/Adam_1:0, linear2/bn/gamma/Adam:0, linear2/bn/gamma/Adam_1:0, linear3/W/Adam:0, linear3/W/Adam_1:0, linear3/b/Adam:0, linear3/b/Adam_1:0, linear3/bn/beta/Adam:0, linear3/bn/beta/Adam_1:0, linear3/bn/gamma/Adam:0, linear3/bn/gamma/Adam_1:0
[32m[0409 11:28:57 @sessinit.py:219][0m Restoring from dict ...
[32m[0409 11:29:40 @prune.py:154][0m error: [0.43651926]
[32m[0409 11:29:40 @prune.py:124][0m On prune rate 0.15
[32m[0409 11:29:40 @rsr_run.py:129][0m Parameter count: {'mults': 1398600, 'weights': 1398855}
[32m[0409 11:29:40 @collection.py:134][0m New collections created in : tf.GraphKeys.GLOBAL_STEP
[32m[0409 11:29:41 @sessinit.py:206][0m Variables to restore from dict: linear3/bn/beta:0, last_linear/W:0, linear0/bn/beta:0, linear1/W:0, linear1/bn/variance/EMA:0, linear1/bn/mean/EMA:0, linear2/bn/beta:0, linear0/bn/mean/EMA:0, linear1/bn/beta:0, linear3/W:0, linear0/b:0, linear2/W:0, global_step:0, linear3/b:0, linear1/bn/gamma:0, linear0/bn/gamma:0, linear0/bn/variance/EMA:0, linear2/bn/gamma:0, linear2/bn/variance/EMA:0, linear3/bn/gamma:0, linear2/b:0, linear3/bn/variance/EMA:0, linear2/bn/mean/EMA:0, linear3/bn/mean/EMA:0, last_linear/b:0, linear1/b:0, linear0/W:0
[32m[0409 11:29:41 @sessinit.py:89][0m [5m[31mWRN[0m The following variables are in the dict, but not found in the graph: EMA/QueueInput/queue_size/biased:0, EMA/QueueInput/queue_size/local_step:0, EMA/QueueInput/queue_size:0, EMA/cross_entropy_loss/biased:0, EMA/cross_entropy_loss/local_step:0, EMA/cross_entropy_loss:0, EMA/train-error-top1/biased:0, EMA/train-error-top1/local_step:0, EMA/train-error-top1:0, EMA/wd_cost/biased:0, EMA/wd_cost/local_step:0, EMA/wd_cost:0, beta1_power:0, beta2_power:0, last_linear/W/Adam:0, last_linear/W/Adam_1:0, last_linear/b/Adam:0, last_linear/b/Adam_1:0, linear0/W/Adam:0, linear0/W/Adam_1:0, linear0/b/Adam:0, linear0/b/Adam_1:0, linear0/bn/beta/Adam:0, linear0/bn/beta/Adam_1:0, linear0/bn/gamma/Adam:0, linear0/bn/gamma/Adam_1:0, linear1/W/Adam:0, linear1/W/Adam_1:0, linear1/b/Adam:0, linear1/b/Adam_1:0, linear1/bn/beta/Adam:0, linear1/bn/beta/Adam_1:0, linear1/bn/gamma/Adam:0, linear1/bn/gamma/Adam_1:0, linear2/W/Adam:0, linear2/W/Adam_1:0, linear2/b/Adam:0, linear2/b/Adam_1:0, linear2/bn/beta/Adam:0, linear2/bn/beta/Adam_1:0, linear2/bn/gamma/Adam:0, linear2/bn/gamma/Adam_1:0, linear3/W/Adam:0, linear3/W/Adam_1:0, linear3/b/Adam:0, linear3/b/Adam_1:0, linear3/bn/beta/Adam:0, linear3/bn/beta/Adam_1:0, linear3/bn/gamma/Adam:0, linear3/bn/gamma/Adam_1:0
[32m[0409 11:29:41 @sessinit.py:219][0m Restoring from dict ...
[32m[0409 11:30:20 @prune.py:154][0m error: [0.63623395]
[32m[0409 11:30:20 @prune.py:124][0m On prune rate 0.25
[32m[0409 11:30:21 @rsr_run.py:129][0m Parameter count: {'mults': 1398600, 'weights': 1398855}
[32m[0409 11:30:21 @collection.py:134][0m New collections created in : tf.GraphKeys.GLOBAL_STEP
[32m[0409 11:30:21 @sessinit.py:206][0m Variables to restore from dict: linear3/bn/beta:0, last_linear/W:0, linear0/bn/beta:0, linear1/W:0, linear1/bn/variance/EMA:0, linear1/bn/mean/EMA:0, linear2/bn/beta:0, linear0/bn/mean/EMA:0, linear1/bn/beta:0, linear3/W:0, linear0/b:0, linear2/W:0, global_step:0, linear3/b:0, linear1/bn/gamma:0, linear0/bn/gamma:0, linear0/bn/variance/EMA:0, linear2/bn/gamma:0, linear2/bn/variance/EMA:0, linear3/bn/gamma:0, linear2/b:0, linear3/bn/variance/EMA:0, linear2/bn/mean/EMA:0, linear3/bn/mean/EMA:0, last_linear/b:0, linear1/b:0, linear0/W:0
[32m[0409 11:30:21 @sessinit.py:89][0m [5m[31mWRN[0m The following variables are in the dict, but not found in the graph: EMA/QueueInput/queue_size/biased:0, EMA/QueueInput/queue_size/local_step:0, EMA/QueueInput/queue_size:0, EMA/cross_entropy_loss/biased:0, EMA/cross_entropy_loss/local_step:0, EMA/cross_entropy_loss:0, EMA/train-error-top1/biased:0, EMA/train-error-top1/local_step:0, EMA/train-error-top1:0, EMA/wd_cost/biased:0, EMA/wd_cost/local_step:0, EMA/wd_cost:0, beta1_power:0, beta2_power:0, last_linear/W/Adam:0, last_linear/W/Adam_1:0, last_linear/b/Adam:0, last_linear/b/Adam_1:0, linear0/W/Adam:0, linear0/W/Adam_1:0, linear0/b/Adam:0, linear0/b/Adam_1:0, linear0/bn/beta/Adam:0, linear0/bn/beta/Adam_1:0, linear0/bn/gamma/Adam:0, linear0/bn/gamma/Adam_1:0, linear1/W/Adam:0, linear1/W/Adam_1:0, linear1/b/Adam:0, linear1/b/Adam_1:0, linear1/bn/beta/Adam:0, linear1/bn/beta/Adam_1:0, linear1/bn/gamma/Adam:0, linear1/bn/gamma/Adam_1:0, linear2/W/Adam:0, linear2/W/Adam_1:0, linear2/b/Adam:0, linear2/b/Adam_1:0, linear2/bn/beta/Adam:0, linear2/bn/beta/Adam_1:0, linear2/bn/gamma/Adam:0, linear2/bn/gamma/Adam_1:0, linear3/W/Adam:0, linear3/W/Adam_1:0, linear3/b/Adam:0, linear3/b/Adam_1:0, linear3/bn/beta/Adam:0, linear3/bn/beta/Adam_1:0, linear3/bn/gamma/Adam:0, linear3/bn/gamma/Adam_1:0
[32m[0409 11:30:21 @sessinit.py:219][0m Restoring from dict ...
[32m[0409 11:31:01 @prune.py:154][0m error: [0.87446505]
[32m[0409 11:31:01 @prune.py:124][0m On prune rate 0.5
[32m[0409 11:31:01 @rsr_run.py:129][0m Parameter count: {'mults': 1398600, 'weights': 1398855}
[32m[0409 11:31:01 @collection.py:134][0m New collections created in : tf.GraphKeys.GLOBAL_STEP
[32m[0409 11:31:02 @sessinit.py:206][0m Variables to restore from dict: linear3/bn/beta:0, last_linear/W:0, linear0/bn/beta:0, linear1/W:0, linear1/bn/variance/EMA:0, linear1/bn/mean/EMA:0, linear2/bn/beta:0, linear0/bn/mean/EMA:0, linear1/bn/beta:0, linear3/W:0, linear0/b:0, linear2/W:0, global_step:0, linear3/b:0, linear1/bn/gamma:0, linear0/bn/gamma:0, linear0/bn/variance/EMA:0, linear2/bn/gamma:0, linear2/bn/variance/EMA:0, linear3/bn/gamma:0, linear2/b:0, linear3/bn/variance/EMA:0, linear2/bn/mean/EMA:0, linear3/bn/mean/EMA:0, last_linear/b:0, linear1/b:0, linear0/W:0
[32m[0409 11:31:02 @sessinit.py:89][0m [5m[31mWRN[0m The following variables are in the dict, but not found in the graph: EMA/QueueInput/queue_size/biased:0, EMA/QueueInput/queue_size/local_step:0, EMA/QueueInput/queue_size:0, EMA/cross_entropy_loss/biased:0, EMA/cross_entropy_loss/local_step:0, EMA/cross_entropy_loss:0, EMA/train-error-top1/biased:0, EMA/train-error-top1/local_step:0, EMA/train-error-top1:0, EMA/wd_cost/biased:0, EMA/wd_cost/local_step:0, EMA/wd_cost:0, beta1_power:0, beta2_power:0, last_linear/W/Adam:0, last_linear/W/Adam_1:0, last_linear/b/Adam:0, last_linear/b/Adam_1:0, linear0/W/Adam:0, linear0/W/Adam_1:0, linear0/b/Adam:0, linear0/b/Adam_1:0, linear0/bn/beta/Adam:0, linear0/bn/beta/Adam_1:0, linear0/bn/gamma/Adam:0, linear0/bn/gamma/Adam_1:0, linear1/W/Adam:0, linear1/W/Adam_1:0, linear1/b/Adam:0, linear1/b/Adam_1:0, linear1/bn/beta/Adam:0, linear1/bn/beta/Adam_1:0, linear1/bn/gamma/Adam:0, linear1/bn/gamma/Adam_1:0, linear2/W/Adam:0, linear2/W/Adam_1:0, linear2/b/Adam:0, linear2/b/Adam_1:0, linear2/bn/beta/Adam:0, linear2/bn/beta/Adam_1:0, linear2/bn/gamma/Adam:0, linear2/bn/gamma/Adam_1:0, linear3/W/Adam:0, linear3/W/Adam_1:0, linear3/b/Adam:0, linear3/b/Adam_1:0, linear3/bn/beta/Adam:0, linear3/bn/beta/Adam_1:0, linear3/bn/gamma/Adam:0, linear3/bn/gamma/Adam_1:0
[32m[0409 11:31:02 @sessinit.py:219][0m Restoring from dict ...
[32m[0409 11:31:42 @prune.py:154][0m error: [0.98573466]
[32m[0409 11:31:42 @prune.py:156][0m Errors:[0.025677603423680456, 0.025677603423680456, 0.03138373751783167, 0.03566333808844508, 0.06704707560627675, 0.09272467902995721, 0.12410841654778887, 0.16119828815977175, 0.43651925820256776, 0.6362339514978602, 0.8744650499286734, 0.985734664764622]
[32m[0409 11:31:42 @prune.py:157][0m Sparsities:[0.0, 0.0009950951943469455, 0.004994749695011175, 0.009998779330859159, 0.01999827250332115, 0.029997051834180305, 0.0399965450066423, 0.04999603817910429, 0.0999949317246199, 0.14999382527013552, 0.24999946461879788, 0.4999996430791986]
