[32m[0329 11:56:28 @logger.py:74][0m Argv: prune.py --model=fcn1 --bitw=32 --bita=32 --quant_ends=False --dorefa=True
[32m[0329 11:56:29 @prune.py:113][0m 18822 utterances per val epoch
[32m[0329 11:56:29 @prune.py:114][0m Using host: sls-520-3
[32m[0329 11:56:29 @prune.py:124][0m On prune rate 0
[32m[0329 11:56:29 @registry.py:122][0m linear0 input: [None, 1000]
[32m[0329 11:56:29 @drf_run.py:67][0m Not quantizing linear0/W
[32m[0329 11:56:29 @drf_run.py:67][0m Not quantizing linear0/b
[32m[0329 11:56:29 @drf_run.py:58][0m Not quantizing linear0/bn/beta
[32m[0329 11:56:29 @drf_run.py:58][0m Not quantizing linear0/bn/gamma
[32m[0329 11:56:29 @drf_run.py:58][0m Not quantizing linear0/bn/mean/EMA
[32m[0329 11:56:29 @drf_run.py:58][0m Not quantizing linear0/bn/variance/EMA
[32m[0329 11:56:29 @registry.py:130][0m linear0 output: [None, 256]
[32m[0329 11:56:29 @registry.py:122][0m linear1 input: [None, 256]
[32m[0329 11:56:29 @drf_run.py:70][0m Quantizing weight linear1/W
[32m[0329 11:56:29 @drf_run.py:70][0m Quantizing weight linear1/b
[32m[0329 11:56:29 @drf_run.py:58][0m Not quantizing linear1/bn/beta
[32m[0329 11:56:29 @drf_run.py:58][0m Not quantizing linear1/bn/gamma
[32m[0329 11:56:29 @drf_run.py:58][0m Not quantizing linear1/bn/mean/EMA
[32m[0329 11:56:29 @drf_run.py:58][0m Not quantizing linear1/bn/variance/EMA
[32m[0329 11:56:29 @registry.py:130][0m linear1 output: [None, 256]
[32m[0329 11:56:29 @registry.py:122][0m linear2 input: [None, 256]
[32m[0329 11:56:29 @drf_run.py:70][0m Quantizing weight linear2/W
[32m[0329 11:56:29 @drf_run.py:70][0m Quantizing weight linear2/b
[32m[0329 11:56:29 @drf_run.py:58][0m Not quantizing linear2/bn/beta
[32m[0329 11:56:29 @drf_run.py:58][0m Not quantizing linear2/bn/gamma
[32m[0329 11:56:29 @drf_run.py:58][0m Not quantizing linear2/bn/mean/EMA
[32m[0329 11:56:29 @drf_run.py:58][0m Not quantizing linear2/bn/variance/EMA
[32m[0329 11:56:29 @registry.py:130][0m linear2 output: [None, 256]
[32m[0329 11:56:29 @registry.py:122][0m linear3 input: [None, 256]
[32m[0329 11:56:29 @drf_run.py:70][0m Quantizing weight linear3/W
[32m[0329 11:56:29 @drf_run.py:70][0m Quantizing weight linear3/b
[32m[0329 11:56:29 @drf_run.py:58][0m Not quantizing linear3/bn/beta
[32m[0329 11:56:29 @drf_run.py:58][0m Not quantizing linear3/bn/gamma
[32m[0329 11:56:29 @drf_run.py:58][0m Not quantizing linear3/bn/mean/EMA
[32m[0329 11:56:29 @drf_run.py:58][0m Not quantizing linear3/bn/variance/EMA
[32m[0329 11:56:29 @registry.py:130][0m linear3 output: [None, 256]
[32m[0329 11:56:29 @registry.py:122][0m last_linear input: [None, 256]
[32m[0329 11:56:29 @drf_run.py:64][0m Not quantizing last_linear/W
[32m[0329 11:56:29 @drf_run.py:64][0m Not quantizing last_linear/b
[32m[0329 11:56:29 @registry.py:130][0m last_linear output: [None, 255]
[32m[0329 11:56:29 @drf_run.py:112][0m Adding activation tensors to summary: [<tf.Tensor 'linear0/bn/output:0' shape=(?, 256) dtype=float32>, <tf.Tensor 'linear1/bn/output:0' shape=(?, 256) dtype=float32>, <tf.Tensor 'linear2/bn/output:0' shape=(?, 256) dtype=float32>, <tf.Tensor 'linear3/bn/output:0' shape=(?, 256) dtype=float32>, <tf.Tensor 'last_linear/output:0' shape=(?, 255) dtype=float32>, <tf.Tensor 'output:0' shape=(?, 255) dtype=float32>]
[32m[0329 11:56:29 @drf_run.py:123][0m Parameter count: {'mults': 519936, 'weights': 520191}
[32m[0329 11:56:29 @collection.py:134][0m New collections created in : tf.GraphKeys.GLOBAL_STEP
[32m[0329 11:56:30 @sessinit.py:206][0m Variables to restore from dict: linear3/bn/beta:0, last_linear/W:0, linear0/bn/beta:0, linear1/W:0, linear1/bn/variance/EMA:0, linear1/bn/mean/EMA:0, linear2/bn/beta:0, linear0/bn/mean/EMA:0, linear1/bn/beta:0, linear3/W:0, linear0/b:0, linear2/W:0, global_step:0, linear3/b:0, linear1/bn/gamma:0, linear0/bn/gamma:0, linear0/bn/variance/EMA:0, linear2/bn/gamma:0, linear2/bn/variance/EMA:0, linear3/bn/gamma:0, linear2/b:0, linear3/bn/variance/EMA:0, linear2/bn/mean/EMA:0, linear3/bn/mean/EMA:0, last_linear/b:0, linear1/b:0, linear0/W:0
[32m[0329 11:56:30 @sessinit.py:89][0m [5m[31mWRN[0m The following variables are in the dict, but not found in the graph: EMA/QueueInput/queue_size/biased:0, EMA/QueueInput/queue_size/local_step:0, EMA/QueueInput/queue_size:0, EMA/cross_entropy_loss/biased:0, EMA/cross_entropy_loss/local_step:0, EMA/cross_entropy_loss:0, EMA/train-error-top1/biased:0, EMA/train-error-top1/local_step:0, EMA/train-error-top1:0, EMA/wd_cost/biased:0, EMA/wd_cost/local_step:0, EMA/wd_cost:0, beta1_power:0, beta2_power:0, last_linear/W/Adam:0, last_linear/W/Adam_1:0, last_linear/b/Adam:0, last_linear/b/Adam_1:0, linear0/W/Adam:0, linear0/W/Adam_1:0, linear0/b/Adam:0, linear0/b/Adam_1:0, linear0/bn/beta/Adam:0, linear0/bn/beta/Adam_1:0, linear0/bn/gamma/Adam:0, linear0/bn/gamma/Adam_1:0, linear1/W/Adam:0, linear1/W/Adam_1:0, linear1/b/Adam:0, linear1/b/Adam_1:0, linear1/bn/beta/Adam:0, linear1/bn/beta/Adam_1:0, linear1/bn/gamma/Adam:0, linear1/bn/gamma/Adam_1:0, linear2/W/Adam:0, linear2/W/Adam_1:0, linear2/b/Adam:0, linear2/b/Adam_1:0, linear2/bn/beta/Adam:0, linear2/bn/beta/Adam_1:0, linear2/bn/gamma/Adam:0, linear2/bn/gamma/Adam_1:0, linear3/W/Adam:0, linear3/W/Adam_1:0, linear3/b/Adam:0, linear3/b/Adam_1:0, linear3/bn/beta/Adam:0, linear3/bn/beta/Adam_1:0, linear3/bn/gamma/Adam:0, linear3/bn/gamma/Adam_1:0
[32m[0329 11:56:30 @sessinit.py:219][0m Restoring from dict ...
[32m[0329 11:56:30 @develop.py:85][0m [5m[31mWRN[0m [Deprecated] Calling a predictor with one datapoint will be deprecated after 01 Mar. Call it with positional arguments instead!
[32m[0329 11:56:45 @prune.py:154][0m error: [0.10271041]
[32m[0329 11:56:45 @prune.py:124][0m On prune rate 0.001
[32m[0329 11:56:46 @drf_run.py:67][0m Not quantizing linear0/W
[32m[0329 11:56:46 @drf_run.py:67][0m Not quantizing linear0/b
[32m[0329 11:56:46 @drf_run.py:58][0m Not quantizing linear0/bn/beta
[32m[0329 11:56:46 @drf_run.py:58][0m Not quantizing linear0/bn/gamma
[32m[0329 11:56:46 @drf_run.py:58][0m Not quantizing linear0/bn/mean/EMA
[32m[0329 11:56:46 @drf_run.py:58][0m Not quantizing linear0/bn/variance/EMA
[32m[0329 11:56:46 @drf_run.py:70][0m Quantizing weight linear1/W
[32m[0329 11:56:46 @drf_run.py:70][0m Quantizing weight linear1/b
[32m[0329 11:56:46 @drf_run.py:58][0m Not quantizing linear1/bn/beta
[32m[0329 11:56:46 @drf_run.py:58][0m Not quantizing linear1/bn/gamma
[32m[0329 11:56:46 @drf_run.py:58][0m Not quantizing linear1/bn/mean/EMA
[32m[0329 11:56:46 @drf_run.py:58][0m Not quantizing linear1/bn/variance/EMA
[32m[0329 11:56:46 @drf_run.py:70][0m Quantizing weight linear2/W
[32m[0329 11:56:46 @drf_run.py:70][0m Quantizing weight linear2/b
[32m[0329 11:56:46 @drf_run.py:58][0m Not quantizing linear2/bn/beta
[32m[0329 11:56:46 @drf_run.py:58][0m Not quantizing linear2/bn/gamma
[32m[0329 11:56:46 @drf_run.py:58][0m Not quantizing linear2/bn/mean/EMA
[32m[0329 11:56:46 @drf_run.py:58][0m Not quantizing linear2/bn/variance/EMA
[32m[0329 11:56:46 @drf_run.py:70][0m Quantizing weight linear3/W
[32m[0329 11:56:46 @drf_run.py:70][0m Quantizing weight linear3/b
[32m[0329 11:56:46 @drf_run.py:58][0m Not quantizing linear3/bn/beta
[32m[0329 11:56:46 @drf_run.py:58][0m Not quantizing linear3/bn/gamma
[32m[0329 11:56:46 @drf_run.py:58][0m Not quantizing linear3/bn/mean/EMA
[32m[0329 11:56:46 @drf_run.py:58][0m Not quantizing linear3/bn/variance/EMA
[32m[0329 11:56:46 @drf_run.py:64][0m Not quantizing last_linear/W
[32m[0329 11:56:46 @drf_run.py:64][0m Not quantizing last_linear/b
[32m[0329 11:56:46 @drf_run.py:112][0m Adding activation tensors to summary: [<tf.Tensor 'linear0/bn/output:0' shape=(?, 256) dtype=float32>, <tf.Tensor 'linear1/bn/output:0' shape=(?, 256) dtype=float32>, <tf.Tensor 'linear2/bn/output:0' shape=(?, 256) dtype=float32>, <tf.Tensor 'linear3/bn/output:0' shape=(?, 256) dtype=float32>, <tf.Tensor 'last_linear/output:0' shape=(?, 255) dtype=float32>, <tf.Tensor 'output:0' shape=(?, 255) dtype=float32>]
[32m[0329 11:56:46 @drf_run.py:123][0m Parameter count: {'mults': 519936, 'weights': 520191}
[32m[0329 11:56:46 @collection.py:134][0m New collections created in : tf.GraphKeys.GLOBAL_STEP
[32m[0329 11:56:46 @sessinit.py:206][0m Variables to restore from dict: linear3/bn/beta:0, last_linear/W:0, linear0/bn/beta:0, linear1/W:0, linear1/bn/variance/EMA:0, linear1/bn/mean/EMA:0, linear2/bn/beta:0, linear0/bn/mean/EMA:0, linear1/bn/beta:0, linear3/W:0, linear0/b:0, linear2/W:0, global_step:0, linear3/b:0, linear1/bn/gamma:0, linear0/bn/gamma:0, linear0/bn/variance/EMA:0, linear2/bn/gamma:0, linear2/bn/variance/EMA:0, linear3/bn/gamma:0, linear2/b:0, linear3/bn/variance/EMA:0, linear2/bn/mean/EMA:0, linear3/bn/mean/EMA:0, last_linear/b:0, linear1/b:0, linear0/W:0
[32m[0329 11:56:46 @sessinit.py:89][0m [5m[31mWRN[0m The following variables are in the dict, but not found in the graph: EMA/QueueInput/queue_size/biased:0, EMA/QueueInput/queue_size/local_step:0, EMA/QueueInput/queue_size:0, EMA/cross_entropy_loss/biased:0, EMA/cross_entropy_loss/local_step:0, EMA/cross_entropy_loss:0, EMA/train-error-top1/biased:0, EMA/train-error-top1/local_step:0, EMA/train-error-top1:0, EMA/wd_cost/biased:0, EMA/wd_cost/local_step:0, EMA/wd_cost:0, beta1_power:0, beta2_power:0, last_linear/W/Adam:0, last_linear/W/Adam_1:0, last_linear/b/Adam:0, last_linear/b/Adam_1:0, linear0/W/Adam:0, linear0/W/Adam_1:0, linear0/b/Adam:0, linear0/b/Adam_1:0, linear0/bn/beta/Adam:0, linear0/bn/beta/Adam_1:0, linear0/bn/gamma/Adam:0, linear0/bn/gamma/Adam_1:0, linear1/W/Adam:0, linear1/W/Adam_1:0, linear1/b/Adam:0, linear1/b/Adam_1:0, linear1/bn/beta/Adam:0, linear1/bn/beta/Adam_1:0, linear1/bn/gamma/Adam:0, linear1/bn/gamma/Adam_1:0, linear2/W/Adam:0, linear2/W/Adam_1:0, linear2/b/Adam:0, linear2/b/Adam_1:0, linear2/bn/beta/Adam:0, linear2/bn/beta/Adam_1:0, linear2/bn/gamma/Adam:0, linear2/bn/gamma/Adam_1:0, linear3/W/Adam:0, linear3/W/Adam_1:0, linear3/b/Adam:0, linear3/b/Adam_1:0, linear3/bn/beta/Adam:0, linear3/bn/beta/Adam_1:0, linear3/bn/gamma/Adam:0, linear3/bn/gamma/Adam_1:0
[32m[0329 11:56:46 @sessinit.py:219][0m Restoring from dict ...
[32m[0329 11:57:01 @prune.py:154][0m error: [0.10271041]
[32m[0329 11:57:01 @prune.py:124][0m On prune rate 0.005
[32m[0329 11:57:02 @drf_run.py:67][0m Not quantizing linear0/W
[32m[0329 11:57:02 @drf_run.py:67][0m Not quantizing linear0/b
[32m[0329 11:57:02 @drf_run.py:58][0m Not quantizing linear0/bn/beta
[32m[0329 11:57:02 @drf_run.py:58][0m Not quantizing linear0/bn/gamma
[32m[0329 11:57:02 @drf_run.py:58][0m Not quantizing linear0/bn/mean/EMA
[32m[0329 11:57:02 @drf_run.py:58][0m Not quantizing linear0/bn/variance/EMA
[32m[0329 11:57:02 @drf_run.py:70][0m Quantizing weight linear1/W
[32m[0329 11:57:02 @drf_run.py:70][0m Quantizing weight linear1/b
[32m[0329 11:57:02 @drf_run.py:58][0m Not quantizing linear1/bn/beta
[32m[0329 11:57:02 @drf_run.py:58][0m Not quantizing linear1/bn/gamma
[32m[0329 11:57:02 @drf_run.py:58][0m Not quantizing linear1/bn/mean/EMA
[32m[0329 11:57:02 @drf_run.py:58][0m Not quantizing linear1/bn/variance/EMA
[32m[0329 11:57:02 @drf_run.py:70][0m Quantizing weight linear2/W
[32m[0329 11:57:02 @drf_run.py:70][0m Quantizing weight linear2/b
[32m[0329 11:57:02 @drf_run.py:58][0m Not quantizing linear2/bn/beta
[32m[0329 11:57:02 @drf_run.py:58][0m Not quantizing linear2/bn/gamma
[32m[0329 11:57:02 @drf_run.py:58][0m Not quantizing linear2/bn/mean/EMA
[32m[0329 11:57:02 @drf_run.py:58][0m Not quantizing linear2/bn/variance/EMA
[32m[0329 11:57:02 @drf_run.py:70][0m Quantizing weight linear3/W
[32m[0329 11:57:02 @drf_run.py:70][0m Quantizing weight linear3/b
[32m[0329 11:57:02 @drf_run.py:58][0m Not quantizing linear3/bn/beta
[32m[0329 11:57:02 @drf_run.py:58][0m Not quantizing linear3/bn/gamma
[32m[0329 11:57:02 @drf_run.py:58][0m Not quantizing linear3/bn/mean/EMA
[32m[0329 11:57:02 @drf_run.py:58][0m Not quantizing linear3/bn/variance/EMA
[32m[0329 11:57:02 @drf_run.py:64][0m Not quantizing last_linear/W
[32m[0329 11:57:02 @drf_run.py:64][0m Not quantizing last_linear/b
[32m[0329 11:57:02 @drf_run.py:112][0m Adding activation tensors to summary: [<tf.Tensor 'linear0/bn/output:0' shape=(?, 256) dtype=float32>, <tf.Tensor 'linear1/bn/output:0' shape=(?, 256) dtype=float32>, <tf.Tensor 'linear2/bn/output:0' shape=(?, 256) dtype=float32>, <tf.Tensor 'linear3/bn/output:0' shape=(?, 256) dtype=float32>, <tf.Tensor 'last_linear/output:0' shape=(?, 255) dtype=float32>, <tf.Tensor 'output:0' shape=(?, 255) dtype=float32>]
[32m[0329 11:57:02 @drf_run.py:123][0m Parameter count: {'mults': 519936, 'weights': 520191}
[32m[0329 11:57:02 @collection.py:134][0m New collections created in : tf.GraphKeys.GLOBAL_STEP
[32m[0329 11:57:02 @sessinit.py:206][0m Variables to restore from dict: linear3/bn/beta:0, last_linear/W:0, linear0/bn/beta:0, linear1/W:0, linear1/bn/variance/EMA:0, linear1/bn/mean/EMA:0, linear2/bn/beta:0, linear0/bn/mean/EMA:0, linear1/bn/beta:0, linear3/W:0, linear0/b:0, linear2/W:0, global_step:0, linear3/b:0, linear1/bn/gamma:0, linear0/bn/gamma:0, linear0/bn/variance/EMA:0, linear2/bn/gamma:0, linear2/bn/variance/EMA:0, linear3/bn/gamma:0, linear2/b:0, linear3/bn/variance/EMA:0, linear2/bn/mean/EMA:0, linear3/bn/mean/EMA:0, last_linear/b:0, linear1/b:0, linear0/W:0
[32m[0329 11:57:02 @sessinit.py:89][0m [5m[31mWRN[0m The following variables are in the dict, but not found in the graph: EMA/QueueInput/queue_size/biased:0, EMA/QueueInput/queue_size/local_step:0, EMA/QueueInput/queue_size:0, EMA/cross_entropy_loss/biased:0, EMA/cross_entropy_loss/local_step:0, EMA/cross_entropy_loss:0, EMA/train-error-top1/biased:0, EMA/train-error-top1/local_step:0, EMA/train-error-top1:0, EMA/wd_cost/biased:0, EMA/wd_cost/local_step:0, EMA/wd_cost:0, beta1_power:0, beta2_power:0, last_linear/W/Adam:0, last_linear/W/Adam_1:0, last_linear/b/Adam:0, last_linear/b/Adam_1:0, linear0/W/Adam:0, linear0/W/Adam_1:0, linear0/b/Adam:0, linear0/b/Adam_1:0, linear0/bn/beta/Adam:0, linear0/bn/beta/Adam_1:0, linear0/bn/gamma/Adam:0, linear0/bn/gamma/Adam_1:0, linear1/W/Adam:0, linear1/W/Adam_1:0, linear1/b/Adam:0, linear1/b/Adam_1:0, linear1/bn/beta/Adam:0, linear1/bn/beta/Adam_1:0, linear1/bn/gamma/Adam:0, linear1/bn/gamma/Adam_1:0, linear2/W/Adam:0, linear2/W/Adam_1:0, linear2/b/Adam:0, linear2/b/Adam_1:0, linear2/bn/beta/Adam:0, linear2/bn/beta/Adam_1:0, linear2/bn/gamma/Adam:0, linear2/bn/gamma/Adam_1:0, linear3/W/Adam:0, linear3/W/Adam_1:0, linear3/b/Adam:0, linear3/b/Adam_1:0, linear3/bn/beta/Adam:0, linear3/bn/beta/Adam_1:0, linear3/bn/gamma/Adam:0, linear3/bn/gamma/Adam_1:0
[32m[0329 11:57:02 @sessinit.py:219][0m Restoring from dict ...
[32m[0329 11:57:17 @prune.py:154][0m error: [0.10556348]
[32m[0329 11:57:17 @prune.py:124][0m On prune rate 0.01
[32m[0329 11:57:18 @drf_run.py:67][0m Not quantizing linear0/W
[32m[0329 11:57:18 @drf_run.py:67][0m Not quantizing linear0/b
[32m[0329 11:57:18 @drf_run.py:58][0m Not quantizing linear0/bn/beta
[32m[0329 11:57:18 @drf_run.py:58][0m Not quantizing linear0/bn/gamma
[32m[0329 11:57:18 @drf_run.py:58][0m Not quantizing linear0/bn/mean/EMA
[32m[0329 11:57:18 @drf_run.py:58][0m Not quantizing linear0/bn/variance/EMA
[32m[0329 11:57:18 @drf_run.py:70][0m Quantizing weight linear1/W
[32m[0329 11:57:18 @drf_run.py:70][0m Quantizing weight linear1/b
[32m[0329 11:57:18 @drf_run.py:58][0m Not quantizing linear1/bn/beta
[32m[0329 11:57:18 @drf_run.py:58][0m Not quantizing linear1/bn/gamma
[32m[0329 11:57:18 @drf_run.py:58][0m Not quantizing linear1/bn/mean/EMA
[32m[0329 11:57:18 @drf_run.py:58][0m Not quantizing linear1/bn/variance/EMA
[32m[0329 11:57:18 @drf_run.py:70][0m Quantizing weight linear2/W
[32m[0329 11:57:18 @drf_run.py:70][0m Quantizing weight linear2/b
[32m[0329 11:57:18 @drf_run.py:58][0m Not quantizing linear2/bn/beta
[32m[0329 11:57:18 @drf_run.py:58][0m Not quantizing linear2/bn/gamma
[32m[0329 11:57:18 @drf_run.py:58][0m Not quantizing linear2/bn/mean/EMA
[32m[0329 11:57:18 @drf_run.py:58][0m Not quantizing linear2/bn/variance/EMA
[32m[0329 11:57:18 @drf_run.py:70][0m Quantizing weight linear3/W
[32m[0329 11:57:18 @drf_run.py:70][0m Quantizing weight linear3/b
[32m[0329 11:57:18 @drf_run.py:58][0m Not quantizing linear3/bn/beta
[32m[0329 11:57:18 @drf_run.py:58][0m Not quantizing linear3/bn/gamma
[32m[0329 11:57:18 @drf_run.py:58][0m Not quantizing linear3/bn/mean/EMA
[32m[0329 11:57:18 @drf_run.py:58][0m Not quantizing linear3/bn/variance/EMA
[32m[0329 11:57:18 @drf_run.py:64][0m Not quantizing last_linear/W
[32m[0329 11:57:18 @drf_run.py:64][0m Not quantizing last_linear/b
[32m[0329 11:57:18 @drf_run.py:112][0m Adding activation tensors to summary: [<tf.Tensor 'linear0/bn/output:0' shape=(?, 256) dtype=float32>, <tf.Tensor 'linear1/bn/output:0' shape=(?, 256) dtype=float32>, <tf.Tensor 'linear2/bn/output:0' shape=(?, 256) dtype=float32>, <tf.Tensor 'linear3/bn/output:0' shape=(?, 256) dtype=float32>, <tf.Tensor 'last_linear/output:0' shape=(?, 255) dtype=float32>, <tf.Tensor 'output:0' shape=(?, 255) dtype=float32>]
[32m[0329 11:57:18 @drf_run.py:123][0m Parameter count: {'mults': 519936, 'weights': 520191}
[32m[0329 11:57:18 @collection.py:134][0m New collections created in : tf.GraphKeys.GLOBAL_STEP
[32m[0329 11:57:18 @sessinit.py:206][0m Variables to restore from dict: linear3/bn/beta:0, last_linear/W:0, linear0/bn/beta:0, linear1/W:0, linear1/bn/variance/EMA:0, linear1/bn/mean/EMA:0, linear2/bn/beta:0, linear0/bn/mean/EMA:0, linear1/bn/beta:0, linear3/W:0, linear0/b:0, linear2/W:0, global_step:0, linear3/b:0, linear1/bn/gamma:0, linear0/bn/gamma:0, linear0/bn/variance/EMA:0, linear2/bn/gamma:0, linear2/bn/variance/EMA:0, linear3/bn/gamma:0, linear2/b:0, linear3/bn/variance/EMA:0, linear2/bn/mean/EMA:0, linear3/bn/mean/EMA:0, last_linear/b:0, linear1/b:0, linear0/W:0
[32m[0329 11:57:18 @sessinit.py:89][0m [5m[31mWRN[0m The following variables are in the dict, but not found in the graph: EMA/QueueInput/queue_size/biased:0, EMA/QueueInput/queue_size/local_step:0, EMA/QueueInput/queue_size:0, EMA/cross_entropy_loss/biased:0, EMA/cross_entropy_loss/local_step:0, EMA/cross_entropy_loss:0, EMA/train-error-top1/biased:0, EMA/train-error-top1/local_step:0, EMA/train-error-top1:0, EMA/wd_cost/biased:0, EMA/wd_cost/local_step:0, EMA/wd_cost:0, beta1_power:0, beta2_power:0, last_linear/W/Adam:0, last_linear/W/Adam_1:0, last_linear/b/Adam:0, last_linear/b/Adam_1:0, linear0/W/Adam:0, linear0/W/Adam_1:0, linear0/b/Adam:0, linear0/b/Adam_1:0, linear0/bn/beta/Adam:0, linear0/bn/beta/Adam_1:0, linear0/bn/gamma/Adam:0, linear0/bn/gamma/Adam_1:0, linear1/W/Adam:0, linear1/W/Adam_1:0, linear1/b/Adam:0, linear1/b/Adam_1:0, linear1/bn/beta/Adam:0, linear1/bn/beta/Adam_1:0, linear1/bn/gamma/Adam:0, linear1/bn/gamma/Adam_1:0, linear2/W/Adam:0, linear2/W/Adam_1:0, linear2/b/Adam:0, linear2/b/Adam_1:0, linear2/bn/beta/Adam:0, linear2/bn/beta/Adam_1:0, linear2/bn/gamma/Adam:0, linear2/bn/gamma/Adam_1:0, linear3/W/Adam:0, linear3/W/Adam_1:0, linear3/b/Adam:0, linear3/b/Adam_1:0, linear3/bn/beta/Adam:0, linear3/bn/beta/Adam_1:0, linear3/bn/gamma/Adam:0, linear3/bn/gamma/Adam_1:0
[32m[0329 11:57:18 @sessinit.py:219][0m Restoring from dict ...
[32m[0329 11:57:33 @prune.py:154][0m error: [0.11697575]
[32m[0329 11:57:33 @prune.py:124][0m On prune rate 0.05
[32m[0329 11:57:34 @drf_run.py:67][0m Not quantizing linear0/W
[32m[0329 11:57:34 @drf_run.py:67][0m Not quantizing linear0/b
[32m[0329 11:57:34 @drf_run.py:58][0m Not quantizing linear0/bn/beta
[32m[0329 11:57:34 @drf_run.py:58][0m Not quantizing linear0/bn/gamma
[32m[0329 11:57:34 @drf_run.py:58][0m Not quantizing linear0/bn/mean/EMA
[32m[0329 11:57:34 @drf_run.py:58][0m Not quantizing linear0/bn/variance/EMA
[32m[0329 11:57:34 @drf_run.py:70][0m Quantizing weight linear1/W
[32m[0329 11:57:34 @drf_run.py:70][0m Quantizing weight linear1/b
[32m[0329 11:57:34 @drf_run.py:58][0m Not quantizing linear1/bn/beta
[32m[0329 11:57:34 @drf_run.py:58][0m Not quantizing linear1/bn/gamma
[32m[0329 11:57:34 @drf_run.py:58][0m Not quantizing linear1/bn/mean/EMA
[32m[0329 11:57:34 @drf_run.py:58][0m Not quantizing linear1/bn/variance/EMA
[32m[0329 11:57:34 @drf_run.py:70][0m Quantizing weight linear2/W
[32m[0329 11:57:34 @drf_run.py:70][0m Quantizing weight linear2/b
[32m[0329 11:57:34 @drf_run.py:58][0m Not quantizing linear2/bn/beta
[32m[0329 11:57:34 @drf_run.py:58][0m Not quantizing linear2/bn/gamma
[32m[0329 11:57:34 @drf_run.py:58][0m Not quantizing linear2/bn/mean/EMA
[32m[0329 11:57:34 @drf_run.py:58][0m Not quantizing linear2/bn/variance/EMA
[32m[0329 11:57:34 @drf_run.py:70][0m Quantizing weight linear3/W
[32m[0329 11:57:34 @drf_run.py:70][0m Quantizing weight linear3/b
[32m[0329 11:57:34 @drf_run.py:58][0m Not quantizing linear3/bn/beta
[32m[0329 11:57:34 @drf_run.py:58][0m Not quantizing linear3/bn/gamma
[32m[0329 11:57:34 @drf_run.py:58][0m Not quantizing linear3/bn/mean/EMA
[32m[0329 11:57:34 @drf_run.py:58][0m Not quantizing linear3/bn/variance/EMA
[32m[0329 11:57:34 @drf_run.py:64][0m Not quantizing last_linear/W
[32m[0329 11:57:34 @drf_run.py:64][0m Not quantizing last_linear/b
[32m[0329 11:57:34 @drf_run.py:112][0m Adding activation tensors to summary: [<tf.Tensor 'linear0/bn/output:0' shape=(?, 256) dtype=float32>, <tf.Tensor 'linear1/bn/output:0' shape=(?, 256) dtype=float32>, <tf.Tensor 'linear2/bn/output:0' shape=(?, 256) dtype=float32>, <tf.Tensor 'linear3/bn/output:0' shape=(?, 256) dtype=float32>, <tf.Tensor 'last_linear/output:0' shape=(?, 255) dtype=float32>, <tf.Tensor 'output:0' shape=(?, 255) dtype=float32>]
[32m[0329 11:57:34 @drf_run.py:123][0m Parameter count: {'mults': 519936, 'weights': 520191}
[32m[0329 11:57:34 @collection.py:134][0m New collections created in : tf.GraphKeys.GLOBAL_STEP
[32m[0329 11:57:34 @sessinit.py:206][0m Variables to restore from dict: linear3/bn/beta:0, last_linear/W:0, linear0/bn/beta:0, linear1/W:0, linear1/bn/variance/EMA:0, linear1/bn/mean/EMA:0, linear2/bn/beta:0, linear0/bn/mean/EMA:0, linear1/bn/beta:0, linear3/W:0, linear0/b:0, linear2/W:0, global_step:0, linear3/b:0, linear1/bn/gamma:0, linear0/bn/gamma:0, linear0/bn/variance/EMA:0, linear2/bn/gamma:0, linear2/bn/variance/EMA:0, linear3/bn/gamma:0, linear2/b:0, linear3/bn/variance/EMA:0, linear2/bn/mean/EMA:0, linear3/bn/mean/EMA:0, last_linear/b:0, linear1/b:0, linear0/W:0
[32m[0329 11:57:34 @sessinit.py:89][0m [5m[31mWRN[0m The following variables are in the dict, but not found in the graph: EMA/QueueInput/queue_size/biased:0, EMA/QueueInput/queue_size/local_step:0, EMA/QueueInput/queue_size:0, EMA/cross_entropy_loss/biased:0, EMA/cross_entropy_loss/local_step:0, EMA/cross_entropy_loss:0, EMA/train-error-top1/biased:0, EMA/train-error-top1/local_step:0, EMA/train-error-top1:0, EMA/wd_cost/biased:0, EMA/wd_cost/local_step:0, EMA/wd_cost:0, beta1_power:0, beta2_power:0, last_linear/W/Adam:0, last_linear/W/Adam_1:0, last_linear/b/Adam:0, last_linear/b/Adam_1:0, linear0/W/Adam:0, linear0/W/Adam_1:0, linear0/b/Adam:0, linear0/b/Adam_1:0, linear0/bn/beta/Adam:0, linear0/bn/beta/Adam_1:0, linear0/bn/gamma/Adam:0, linear0/bn/gamma/Adam_1:0, linear1/W/Adam:0, linear1/W/Adam_1:0, linear1/b/Adam:0, linear1/b/Adam_1:0, linear1/bn/beta/Adam:0, linear1/bn/beta/Adam_1:0, linear1/bn/gamma/Adam:0, linear1/bn/gamma/Adam_1:0, linear2/W/Adam:0, linear2/W/Adam_1:0, linear2/b/Adam:0, linear2/b/Adam_1:0, linear2/bn/beta/Adam:0, linear2/bn/beta/Adam_1:0, linear2/bn/gamma/Adam:0, linear2/bn/gamma/Adam_1:0, linear3/W/Adam:0, linear3/W/Adam_1:0, linear3/b/Adam:0, linear3/b/Adam_1:0, linear3/bn/beta/Adam:0, linear3/bn/beta/Adam_1:0, linear3/bn/gamma/Adam:0, linear3/bn/gamma/Adam_1:0
[32m[0329 11:57:34 @sessinit.py:219][0m Restoring from dict ...
[32m[0329 11:57:50 @prune.py:154][0m error: [0.17974322]
[32m[0329 11:57:50 @prune.py:124][0m On prune rate 0.1
[32m[0329 11:57:50 @drf_run.py:67][0m Not quantizing linear0/W
[32m[0329 11:57:50 @drf_run.py:67][0m Not quantizing linear0/b
[32m[0329 11:57:50 @drf_run.py:58][0m Not quantizing linear0/bn/beta
[32m[0329 11:57:50 @drf_run.py:58][0m Not quantizing linear0/bn/gamma
[32m[0329 11:57:50 @drf_run.py:58][0m Not quantizing linear0/bn/mean/EMA
[32m[0329 11:57:50 @drf_run.py:58][0m Not quantizing linear0/bn/variance/EMA
[32m[0329 11:57:50 @drf_run.py:70][0m Quantizing weight linear1/W
[32m[0329 11:57:50 @drf_run.py:70][0m Quantizing weight linear1/b
[32m[0329 11:57:50 @drf_run.py:58][0m Not quantizing linear1/bn/beta
[32m[0329 11:57:50 @drf_run.py:58][0m Not quantizing linear1/bn/gamma
[32m[0329 11:57:50 @drf_run.py:58][0m Not quantizing linear1/bn/mean/EMA
[32m[0329 11:57:50 @drf_run.py:58][0m Not quantizing linear1/bn/variance/EMA
[32m[0329 11:57:50 @drf_run.py:70][0m Quantizing weight linear2/W
[32m[0329 11:57:50 @drf_run.py:70][0m Quantizing weight linear2/b
[32m[0329 11:57:50 @drf_run.py:58][0m Not quantizing linear2/bn/beta
[32m[0329 11:57:50 @drf_run.py:58][0m Not quantizing linear2/bn/gamma
[32m[0329 11:57:50 @drf_run.py:58][0m Not quantizing linear2/bn/mean/EMA
[32m[0329 11:57:50 @drf_run.py:58][0m Not quantizing linear2/bn/variance/EMA
[32m[0329 11:57:50 @drf_run.py:70][0m Quantizing weight linear3/W
[32m[0329 11:57:50 @drf_run.py:70][0m Quantizing weight linear3/b
[32m[0329 11:57:50 @drf_run.py:58][0m Not quantizing linear3/bn/beta
[32m[0329 11:57:50 @drf_run.py:58][0m Not quantizing linear3/bn/gamma
[32m[0329 11:57:50 @drf_run.py:58][0m Not quantizing linear3/bn/mean/EMA
[32m[0329 11:57:50 @drf_run.py:58][0m Not quantizing linear3/bn/variance/EMA
[32m[0329 11:57:50 @drf_run.py:64][0m Not quantizing last_linear/W
[32m[0329 11:57:50 @drf_run.py:64][0m Not quantizing last_linear/b
[32m[0329 11:57:50 @drf_run.py:112][0m Adding activation tensors to summary: [<tf.Tensor 'linear0/bn/output:0' shape=(?, 256) dtype=float32>, <tf.Tensor 'linear1/bn/output:0' shape=(?, 256) dtype=float32>, <tf.Tensor 'linear2/bn/output:0' shape=(?, 256) dtype=float32>, <tf.Tensor 'linear3/bn/output:0' shape=(?, 256) dtype=float32>, <tf.Tensor 'last_linear/output:0' shape=(?, 255) dtype=float32>, <tf.Tensor 'output:0' shape=(?, 255) dtype=float32>]
[32m[0329 11:57:50 @drf_run.py:123][0m Parameter count: {'mults': 519936, 'weights': 520191}
[32m[0329 11:57:50 @collection.py:134][0m New collections created in : tf.GraphKeys.GLOBAL_STEP
[32m[0329 11:57:50 @sessinit.py:206][0m Variables to restore from dict: linear3/bn/beta:0, last_linear/W:0, linear0/bn/beta:0, linear1/W:0, linear1/bn/variance/EMA:0, linear1/bn/mean/EMA:0, linear2/bn/beta:0, linear0/bn/mean/EMA:0, linear1/bn/beta:0, linear3/W:0, linear0/b:0, linear2/W:0, global_step:0, linear3/b:0, linear1/bn/gamma:0, linear0/bn/gamma:0, linear0/bn/variance/EMA:0, linear2/bn/gamma:0, linear2/bn/variance/EMA:0, linear3/bn/gamma:0, linear2/b:0, linear3/bn/variance/EMA:0, linear2/bn/mean/EMA:0, linear3/bn/mean/EMA:0, last_linear/b:0, linear1/b:0, linear0/W:0
[32m[0329 11:57:50 @sessinit.py:89][0m [5m[31mWRN[0m The following variables are in the dict, but not found in the graph: EMA/QueueInput/queue_size/biased:0, EMA/QueueInput/queue_size/local_step:0, EMA/QueueInput/queue_size:0, EMA/cross_entropy_loss/biased:0, EMA/cross_entropy_loss/local_step:0, EMA/cross_entropy_loss:0, EMA/train-error-top1/biased:0, EMA/train-error-top1/local_step:0, EMA/train-error-top1:0, EMA/wd_cost/biased:0, EMA/wd_cost/local_step:0, EMA/wd_cost:0, beta1_power:0, beta2_power:0, last_linear/W/Adam:0, last_linear/W/Adam_1:0, last_linear/b/Adam:0, last_linear/b/Adam_1:0, linear0/W/Adam:0, linear0/W/Adam_1:0, linear0/b/Adam:0, linear0/b/Adam_1:0, linear0/bn/beta/Adam:0, linear0/bn/beta/Adam_1:0, linear0/bn/gamma/Adam:0, linear0/bn/gamma/Adam_1:0, linear1/W/Adam:0, linear1/W/Adam_1:0, linear1/b/Adam:0, linear1/b/Adam_1:0, linear1/bn/beta/Adam:0, linear1/bn/beta/Adam_1:0, linear1/bn/gamma/Adam:0, linear1/bn/gamma/Adam_1:0, linear2/W/Adam:0, linear2/W/Adam_1:0, linear2/b/Adam:0, linear2/b/Adam_1:0, linear2/bn/beta/Adam:0, linear2/bn/beta/Adam_1:0, linear2/bn/gamma/Adam:0, linear2/bn/gamma/Adam_1:0, linear3/W/Adam:0, linear3/W/Adam_1:0, linear3/b/Adam:0, linear3/b/Adam_1:0, linear3/bn/beta/Adam:0, linear3/bn/beta/Adam_1:0, linear3/bn/gamma/Adam:0, linear3/bn/gamma/Adam_1:0
[32m[0329 11:57:50 @sessinit.py:219][0m Restoring from dict ...
[32m[0329 11:58:06 @prune.py:154][0m error: [0.32667618]
[32m[0329 11:58:06 @prune.py:124][0m On prune rate 0.15
[32m[0329 11:58:06 @drf_run.py:67][0m Not quantizing linear0/W
[32m[0329 11:58:06 @drf_run.py:67][0m Not quantizing linear0/b
[32m[0329 11:58:06 @drf_run.py:58][0m Not quantizing linear0/bn/beta
[32m[0329 11:58:06 @drf_run.py:58][0m Not quantizing linear0/bn/gamma
[32m[0329 11:58:06 @drf_run.py:58][0m Not quantizing linear0/bn/mean/EMA
[32m[0329 11:58:06 @drf_run.py:58][0m Not quantizing linear0/bn/variance/EMA
[32m[0329 11:58:06 @drf_run.py:70][0m Quantizing weight linear1/W
[32m[0329 11:58:06 @drf_run.py:70][0m Quantizing weight linear1/b
[32m[0329 11:58:06 @drf_run.py:58][0m Not quantizing linear1/bn/beta
[32m[0329 11:58:06 @drf_run.py:58][0m Not quantizing linear1/bn/gamma
[32m[0329 11:58:06 @drf_run.py:58][0m Not quantizing linear1/bn/mean/EMA
[32m[0329 11:58:06 @drf_run.py:58][0m Not quantizing linear1/bn/variance/EMA
[32m[0329 11:58:06 @drf_run.py:70][0m Quantizing weight linear2/W
[32m[0329 11:58:06 @drf_run.py:70][0m Quantizing weight linear2/b
[32m[0329 11:58:06 @drf_run.py:58][0m Not quantizing linear2/bn/beta
[32m[0329 11:58:06 @drf_run.py:58][0m Not quantizing linear2/bn/gamma
[32m[0329 11:58:06 @drf_run.py:58][0m Not quantizing linear2/bn/mean/EMA
[32m[0329 11:58:06 @drf_run.py:58][0m Not quantizing linear2/bn/variance/EMA
[32m[0329 11:58:06 @drf_run.py:70][0m Quantizing weight linear3/W
[32m[0329 11:58:06 @drf_run.py:70][0m Quantizing weight linear3/b
[32m[0329 11:58:06 @drf_run.py:58][0m Not quantizing linear3/bn/beta
[32m[0329 11:58:06 @drf_run.py:58][0m Not quantizing linear3/bn/gamma
[32m[0329 11:58:06 @drf_run.py:58][0m Not quantizing linear3/bn/mean/EMA
[32m[0329 11:58:06 @drf_run.py:58][0m Not quantizing linear3/bn/variance/EMA
[32m[0329 11:58:06 @drf_run.py:64][0m Not quantizing last_linear/W
[32m[0329 11:58:06 @drf_run.py:64][0m Not quantizing last_linear/b
[32m[0329 11:58:06 @drf_run.py:112][0m Adding activation tensors to summary: [<tf.Tensor 'linear0/bn/output:0' shape=(?, 256) dtype=float32>, <tf.Tensor 'linear1/bn/output:0' shape=(?, 256) dtype=float32>, <tf.Tensor 'linear2/bn/output:0' shape=(?, 256) dtype=float32>, <tf.Tensor 'linear3/bn/output:0' shape=(?, 256) dtype=float32>, <tf.Tensor 'last_linear/output:0' shape=(?, 255) dtype=float32>, <tf.Tensor 'output:0' shape=(?, 255) dtype=float32>]
[32m[0329 11:58:06 @drf_run.py:123][0m Parameter count: {'mults': 519936, 'weights': 520191}
[32m[0329 11:58:06 @collection.py:134][0m New collections created in : tf.GraphKeys.GLOBAL_STEP
[32m[0329 11:58:06 @sessinit.py:206][0m Variables to restore from dict: linear3/bn/beta:0, last_linear/W:0, linear0/bn/beta:0, linear1/W:0, linear1/bn/variance/EMA:0, linear1/bn/mean/EMA:0, linear2/bn/beta:0, linear0/bn/mean/EMA:0, linear1/bn/beta:0, linear3/W:0, linear0/b:0, linear2/W:0, global_step:0, linear3/b:0, linear1/bn/gamma:0, linear0/bn/gamma:0, linear0/bn/variance/EMA:0, linear2/bn/gamma:0, linear2/bn/variance/EMA:0, linear3/bn/gamma:0, linear2/b:0, linear3/bn/variance/EMA:0, linear2/bn/mean/EMA:0, linear3/bn/mean/EMA:0, last_linear/b:0, linear1/b:0, linear0/W:0
[32m[0329 11:58:06 @sessinit.py:89][0m [5m[31mWRN[0m The following variables are in the dict, but not found in the graph: EMA/QueueInput/queue_size/biased:0, EMA/QueueInput/queue_size/local_step:0, EMA/QueueInput/queue_size:0, EMA/cross_entropy_loss/biased:0, EMA/cross_entropy_loss/local_step:0, EMA/cross_entropy_loss:0, EMA/train-error-top1/biased:0, EMA/train-error-top1/local_step:0, EMA/train-error-top1:0, EMA/wd_cost/biased:0, EMA/wd_cost/local_step:0, EMA/wd_cost:0, beta1_power:0, beta2_power:0, last_linear/W/Adam:0, last_linear/W/Adam_1:0, last_linear/b/Adam:0, last_linear/b/Adam_1:0, linear0/W/Adam:0, linear0/W/Adam_1:0, linear0/b/Adam:0, linear0/b/Adam_1:0, linear0/bn/beta/Adam:0, linear0/bn/beta/Adam_1:0, linear0/bn/gamma/Adam:0, linear0/bn/gamma/Adam_1:0, linear1/W/Adam:0, linear1/W/Adam_1:0, linear1/b/Adam:0, linear1/b/Adam_1:0, linear1/bn/beta/Adam:0, linear1/bn/beta/Adam_1:0, linear1/bn/gamma/Adam:0, linear1/bn/gamma/Adam_1:0, linear2/W/Adam:0, linear2/W/Adam_1:0, linear2/b/Adam:0, linear2/b/Adam_1:0, linear2/bn/beta/Adam:0, linear2/bn/beta/Adam_1:0, linear2/bn/gamma/Adam:0, linear2/bn/gamma/Adam_1:0, linear3/W/Adam:0, linear3/W/Adam_1:0, linear3/b/Adam:0, linear3/b/Adam_1:0, linear3/bn/beta/Adam:0, linear3/bn/beta/Adam_1:0, linear3/bn/gamma/Adam:0, linear3/bn/gamma/Adam_1:0
[32m[0329 11:58:06 @sessinit.py:219][0m Restoring from dict ...
[32m[0329 11:58:22 @prune.py:154][0m error: [0.510699]
[32m[0329 11:58:22 @prune.py:124][0m On prune rate 0.25
[32m[0329 11:58:22 @drf_run.py:67][0m Not quantizing linear0/W
[32m[0329 11:58:22 @drf_run.py:67][0m Not quantizing linear0/b
[32m[0329 11:58:22 @drf_run.py:58][0m Not quantizing linear0/bn/beta
[32m[0329 11:58:22 @drf_run.py:58][0m Not quantizing linear0/bn/gamma
[32m[0329 11:58:22 @drf_run.py:58][0m Not quantizing linear0/bn/mean/EMA
[32m[0329 11:58:22 @drf_run.py:58][0m Not quantizing linear0/bn/variance/EMA
[32m[0329 11:58:22 @drf_run.py:70][0m Quantizing weight linear1/W
[32m[0329 11:58:22 @drf_run.py:70][0m Quantizing weight linear1/b
[32m[0329 11:58:22 @drf_run.py:58][0m Not quantizing linear1/bn/beta
[32m[0329 11:58:22 @drf_run.py:58][0m Not quantizing linear1/bn/gamma
[32m[0329 11:58:22 @drf_run.py:58][0m Not quantizing linear1/bn/mean/EMA
[32m[0329 11:58:22 @drf_run.py:58][0m Not quantizing linear1/bn/variance/EMA
[32m[0329 11:58:22 @drf_run.py:70][0m Quantizing weight linear2/W
[32m[0329 11:58:22 @drf_run.py:70][0m Quantizing weight linear2/b
[32m[0329 11:58:22 @drf_run.py:58][0m Not quantizing linear2/bn/beta
[32m[0329 11:58:22 @drf_run.py:58][0m Not quantizing linear2/bn/gamma
[32m[0329 11:58:22 @drf_run.py:58][0m Not quantizing linear2/bn/mean/EMA
[32m[0329 11:58:22 @drf_run.py:58][0m Not quantizing linear2/bn/variance/EMA
[32m[0329 11:58:22 @drf_run.py:70][0m Quantizing weight linear3/W
[32m[0329 11:58:22 @drf_run.py:70][0m Quantizing weight linear3/b
[32m[0329 11:58:22 @drf_run.py:58][0m Not quantizing linear3/bn/beta
[32m[0329 11:58:22 @drf_run.py:58][0m Not quantizing linear3/bn/gamma
[32m[0329 11:58:22 @drf_run.py:58][0m Not quantizing linear3/bn/mean/EMA
[32m[0329 11:58:22 @drf_run.py:58][0m Not quantizing linear3/bn/variance/EMA
[32m[0329 11:58:22 @drf_run.py:64][0m Not quantizing last_linear/W
[32m[0329 11:58:22 @drf_run.py:64][0m Not quantizing last_linear/b
[32m[0329 11:58:22 @drf_run.py:112][0m Adding activation tensors to summary: [<tf.Tensor 'linear0/bn/output:0' shape=(?, 256) dtype=float32>, <tf.Tensor 'linear1/bn/output:0' shape=(?, 256) dtype=float32>, <tf.Tensor 'linear2/bn/output:0' shape=(?, 256) dtype=float32>, <tf.Tensor 'linear3/bn/output:0' shape=(?, 256) dtype=float32>, <tf.Tensor 'last_linear/output:0' shape=(?, 255) dtype=float32>, <tf.Tensor 'output:0' shape=(?, 255) dtype=float32>]
[32m[0329 11:58:22 @drf_run.py:123][0m Parameter count: {'mults': 519936, 'weights': 520191}
[32m[0329 11:58:22 @collection.py:134][0m New collections created in : tf.GraphKeys.GLOBAL_STEP
[32m[0329 11:58:23 @sessinit.py:206][0m Variables to restore from dict: linear3/bn/beta:0, last_linear/W:0, linear0/bn/beta:0, linear1/W:0, linear1/bn/variance/EMA:0, linear1/bn/mean/EMA:0, linear2/bn/beta:0, linear0/bn/mean/EMA:0, linear1/bn/beta:0, linear3/W:0, linear0/b:0, linear2/W:0, global_step:0, linear3/b:0, linear1/bn/gamma:0, linear0/bn/gamma:0, linear0/bn/variance/EMA:0, linear2/bn/gamma:0, linear2/bn/variance/EMA:0, linear3/bn/gamma:0, linear2/b:0, linear3/bn/variance/EMA:0, linear2/bn/mean/EMA:0, linear3/bn/mean/EMA:0, last_linear/b:0, linear1/b:0, linear0/W:0
[32m[0329 11:58:23 @sessinit.py:89][0m [5m[31mWRN[0m The following variables are in the dict, but not found in the graph: EMA/QueueInput/queue_size/biased:0, EMA/QueueInput/queue_size/local_step:0, EMA/QueueInput/queue_size:0, EMA/cross_entropy_loss/biased:0, EMA/cross_entropy_loss/local_step:0, EMA/cross_entropy_loss:0, EMA/train-error-top1/biased:0, EMA/train-error-top1/local_step:0, EMA/train-error-top1:0, EMA/wd_cost/biased:0, EMA/wd_cost/local_step:0, EMA/wd_cost:0, beta1_power:0, beta2_power:0, last_linear/W/Adam:0, last_linear/W/Adam_1:0, last_linear/b/Adam:0, last_linear/b/Adam_1:0, linear0/W/Adam:0, linear0/W/Adam_1:0, linear0/b/Adam:0, linear0/b/Adam_1:0, linear0/bn/beta/Adam:0, linear0/bn/beta/Adam_1:0, linear0/bn/gamma/Adam:0, linear0/bn/gamma/Adam_1:0, linear1/W/Adam:0, linear1/W/Adam_1:0, linear1/b/Adam:0, linear1/b/Adam_1:0, linear1/bn/beta/Adam:0, linear1/bn/beta/Adam_1:0, linear1/bn/gamma/Adam:0, linear1/bn/gamma/Adam_1:0, linear2/W/Adam:0, linear2/W/Adam_1:0, linear2/b/Adam:0, linear2/b/Adam_1:0, linear2/bn/beta/Adam:0, linear2/bn/beta/Adam_1:0, linear2/bn/gamma/Adam:0, linear2/bn/gamma/Adam_1:0, linear3/W/Adam:0, linear3/W/Adam_1:0, linear3/b/Adam:0, linear3/b/Adam_1:0, linear3/bn/beta/Adam:0, linear3/bn/beta/Adam_1:0, linear3/bn/gamma/Adam:0, linear3/bn/gamma/Adam_1:0
[32m[0329 11:58:23 @sessinit.py:219][0m Restoring from dict ...
[32m[0329 11:58:38 @prune.py:154][0m error: [0.87018545]
[32m[0329 11:58:38 @prune.py:124][0m On prune rate 0.5
[32m[0329 11:58:39 @drf_run.py:67][0m Not quantizing linear0/W
[32m[0329 11:58:39 @drf_run.py:67][0m Not quantizing linear0/b
[32m[0329 11:58:39 @drf_run.py:58][0m Not quantizing linear0/bn/beta
[32m[0329 11:58:39 @drf_run.py:58][0m Not quantizing linear0/bn/gamma
[32m[0329 11:58:39 @drf_run.py:58][0m Not quantizing linear0/bn/mean/EMA
[32m[0329 11:58:39 @drf_run.py:58][0m Not quantizing linear0/bn/variance/EMA
[32m[0329 11:58:39 @drf_run.py:70][0m Quantizing weight linear1/W
[32m[0329 11:58:39 @drf_run.py:70][0m Quantizing weight linear1/b
[32m[0329 11:58:39 @drf_run.py:58][0m Not quantizing linear1/bn/beta
[32m[0329 11:58:39 @drf_run.py:58][0m Not quantizing linear1/bn/gamma
[32m[0329 11:58:39 @drf_run.py:58][0m Not quantizing linear1/bn/mean/EMA
[32m[0329 11:58:39 @drf_run.py:58][0m Not quantizing linear1/bn/variance/EMA
[32m[0329 11:58:39 @drf_run.py:70][0m Quantizing weight linear2/W
[32m[0329 11:58:39 @drf_run.py:70][0m Quantizing weight linear2/b
[32m[0329 11:58:39 @drf_run.py:58][0m Not quantizing linear2/bn/beta
[32m[0329 11:58:39 @drf_run.py:58][0m Not quantizing linear2/bn/gamma
[32m[0329 11:58:39 @drf_run.py:58][0m Not quantizing linear2/bn/mean/EMA
[32m[0329 11:58:39 @drf_run.py:58][0m Not quantizing linear2/bn/variance/EMA
[32m[0329 11:58:39 @drf_run.py:70][0m Quantizing weight linear3/W
[32m[0329 11:58:39 @drf_run.py:70][0m Quantizing weight linear3/b
[32m[0329 11:58:39 @drf_run.py:58][0m Not quantizing linear3/bn/beta
[32m[0329 11:58:39 @drf_run.py:58][0m Not quantizing linear3/bn/gamma
[32m[0329 11:58:39 @drf_run.py:58][0m Not quantizing linear3/bn/mean/EMA
[32m[0329 11:58:39 @drf_run.py:58][0m Not quantizing linear3/bn/variance/EMA
[32m[0329 11:58:39 @drf_run.py:64][0m Not quantizing last_linear/W
[32m[0329 11:58:39 @drf_run.py:64][0m Not quantizing last_linear/b
[32m[0329 11:58:39 @drf_run.py:112][0m Adding activation tensors to summary: [<tf.Tensor 'linear0/bn/output:0' shape=(?, 256) dtype=float32>, <tf.Tensor 'linear1/bn/output:0' shape=(?, 256) dtype=float32>, <tf.Tensor 'linear2/bn/output:0' shape=(?, 256) dtype=float32>, <tf.Tensor 'linear3/bn/output:0' shape=(?, 256) dtype=float32>, <tf.Tensor 'last_linear/output:0' shape=(?, 255) dtype=float32>, <tf.Tensor 'output:0' shape=(?, 255) dtype=float32>]
[32m[0329 11:58:39 @drf_run.py:123][0m Parameter count: {'mults': 519936, 'weights': 520191}
[32m[0329 11:58:39 @collection.py:134][0m New collections created in : tf.GraphKeys.GLOBAL_STEP
[32m[0329 11:58:39 @sessinit.py:206][0m Variables to restore from dict: linear3/bn/beta:0, last_linear/W:0, linear0/bn/beta:0, linear1/W:0, linear1/bn/variance/EMA:0, linear1/bn/mean/EMA:0, linear2/bn/beta:0, linear0/bn/mean/EMA:0, linear1/bn/beta:0, linear3/W:0, linear0/b:0, linear2/W:0, global_step:0, linear3/b:0, linear1/bn/gamma:0, linear0/bn/gamma:0, linear0/bn/variance/EMA:0, linear2/bn/gamma:0, linear2/bn/variance/EMA:0, linear3/bn/gamma:0, linear2/b:0, linear3/bn/variance/EMA:0, linear2/bn/mean/EMA:0, linear3/bn/mean/EMA:0, last_linear/b:0, linear1/b:0, linear0/W:0
[32m[0329 11:58:39 @sessinit.py:89][0m [5m[31mWRN[0m The following variables are in the dict, but not found in the graph: EMA/QueueInput/queue_size/biased:0, EMA/QueueInput/queue_size/local_step:0, EMA/QueueInput/queue_size:0, EMA/cross_entropy_loss/biased:0, EMA/cross_entropy_loss/local_step:0, EMA/cross_entropy_loss:0, EMA/train-error-top1/biased:0, EMA/train-error-top1/local_step:0, EMA/train-error-top1:0, EMA/wd_cost/biased:0, EMA/wd_cost/local_step:0, EMA/wd_cost:0, beta1_power:0, beta2_power:0, last_linear/W/Adam:0, last_linear/W/Adam_1:0, last_linear/b/Adam:0, last_linear/b/Adam_1:0, linear0/W/Adam:0, linear0/W/Adam_1:0, linear0/b/Adam:0, linear0/b/Adam_1:0, linear0/bn/beta/Adam:0, linear0/bn/beta/Adam_1:0, linear0/bn/gamma/Adam:0, linear0/bn/gamma/Adam_1:0, linear1/W/Adam:0, linear1/W/Adam_1:0, linear1/b/Adam:0, linear1/b/Adam_1:0, linear1/bn/beta/Adam:0, linear1/bn/beta/Adam_1:0, linear1/bn/gamma/Adam:0, linear1/bn/gamma/Adam_1:0, linear2/W/Adam:0, linear2/W/Adam_1:0, linear2/b/Adam:0, linear2/b/Adam_1:0, linear2/bn/beta/Adam:0, linear2/bn/beta/Adam_1:0, linear2/bn/gamma/Adam:0, linear2/bn/gamma/Adam_1:0, linear3/W/Adam:0, linear3/W/Adam_1:0, linear3/b/Adam:0, linear3/b/Adam_1:0, linear3/bn/beta/Adam:0, linear3/bn/beta/Adam_1:0, linear3/bn/gamma/Adam:0, linear3/bn/gamma/Adam_1:0
[32m[0329 11:58:39 @sessinit.py:219][0m Restoring from dict ...
[32m[0329 11:58:57 @prune.py:154][0m error: [0.99001427]
[32m[0329 11:58:57 @prune.py:156][0m Errors:[0.10271041369472182, 0.10271041369472182, 0.10556348074179743, 0.11697574893009986, 0.1797432239657632, 0.32667617689015693, 0.5106990014265336, 0.8701854493580599, 0.9900142653352354]
[32m[0329 11:58:57 @prune.py:157][0m Sparsities:[0.0, 0.0009899945320069453, 0.004988344541120267, 0.009982444864403365, 0.049975537925807965, 0.09997985476243008, 0.14998800878716076, 0.24999856105445928, 0.49999904070297285]
