[32m[0319 10:06:30 @logger.py:74][0m Argv: /data/sls/u/meng/skanda/home/envs/tf2cpu/lib/python2.7/site-packages/ipykernel_launcher.py -f /run/user/23571/jupyter/kernel-d9b38ed2-f812-4b78-bd71-db1e8311ec5c.json
[32m[0319 10:06:39 @registry.py:122][0m conv0 input: [None, 50, 20, 1]
[32m[0319 10:06:39 @registry.py:130][0m conv0 output: [None, 10, 4, 6]
[32m[0319 10:06:39 @rsr_run.py:129][0m Parameter count: {'mults': 263792, 'weights': 258971}
[32m[0319 10:06:39 @sessinit.py:206][0m Variables to restore from dict: last_linear/b:0, last_linear/W:0, conv0/b:0, linear1/b:0, conv0/W:0, linear0/b:0, linear2/W:0, linear2/b:0, linear1/W:0, linear0/W:0
[32m[0319 10:06:39 @sessinit.py:89][0m [5m[31mWRN[0m The following variables are in the dict, but not found in the graph: global_step:0
[32m[0319 10:06:39 @sessinit.py:219][0m Restoring from dict ...
[32m[0319 10:06:42 @rsr_run.py:129][0m Parameter count: {'mults': 263792, 'weights': 258971}
[32m[0319 10:06:42 @sessinit.py:206][0m Variables to restore from dict: last_linear/b:0, last_linear/W:0, conv0/b:0, linear1/b:0, conv0/W:0, linear0/b:0, linear2/W:0, linear2/b:0, linear1/W:0, linear0/W:0
[32m[0319 10:06:42 @sessinit.py:89][0m [5m[31mWRN[0m The following variables are in the dict, but not found in the graph: global_step:0
[32m[0319 10:06:42 @sessinit.py:219][0m Restoring from dict ...
[32m[0319 10:06:45 @rsr_run.py:129][0m Parameter count: {'mults': 263792, 'weights': 258971}
[32m[0319 10:06:45 @sessinit.py:206][0m Variables to restore from dict: last_linear/b:0, last_linear/W:0, conv0/b:0, linear1/b:0, conv0/W:0, linear0/b:0, linear2/W:0, linear2/b:0, linear1/W:0, linear0/W:0
[32m[0319 10:06:45 @sessinit.py:89][0m [5m[31mWRN[0m The following variables are in the dict, but not found in the graph: global_step:0
[32m[0319 10:06:45 @sessinit.py:219][0m Restoring from dict ...
[32m[0319 10:06:48 @rsr_run.py:129][0m Parameter count: {'mults': 263792, 'weights': 258971}
[32m[0319 10:06:48 @sessinit.py:206][0m Variables to restore from dict: last_linear/b:0, last_linear/W:0, conv0/b:0, linear1/b:0, conv0/W:0, linear0/b:0, linear2/W:0, linear2/b:0, linear1/W:0, linear0/W:0
[32m[0319 10:06:48 @sessinit.py:89][0m [5m[31mWRN[0m The following variables are in the dict, but not found in the graph: global_step:0
[32m[0319 10:06:48 @sessinit.py:219][0m Restoring from dict ...
[32m[0319 10:06:51 @rsr_run.py:129][0m Parameter count: {'mults': 263792, 'weights': 258971}
[32m[0319 10:06:51 @sessinit.py:206][0m Variables to restore from dict: last_linear/b:0, last_linear/W:0, conv0/b:0, linear1/b:0, conv0/W:0, linear0/b:0, linear2/W:0, linear2/b:0, linear1/W:0, linear0/W:0
[32m[0319 10:06:51 @sessinit.py:89][0m [5m[31mWRN[0m The following variables are in the dict, but not found in the graph: global_step:0
[32m[0319 10:06:51 @sessinit.py:219][0m Restoring from dict ...
[32m[0319 10:06:54 @rsr_run.py:129][0m Parameter count: {'mults': 263792, 'weights': 258971}
[32m[0319 10:06:54 @sessinit.py:206][0m Variables to restore from dict: last_linear/b:0, last_linear/W:0, conv0/b:0, linear1/b:0, conv0/W:0, linear0/b:0, linear2/W:0, linear2/b:0, linear1/W:0, linear0/W:0
[32m[0319 10:06:54 @sessinit.py:89][0m [5m[31mWRN[0m The following variables are in the dict, but not found in the graph: global_step:0
[32m[0319 10:06:54 @sessinit.py:219][0m Restoring from dict ...
[32m[0319 10:06:57 @rsr_run.py:129][0m Parameter count: {'mults': 263792, 'weights': 258971}
[32m[0319 10:06:57 @sessinit.py:206][0m Variables to restore from dict: last_linear/b:0, last_linear/W:0, conv0/b:0, linear1/b:0, conv0/W:0, linear0/b:0, linear2/W:0, linear2/b:0, linear1/W:0, linear0/W:0
[32m[0319 10:06:57 @sessinit.py:89][0m [5m[31mWRN[0m The following variables are in the dict, but not found in the graph: global_step:0
[32m[0319 10:06:57 @sessinit.py:219][0m Restoring from dict ...
