[32m[0319 10:09:16 @logger.py:74][0m Argv: /data/sls/u/meng/skanda/home/envs/tf2cpu/lib/python2.7/site-packages/ipykernel_launcher.py -f /run/user/23571/jupyter/kernel-d9b38ed2-f812-4b78-bd71-db1e8311ec5c.json
[32m[0319 10:09:19 @rsr_run.py:129][0m Parameter count: {'mults': 517888, 'weights': 519167}
[32m[0319 10:09:19 @sessinit.py:206][0m Variables to restore from dict: last_linear/b:0, linear0/b:0, linear1/b:0, linear3/W:0, last_linear/W:0, linear2/W:0, linear2/b:0, linear1/W:0, linear3/b:0, linear0/W:0
[32m[0319 10:09:19 @sessinit.py:89][0m [5m[31mWRN[0m The following variables are in the dict, but not found in the graph: global_step:0
[32m[0319 10:09:19 @sessinit.py:219][0m Restoring from dict ...
[32m[0319 10:09:22 @rsr_run.py:129][0m Parameter count: {'mults': 517888, 'weights': 519167}
[32m[0319 10:09:22 @sessinit.py:206][0m Variables to restore from dict: last_linear/b:0, linear0/b:0, linear1/b:0, linear3/W:0, last_linear/W:0, linear2/W:0, linear2/b:0, linear1/W:0, linear3/b:0, linear0/W:0
[32m[0319 10:09:22 @sessinit.py:89][0m [5m[31mWRN[0m The following variables are in the dict, but not found in the graph: global_step:0
[32m[0319 10:09:22 @sessinit.py:219][0m Restoring from dict ...
[32m[0319 10:09:26 @rsr_run.py:129][0m Parameter count: {'mults': 517888, 'weights': 519167}
[32m[0319 10:09:26 @sessinit.py:206][0m Variables to restore from dict: last_linear/b:0, linear0/b:0, linear1/b:0, linear3/W:0, last_linear/W:0, linear2/W:0, linear2/b:0, linear1/W:0, linear3/b:0, linear0/W:0
[32m[0319 10:09:26 @sessinit.py:89][0m [5m[31mWRN[0m The following variables are in the dict, but not found in the graph: global_step:0
[32m[0319 10:09:26 @sessinit.py:219][0m Restoring from dict ...
[32m[0319 10:09:29 @rsr_run.py:129][0m Parameter count: {'mults': 517888, 'weights': 519167}
[32m[0319 10:09:29 @sessinit.py:206][0m Variables to restore from dict: last_linear/b:0, linear0/b:0, linear1/b:0, linear3/W:0, last_linear/W:0, linear2/W:0, linear2/b:0, linear1/W:0, linear3/b:0, linear0/W:0
[32m[0319 10:09:29 @sessinit.py:89][0m [5m[31mWRN[0m The following variables are in the dict, but not found in the graph: global_step:0
[32m[0319 10:09:29 @sessinit.py:219][0m Restoring from dict ...
[32m[0319 10:09:32 @rsr_run.py:129][0m Parameter count: {'mults': 517888, 'weights': 519167}
[32m[0319 10:09:32 @sessinit.py:206][0m Variables to restore from dict: last_linear/b:0, linear0/b:0, linear1/b:0, linear3/W:0, last_linear/W:0, linear2/W:0, linear2/b:0, linear1/W:0, linear3/b:0, linear0/W:0
[32m[0319 10:09:32 @sessinit.py:89][0m [5m[31mWRN[0m The following variables are in the dict, but not found in the graph: global_step:0
[32m[0319 10:09:32 @sessinit.py:219][0m Restoring from dict ...
[32m[0319 10:09:36 @rsr_run.py:129][0m Parameter count: {'mults': 517888, 'weights': 519167}
[32m[0319 10:09:36 @sessinit.py:206][0m Variables to restore from dict: last_linear/b:0, linear0/b:0, linear1/b:0, linear3/W:0, last_linear/W:0, linear2/W:0, linear2/b:0, linear1/W:0, linear3/b:0, linear0/W:0
[32m[0319 10:09:36 @sessinit.py:89][0m [5m[31mWRN[0m The following variables are in the dict, but not found in the graph: global_step:0
[32m[0319 10:09:36 @sessinit.py:219][0m Restoring from dict ...
[32m[0319 10:09:39 @rsr_run.py:129][0m Parameter count: {'mults': 517888, 'weights': 519167}
[32m[0319 10:09:39 @sessinit.py:206][0m Variables to restore from dict: last_linear/b:0, linear0/b:0, linear1/b:0, linear3/W:0, last_linear/W:0, linear2/W:0, linear2/b:0, linear1/W:0, linear3/b:0, linear0/W:0
[32m[0319 10:09:39 @sessinit.py:89][0m [5m[31mWRN[0m The following variables are in the dict, but not found in the graph: global_step:0
[32m[0319 10:09:39 @sessinit.py:219][0m Restoring from dict ...
[32m[0319 10:09:43 @rsr_run.py:129][0m Parameter count: {'mults': 517888, 'weights': 519167}
[32m[0319 10:09:43 @sessinit.py:206][0m Variables to restore from dict: last_linear/b:0, linear0/b:0, linear1/b:0, linear3/W:0, last_linear/W:0, linear2/W:0, linear2/b:0, linear1/W:0, linear3/b:0, linear0/W:0
[32m[0319 10:09:43 @sessinit.py:89][0m [5m[31mWRN[0m The following variables are in the dict, but not found in the graph: global_step:0
[32m[0319 10:09:43 @sessinit.py:219][0m Restoring from dict ...
[32m[0319 10:09:46 @rsr_run.py:129][0m Parameter count: {'mults': 517888, 'weights': 519167}
[32m[0319 10:09:46 @sessinit.py:206][0m Variables to restore from dict: last_linear/b:0, linear0/b:0, linear1/b:0, linear3/W:0, last_linear/W:0, linear2/W:0, linear2/b:0, linear1/W:0, linear3/b:0, linear0/W:0
[32m[0319 10:09:46 @sessinit.py:89][0m [5m[31mWRN[0m The following variables are in the dict, but not found in the graph: global_step:0
[32m[0319 10:09:46 @sessinit.py:219][0m Restoring from dict ...
[32m[0319 10:09:50 @rsr_run.py:129][0m Parameter count: {'mults': 517888, 'weights': 519167}
[32m[0319 10:09:50 @sessinit.py:206][0m Variables to restore from dict: last_linear/b:0, linear0/b:0, linear1/b:0, linear3/W:0, last_linear/W:0, linear2/W:0, linear2/b:0, linear1/W:0, linear3/b:0, linear0/W:0
[32m[0319 10:09:50 @sessinit.py:89][0m [5m[31mWRN[0m The following variables are in the dict, but not found in the graph: global_step:0
[32m[0319 10:09:50 @sessinit.py:219][0m Restoring from dict ...
[32m[0319 10:09:54 @rsr_run.py:129][0m Parameter count: {'mults': 517888, 'weights': 519167}
[32m[0319 10:09:54 @sessinit.py:206][0m Variables to restore from dict: last_linear/b:0, linear0/b:0, linear1/b:0, linear3/W:0, last_linear/W:0, linear2/W:0, linear2/b:0, linear1/W:0, linear3/b:0, linear0/W:0
[32m[0319 10:09:54 @sessinit.py:89][0m [5m[31mWRN[0m The following variables are in the dict, but not found in the graph: global_step:0
[32m[0319 10:09:54 @sessinit.py:219][0m Restoring from dict ...
