[32m[0228 22:07:43 @logger.py:74][0m Argv: remove_batchnorm.py
[32m[0228 22:07:43 @registry.py:122][0m conv0a input: [None, 10, 10, 1]
[32m[0228 22:07:43 @registry.py:130][0m conv0a output: [None, 1, 1, 25]
[32m[0228 22:07:43 @registry.py:122][0m conv0b input: [None, 10, 10, 1]
[32m[0228 22:07:43 @registry.py:130][0m conv0b output: [None, 1, 1, 25]
[32m[0228 22:07:43 @registry.py:122][0m conv0c input: [None, 10, 10, 1]
[32m[0228 22:07:43 @registry.py:130][0m conv0c output: [None, 1, 1, 25]
[32m[0228 22:07:43 @registry.py:122][0m conv0d input: [None, 10, 10, 1]
[32m[0228 22:07:43 @registry.py:130][0m conv0d output: [None, 1, 1, 25]
[32m[0228 22:07:43 @registry.py:122][0m conv0e input: [None, 10, 10, 1]
[32m[0228 22:07:43 @registry.py:130][0m conv0e output: [None, 1, 1, 25]
[32m[0228 22:07:43 @registry.py:122][0m conv0f input: [None, 10, 10, 1]
[32m[0228 22:07:43 @registry.py:130][0m conv0f output: [None, 1, 1, 25]
[32m[0228 22:07:43 @registry.py:122][0m conv0g input: [None, 10, 10, 1]
[32m[0228 22:07:43 @registry.py:130][0m conv0g output: [None, 1, 1, 25]
[32m[0228 22:07:43 @registry.py:122][0m conv0h input: [None, 10, 10, 1]
[32m[0228 22:07:43 @registry.py:130][0m conv0h output: [None, 1, 1, 25]
[32m[0228 22:07:43 @registry.py:122][0m conv0i input: [None, 10, 10, 1]
[32m[0228 22:07:43 @registry.py:130][0m conv0i output: [None, 1, 1, 25]
[32m[0228 22:07:43 @registry.py:122][0m conv0j input: [None, 10, 10, 1]
[32m[0228 22:07:43 @registry.py:130][0m conv0j output: [None, 1, 1, 25]
[32m[0228 22:07:43 @registry.py:122][0m linear1 input: [None, 10, 1, 25]
[32m[0228 22:07:43 @registry.py:130][0m linear1 output: [None, 256]
[32m[0228 22:07:43 @registry.py:122][0m linear2 input: [None, 256]
[32m[0228 22:07:43 @registry.py:130][0m linear2 output: [None, 256]
[32m[0228 22:07:43 @registry.py:122][0m linear3 input: [None, 256]
[32m[0228 22:07:43 @registry.py:130][0m linear3 output: [None, 256]
[32m[0228 22:07:43 @registry.py:122][0m last_linear input: [None, 256]
[32m[0228 22:07:43 @registry.py:130][0m last_linear output: [None, 255]
[32m[0228 22:07:43 @rsr_run.py:126][0m Parameter count: {'mults': 0, 'weights': 0}
[32m[0228 22:07:43 @sessinit.py:206][0m Variables to restore from dict: conv0h/b:0, last_linear/W:0, conv0g/b:0, linear1/W:0, conv0i/b:0, conv0e/b:0, conv0c/b:0, conv0a/b:0, conv0b/W:0, linear3/W:0, linear2/W:0, global_step:0, linear3/b:0, conv0f/W:0, conv0a/W:0, conv0e/W:0, linear2/b:0, conv0h/W:0, conv0i/W:0, conv0b/b:0, last_linear/b:0, linear1/b:0, conv0g/W:0, conv0f/b:0, conv0c/W:0, conv0d/W:0, conv0d/b:0, conv0j/b:0, conv0j/W:0
[32m[0228 22:07:43 @sessinit.py:89][0m [5m[31mWRN[0m The following variables are in the dict, but not found in the graph: EMA/QueueInput/queue_size/biased:0, EMA/QueueInput/queue_size/local_step:0, EMA/QueueInput/queue_size:0, EMA/cross_entropy_loss/biased:0, EMA/cross_entropy_loss/local_step:0, EMA/cross_entropy_loss:0, EMA/train-error-top1/biased:0, EMA/train-error-top1/local_step:0, EMA/train-error-top1:0, EMA/wd_cost/biased:0, EMA/wd_cost/local_step:0, EMA/wd_cost:0, beta1_power:0, beta2_power:0
[32m[0228 22:07:43 @sessinit.py:219][0m Restoring from dict ...
[32m[0228 22:07:43 @collection.py:134][0m New collections created in : tf.GraphKeys.SAVERS, tf.GraphKeys.GLOBAL_STEP
[32m[0228 22:07:44 @rsr_run.py:126][0m Parameter count: {'mults': 0, 'weights': 0}
[32m[0228 22:07:44 @collection.py:134][0m New collections created in : tf.GraphKeys.GLOBAL_STEP
[32m[0228 22:07:44 @sessinit.py:116][0m Restoring checkpoint from no_bn_models/lcn/model-0 ...
[32m[0228 22:07:44 @develop.py:85][0m [5m[31mWRN[0m [Deprecated] Calling a predictor with one datapoint will be deprecated after 01 Mar. Call it with positional arguments instead!
[32m[0228 22:07:48 @remove_batchnorm.py:139][0m Final cumulative utt accuracy after 1000 steps: [0.124]
