[32m[0409 11:21:57 @logger.py:74][0m Argv: prune.py --model=fcn1 --bitw=4 --bita=32 --quant_ends=False --dorefa=True
[32m[0409 11:21:57 @prune.py:113][0m 18822 utterances per val epoch
[32m[0409 11:21:57 @prune.py:114][0m Using host: sls-520-0
[32m[0409 11:21:57 @prune.py:124][0m On prune rate 0
[32m[0409 11:21:58 @registry.py:122][0m linear0 input: [None, 1000]
[32m[0409 11:21:58 @drf_run.py:67][0m Not quantizing linear0/W
[32m[0409 11:21:58 @drf_run.py:67][0m Not quantizing linear0/b
[32m[0409 11:21:58 @drf_run.py:58][0m Not quantizing linear0/bn/beta
[32m[0409 11:21:58 @drf_run.py:58][0m Not quantizing linear0/bn/gamma
[32m[0409 11:21:58 @drf_run.py:58][0m Not quantizing linear0/bn/mean/EMA
[32m[0409 11:21:58 @drf_run.py:58][0m Not quantizing linear0/bn/variance/EMA
[32m[0409 11:21:58 @registry.py:130][0m linear0 output: [None, 256]
[32m[0409 11:21:58 @registry.py:122][0m linear1 input: [None, 256]
[32m[0409 11:21:58 @drf_run.py:70][0m Quantizing weight linear1/W
[32m[0409 11:21:58 @drf_run.py:70][0m Quantizing weight linear1/b
[32m[0409 11:21:58 @drf_run.py:58][0m Not quantizing linear1/bn/beta
[32m[0409 11:21:58 @drf_run.py:58][0m Not quantizing linear1/bn/gamma
[32m[0409 11:21:58 @drf_run.py:58][0m Not quantizing linear1/bn/mean/EMA
[32m[0409 11:21:58 @drf_run.py:58][0m Not quantizing linear1/bn/variance/EMA
[32m[0409 11:21:58 @registry.py:130][0m linear1 output: [None, 256]
[32m[0409 11:21:58 @registry.py:122][0m linear2 input: [None, 256]
[32m[0409 11:21:58 @drf_run.py:70][0m Quantizing weight linear2/W
[32m[0409 11:21:58 @drf_run.py:70][0m Quantizing weight linear2/b
[32m[0409 11:21:58 @drf_run.py:58][0m Not quantizing linear2/bn/beta
[32m[0409 11:21:58 @drf_run.py:58][0m Not quantizing linear2/bn/gamma
[32m[0409 11:21:58 @drf_run.py:58][0m Not quantizing linear2/bn/mean/EMA
[32m[0409 11:21:58 @drf_run.py:58][0m Not quantizing linear2/bn/variance/EMA
[32m[0409 11:21:58 @registry.py:130][0m linear2 output: [None, 256]
[32m[0409 11:21:58 @registry.py:122][0m linear3 input: [None, 256]
[32m[0409 11:21:58 @drf_run.py:70][0m Quantizing weight linear3/W
[32m[0409 11:21:58 @drf_run.py:70][0m Quantizing weight linear3/b
[32m[0409 11:21:58 @drf_run.py:58][0m Not quantizing linear3/bn/beta
[32m[0409 11:21:58 @drf_run.py:58][0m Not quantizing linear3/bn/gamma
[32m[0409 11:21:58 @drf_run.py:58][0m Not quantizing linear3/bn/mean/EMA
[32m[0409 11:21:58 @drf_run.py:58][0m Not quantizing linear3/bn/variance/EMA
[32m[0409 11:21:58 @registry.py:130][0m linear3 output: [None, 256]
[32m[0409 11:21:58 @registry.py:122][0m last_linear input: [None, 256]
[32m[0409 11:21:58 @drf_run.py:64][0m Not quantizing last_linear/W
[32m[0409 11:21:58 @drf_run.py:64][0m Not quantizing last_linear/b
[32m[0409 11:21:58 @registry.py:130][0m last_linear output: [None, 255]
[32m[0409 11:21:58 @drf_run.py:112][0m Adding activation tensors to summary: [<tf.Tensor 'linear0/bn/output:0' shape=(?, 256) dtype=float32>, <tf.Tensor 'linear1/bn/output:0' shape=(?, 256) dtype=float32>, <tf.Tensor 'linear2/bn/output:0' shape=(?, 256) dtype=float32>, <tf.Tensor 'linear3/bn/output:0' shape=(?, 256) dtype=float32>, <tf.Tensor 'last_linear/output:0' shape=(?, 255) dtype=float32>, <tf.Tensor 'output:0' shape=(?, 255) dtype=float32>]
[32m[0409 11:21:58 @drf_run.py:123][0m Parameter count: {'mults': 519936, 'weights': 520191}
[32m[0409 11:21:58 @collection.py:134][0m New collections created in : tf.GraphKeys.GLOBAL_STEP
[32m[0409 11:21:58 @sessinit.py:206][0m Variables to restore from dict: linear3/bn/beta:0, last_linear/W:0, linear0/bn/beta:0, linear1/W:0, linear1/bn/variance/EMA:0, linear1/bn/mean/EMA:0, linear2/bn/beta:0, linear0/bn/mean/EMA:0, linear1/bn/beta:0, linear3/W:0, linear0/b:0, linear2/W:0, global_step:0, linear3/b:0, linear1/bn/gamma:0, linear0/bn/gamma:0, linear0/bn/variance/EMA:0, linear2/bn/gamma:0, linear2/bn/variance/EMA:0, linear3/bn/gamma:0, linear2/b:0, linear3/bn/variance/EMA:0, linear2/bn/mean/EMA:0, linear3/bn/mean/EMA:0, last_linear/b:0, linear1/b:0, linear0/W:0
[32m[0409 11:21:58 @sessinit.py:89][0m [5m[31mWRN[0m The following variables are in the dict, but not found in the graph: EMA/QueueInput/queue_size/biased:0, EMA/QueueInput/queue_size/local_step:0, EMA/QueueInput/queue_size:0, EMA/cross_entropy_loss/biased:0, EMA/cross_entropy_loss/local_step:0, EMA/cross_entropy_loss:0, EMA/train-error-top1/biased:0, EMA/train-error-top1/local_step:0, EMA/train-error-top1:0, EMA/wd_cost/biased:0, EMA/wd_cost/local_step:0, EMA/wd_cost:0, beta1_power:0, beta2_power:0, last_linear/W/Adam:0, last_linear/W/Adam_1:0, last_linear/b/Adam:0, last_linear/b/Adam_1:0, linear0/W/Adam:0, linear0/W/Adam_1:0, linear0/b/Adam:0, linear0/b/Adam_1:0, linear0/bn/beta/Adam:0, linear0/bn/beta/Adam_1:0, linear0/bn/gamma/Adam:0, linear0/bn/gamma/Adam_1:0, linear1/W/Adam:0, linear1/W/Adam_1:0, linear1/b/Adam:0, linear1/b/Adam_1:0, linear1/bn/beta/Adam:0, linear1/bn/beta/Adam_1:0, linear1/bn/gamma/Adam:0, linear1/bn/gamma/Adam_1:0, linear2/W/Adam:0, linear2/W/Adam_1:0, linear2/b/Adam:0, linear2/b/Adam_1:0, linear2/bn/beta/Adam:0, linear2/bn/beta/Adam_1:0, linear2/bn/gamma/Adam:0, linear2/bn/gamma/Adam_1:0, linear3/W/Adam:0, linear3/W/Adam_1:0, linear3/b/Adam:0, linear3/b/Adam_1:0, linear3/bn/beta/Adam:0, linear3/bn/beta/Adam_1:0, linear3/bn/gamma/Adam:0, linear3/bn/gamma/Adam_1:0
[32m[0409 11:21:58 @sessinit.py:219][0m Restoring from dict ...
[32m[0409 11:21:59 @develop.py:85][0m [5m[31mWRN[0m [Deprecated] Calling a predictor with one datapoint will be deprecated after 01 Mar. Call it with positional arguments instead!
[32m[0409 11:22:32 @prune.py:154][0m error: [0.12268188]
[32m[0409 11:22:32 @prune.py:124][0m On prune rate 0.001
[32m[0409 11:22:32 @drf_run.py:67][0m Not quantizing linear0/W
[32m[0409 11:22:32 @drf_run.py:67][0m Not quantizing linear0/b
[32m[0409 11:22:32 @drf_run.py:58][0m Not quantizing linear0/bn/beta
[32m[0409 11:22:32 @drf_run.py:58][0m Not quantizing linear0/bn/gamma
[32m[0409 11:22:32 @drf_run.py:58][0m Not quantizing linear0/bn/mean/EMA
[32m[0409 11:22:32 @drf_run.py:58][0m Not quantizing linear0/bn/variance/EMA
[32m[0409 11:22:32 @drf_run.py:70][0m Quantizing weight linear1/W
[32m[0409 11:22:32 @drf_run.py:70][0m Quantizing weight linear1/b
[32m[0409 11:22:32 @drf_run.py:58][0m Not quantizing linear1/bn/beta
[32m[0409 11:22:32 @drf_run.py:58][0m Not quantizing linear1/bn/gamma
[32m[0409 11:22:32 @drf_run.py:58][0m Not quantizing linear1/bn/mean/EMA
[32m[0409 11:22:32 @drf_run.py:58][0m Not quantizing linear1/bn/variance/EMA
[32m[0409 11:22:32 @drf_run.py:70][0m Quantizing weight linear2/W
[32m[0409 11:22:33 @drf_run.py:70][0m Quantizing weight linear2/b
[32m[0409 11:22:33 @drf_run.py:58][0m Not quantizing linear2/bn/beta
[32m[0409 11:22:33 @drf_run.py:58][0m Not quantizing linear2/bn/gamma
[32m[0409 11:22:33 @drf_run.py:58][0m Not quantizing linear2/bn/mean/EMA
[32m[0409 11:22:33 @drf_run.py:58][0m Not quantizing linear2/bn/variance/EMA
[32m[0409 11:22:33 @drf_run.py:70][0m Quantizing weight linear3/W
[32m[0409 11:22:33 @drf_run.py:70][0m Quantizing weight linear3/b
[32m[0409 11:22:33 @drf_run.py:58][0m Not quantizing linear3/bn/beta
[32m[0409 11:22:33 @drf_run.py:58][0m Not quantizing linear3/bn/gamma
[32m[0409 11:22:33 @drf_run.py:58][0m Not quantizing linear3/bn/mean/EMA
[32m[0409 11:22:33 @drf_run.py:58][0m Not quantizing linear3/bn/variance/EMA
[32m[0409 11:22:33 @drf_run.py:64][0m Not quantizing last_linear/W
[32m[0409 11:22:33 @drf_run.py:64][0m Not quantizing last_linear/b
[32m[0409 11:22:33 @drf_run.py:112][0m Adding activation tensors to summary: [<tf.Tensor 'linear0/bn/output:0' shape=(?, 256) dtype=float32>, <tf.Tensor 'linear1/bn/output:0' shape=(?, 256) dtype=float32>, <tf.Tensor 'linear2/bn/output:0' shape=(?, 256) dtype=float32>, <tf.Tensor 'linear3/bn/output:0' shape=(?, 256) dtype=float32>, <tf.Tensor 'last_linear/output:0' shape=(?, 255) dtype=float32>, <tf.Tensor 'output:0' shape=(?, 255) dtype=float32>]
[32m[0409 11:22:33 @drf_run.py:123][0m Parameter count: {'mults': 519936, 'weights': 520191}
[32m[0409 11:22:33 @collection.py:134][0m New collections created in : tf.GraphKeys.GLOBAL_STEP
[32m[0409 11:22:33 @sessinit.py:206][0m Variables to restore from dict: linear3/bn/beta:0, last_linear/W:0, linear0/bn/beta:0, linear1/W:0, linear1/bn/variance/EMA:0, linear1/bn/mean/EMA:0, linear2/bn/beta:0, linear0/bn/mean/EMA:0, linear1/bn/beta:0, linear3/W:0, linear0/b:0, linear2/W:0, global_step:0, linear3/b:0, linear1/bn/gamma:0, linear0/bn/gamma:0, linear0/bn/variance/EMA:0, linear2/bn/gamma:0, linear2/bn/variance/EMA:0, linear3/bn/gamma:0, linear2/b:0, linear3/bn/variance/EMA:0, linear2/bn/mean/EMA:0, linear3/bn/mean/EMA:0, last_linear/b:0, linear1/b:0, linear0/W:0
[32m[0409 11:22:33 @sessinit.py:89][0m [5m[31mWRN[0m The following variables are in the dict, but not found in the graph: EMA/QueueInput/queue_size/biased:0, EMA/QueueInput/queue_size/local_step:0, EMA/QueueInput/queue_size:0, EMA/cross_entropy_loss/biased:0, EMA/cross_entropy_loss/local_step:0, EMA/cross_entropy_loss:0, EMA/train-error-top1/biased:0, EMA/train-error-top1/local_step:0, EMA/train-error-top1:0, EMA/wd_cost/biased:0, EMA/wd_cost/local_step:0, EMA/wd_cost:0, beta1_power:0, beta2_power:0, last_linear/W/Adam:0, last_linear/W/Adam_1:0, last_linear/b/Adam:0, last_linear/b/Adam_1:0, linear0/W/Adam:0, linear0/W/Adam_1:0, linear0/b/Adam:0, linear0/b/Adam_1:0, linear0/bn/beta/Adam:0, linear0/bn/beta/Adam_1:0, linear0/bn/gamma/Adam:0, linear0/bn/gamma/Adam_1:0, linear1/W/Adam:0, linear1/W/Adam_1:0, linear1/b/Adam:0, linear1/b/Adam_1:0, linear1/bn/beta/Adam:0, linear1/bn/beta/Adam_1:0, linear1/bn/gamma/Adam:0, linear1/bn/gamma/Adam_1:0, linear2/W/Adam:0, linear2/W/Adam_1:0, linear2/b/Adam:0, linear2/b/Adam_1:0, linear2/bn/beta/Adam:0, linear2/bn/beta/Adam_1:0, linear2/bn/gamma/Adam:0, linear2/bn/gamma/Adam_1:0, linear3/W/Adam:0, linear3/W/Adam_1:0, linear3/b/Adam:0, linear3/b/Adam_1:0, linear3/bn/beta/Adam:0, linear3/bn/beta/Adam_1:0, linear3/bn/gamma/Adam:0, linear3/bn/gamma/Adam_1:0
[32m[0409 11:22:33 @sessinit.py:219][0m Restoring from dict ...
[32m[0409 11:22:49 @prune.py:154][0m error: [0.12268188]
[32m[0409 11:22:49 @prune.py:124][0m On prune rate 0.005
[32m[0409 11:22:50 @drf_run.py:67][0m Not quantizing linear0/W
[32m[0409 11:22:50 @drf_run.py:67][0m Not quantizing linear0/b
[32m[0409 11:22:50 @drf_run.py:58][0m Not quantizing linear0/bn/beta
[32m[0409 11:22:50 @drf_run.py:58][0m Not quantizing linear0/bn/gamma
[32m[0409 11:22:50 @drf_run.py:58][0m Not quantizing linear0/bn/mean/EMA
[32m[0409 11:22:50 @drf_run.py:58][0m Not quantizing linear0/bn/variance/EMA
[32m[0409 11:22:50 @drf_run.py:70][0m Quantizing weight linear1/W
[32m[0409 11:22:50 @drf_run.py:70][0m Quantizing weight linear1/b
[32m[0409 11:22:50 @drf_run.py:58][0m Not quantizing linear1/bn/beta
[32m[0409 11:22:50 @drf_run.py:58][0m Not quantizing linear1/bn/gamma
[32m[0409 11:22:50 @drf_run.py:58][0m Not quantizing linear1/bn/mean/EMA
[32m[0409 11:22:50 @drf_run.py:58][0m Not quantizing linear1/bn/variance/EMA
[32m[0409 11:22:50 @drf_run.py:70][0m Quantizing weight linear2/W
[32m[0409 11:22:50 @drf_run.py:70][0m Quantizing weight linear2/b
[32m[0409 11:22:50 @drf_run.py:58][0m Not quantizing linear2/bn/beta
[32m[0409 11:22:50 @drf_run.py:58][0m Not quantizing linear2/bn/gamma
[32m[0409 11:22:50 @drf_run.py:58][0m Not quantizing linear2/bn/mean/EMA
[32m[0409 11:22:50 @drf_run.py:58][0m Not quantizing linear2/bn/variance/EMA
[32m[0409 11:22:50 @drf_run.py:70][0m Quantizing weight linear3/W
[32m[0409 11:22:50 @drf_run.py:70][0m Quantizing weight linear3/b
[32m[0409 11:22:50 @drf_run.py:58][0m Not quantizing linear3/bn/beta
[32m[0409 11:22:50 @drf_run.py:58][0m Not quantizing linear3/bn/gamma
[32m[0409 11:22:50 @drf_run.py:58][0m Not quantizing linear3/bn/mean/EMA
[32m[0409 11:22:50 @drf_run.py:58][0m Not quantizing linear3/bn/variance/EMA
[32m[0409 11:22:50 @drf_run.py:64][0m Not quantizing last_linear/W
[32m[0409 11:22:50 @drf_run.py:64][0m Not quantizing last_linear/b
[32m[0409 11:22:50 @drf_run.py:112][0m Adding activation tensors to summary: [<tf.Tensor 'linear0/bn/output:0' shape=(?, 256) dtype=float32>, <tf.Tensor 'linear1/bn/output:0' shape=(?, 256) dtype=float32>, <tf.Tensor 'linear2/bn/output:0' shape=(?, 256) dtype=float32>, <tf.Tensor 'linear3/bn/output:0' shape=(?, 256) dtype=float32>, <tf.Tensor 'last_linear/output:0' shape=(?, 255) dtype=float32>, <tf.Tensor 'output:0' shape=(?, 255) dtype=float32>]
[32m[0409 11:22:50 @drf_run.py:123][0m Parameter count: {'mults': 519936, 'weights': 520191}
[32m[0409 11:22:50 @collection.py:134][0m New collections created in : tf.GraphKeys.GLOBAL_STEP
[32m[0409 11:22:50 @sessinit.py:206][0m Variables to restore from dict: linear3/bn/beta:0, last_linear/W:0, linear0/bn/beta:0, linear1/W:0, linear1/bn/variance/EMA:0, linear1/bn/mean/EMA:0, linear2/bn/beta:0, linear0/bn/mean/EMA:0, linear1/bn/beta:0, linear3/W:0, linear0/b:0, linear2/W:0, global_step:0, linear3/b:0, linear1/bn/gamma:0, linear0/bn/gamma:0, linear0/bn/variance/EMA:0, linear2/bn/gamma:0, linear2/bn/variance/EMA:0, linear3/bn/gamma:0, linear2/b:0, linear3/bn/variance/EMA:0, linear2/bn/mean/EMA:0, linear3/bn/mean/EMA:0, last_linear/b:0, linear1/b:0, linear0/W:0
[32m[0409 11:22:50 @sessinit.py:89][0m [5m[31mWRN[0m The following variables are in the dict, but not found in the graph: EMA/QueueInput/queue_size/biased:0, EMA/QueueInput/queue_size/local_step:0, EMA/QueueInput/queue_size:0, EMA/cross_entropy_loss/biased:0, EMA/cross_entropy_loss/local_step:0, EMA/cross_entropy_loss:0, EMA/train-error-top1/biased:0, EMA/train-error-top1/local_step:0, EMA/train-error-top1:0, EMA/wd_cost/biased:0, EMA/wd_cost/local_step:0, EMA/wd_cost:0, beta1_power:0, beta2_power:0, last_linear/W/Adam:0, last_linear/W/Adam_1:0, last_linear/b/Adam:0, last_linear/b/Adam_1:0, linear0/W/Adam:0, linear0/W/Adam_1:0, linear0/b/Adam:0, linear0/b/Adam_1:0, linear0/bn/beta/Adam:0, linear0/bn/beta/Adam_1:0, linear0/bn/gamma/Adam:0, linear0/bn/gamma/Adam_1:0, linear1/W/Adam:0, linear1/W/Adam_1:0, linear1/b/Adam:0, linear1/b/Adam_1:0, linear1/bn/beta/Adam:0, linear1/bn/beta/Adam_1:0, linear1/bn/gamma/Adam:0, linear1/bn/gamma/Adam_1:0, linear2/W/Adam:0, linear2/W/Adam_1:0, linear2/b/Adam:0, linear2/b/Adam_1:0, linear2/bn/beta/Adam:0, linear2/bn/beta/Adam_1:0, linear2/bn/gamma/Adam:0, linear2/bn/gamma/Adam_1:0, linear3/W/Adam:0, linear3/W/Adam_1:0, linear3/b/Adam:0, linear3/b/Adam_1:0, linear3/bn/beta/Adam:0, linear3/bn/beta/Adam_1:0, linear3/bn/gamma/Adam:0, linear3/bn/gamma/Adam_1:0
[32m[0409 11:22:50 @sessinit.py:219][0m Restoring from dict ...
[32m[0409 11:23:06 @prune.py:154][0m error: [0.12838802]
[32m[0409 11:23:06 @prune.py:124][0m On prune rate 0.01
[32m[0409 11:23:07 @drf_run.py:67][0m Not quantizing linear0/W
[32m[0409 11:23:07 @drf_run.py:67][0m Not quantizing linear0/b
[32m[0409 11:23:07 @drf_run.py:58][0m Not quantizing linear0/bn/beta
[32m[0409 11:23:07 @drf_run.py:58][0m Not quantizing linear0/bn/gamma
[32m[0409 11:23:07 @drf_run.py:58][0m Not quantizing linear0/bn/mean/EMA
[32m[0409 11:23:07 @drf_run.py:58][0m Not quantizing linear0/bn/variance/EMA
[32m[0409 11:23:07 @drf_run.py:70][0m Quantizing weight linear1/W
[32m[0409 11:23:07 @drf_run.py:70][0m Quantizing weight linear1/b
[32m[0409 11:23:07 @drf_run.py:58][0m Not quantizing linear1/bn/beta
[32m[0409 11:23:07 @drf_run.py:58][0m Not quantizing linear1/bn/gamma
[32m[0409 11:23:07 @drf_run.py:58][0m Not quantizing linear1/bn/mean/EMA
[32m[0409 11:23:07 @drf_run.py:58][0m Not quantizing linear1/bn/variance/EMA
[32m[0409 11:23:07 @drf_run.py:70][0m Quantizing weight linear2/W
[32m[0409 11:23:07 @drf_run.py:70][0m Quantizing weight linear2/b
[32m[0409 11:23:07 @drf_run.py:58][0m Not quantizing linear2/bn/beta
[32m[0409 11:23:07 @drf_run.py:58][0m Not quantizing linear2/bn/gamma
[32m[0409 11:23:07 @drf_run.py:58][0m Not quantizing linear2/bn/mean/EMA
[32m[0409 11:23:07 @drf_run.py:58][0m Not quantizing linear2/bn/variance/EMA
[32m[0409 11:23:07 @drf_run.py:70][0m Quantizing weight linear3/W
[32m[0409 11:23:07 @drf_run.py:70][0m Quantizing weight linear3/b
[32m[0409 11:23:07 @drf_run.py:58][0m Not quantizing linear3/bn/beta
[32m[0409 11:23:07 @drf_run.py:58][0m Not quantizing linear3/bn/gamma
[32m[0409 11:23:07 @drf_run.py:58][0m Not quantizing linear3/bn/mean/EMA
[32m[0409 11:23:07 @drf_run.py:58][0m Not quantizing linear3/bn/variance/EMA
[32m[0409 11:23:07 @drf_run.py:64][0m Not quantizing last_linear/W
[32m[0409 11:23:07 @drf_run.py:64][0m Not quantizing last_linear/b
[32m[0409 11:23:07 @drf_run.py:112][0m Adding activation tensors to summary: [<tf.Tensor 'linear0/bn/output:0' shape=(?, 256) dtype=float32>, <tf.Tensor 'linear1/bn/output:0' shape=(?, 256) dtype=float32>, <tf.Tensor 'linear2/bn/output:0' shape=(?, 256) dtype=float32>, <tf.Tensor 'linear3/bn/output:0' shape=(?, 256) dtype=float32>, <tf.Tensor 'last_linear/output:0' shape=(?, 255) dtype=float32>, <tf.Tensor 'output:0' shape=(?, 255) dtype=float32>]
[32m[0409 11:23:07 @drf_run.py:123][0m Parameter count: {'mults': 519936, 'weights': 520191}
[32m[0409 11:23:07 @collection.py:134][0m New collections created in : tf.GraphKeys.GLOBAL_STEP
[32m[0409 11:23:07 @sessinit.py:206][0m Variables to restore from dict: linear3/bn/beta:0, last_linear/W:0, linear0/bn/beta:0, linear1/W:0, linear1/bn/variance/EMA:0, linear1/bn/mean/EMA:0, linear2/bn/beta:0, linear0/bn/mean/EMA:0, linear1/bn/beta:0, linear3/W:0, linear0/b:0, linear2/W:0, global_step:0, linear3/b:0, linear1/bn/gamma:0, linear0/bn/gamma:0, linear0/bn/variance/EMA:0, linear2/bn/gamma:0, linear2/bn/variance/EMA:0, linear3/bn/gamma:0, linear2/b:0, linear3/bn/variance/EMA:0, linear2/bn/mean/EMA:0, linear3/bn/mean/EMA:0, last_linear/b:0, linear1/b:0, linear0/W:0
[32m[0409 11:23:07 @sessinit.py:89][0m [5m[31mWRN[0m The following variables are in the dict, but not found in the graph: EMA/QueueInput/queue_size/biased:0, EMA/QueueInput/queue_size/local_step:0, EMA/QueueInput/queue_size:0, EMA/cross_entropy_loss/biased:0, EMA/cross_entropy_loss/local_step:0, EMA/cross_entropy_loss:0, EMA/train-error-top1/biased:0, EMA/train-error-top1/local_step:0, EMA/train-error-top1:0, EMA/wd_cost/biased:0, EMA/wd_cost/local_step:0, EMA/wd_cost:0, beta1_power:0, beta2_power:0, last_linear/W/Adam:0, last_linear/W/Adam_1:0, last_linear/b/Adam:0, last_linear/b/Adam_1:0, linear0/W/Adam:0, linear0/W/Adam_1:0, linear0/b/Adam:0, linear0/b/Adam_1:0, linear0/bn/beta/Adam:0, linear0/bn/beta/Adam_1:0, linear0/bn/gamma/Adam:0, linear0/bn/gamma/Adam_1:0, linear1/W/Adam:0, linear1/W/Adam_1:0, linear1/b/Adam:0, linear1/b/Adam_1:0, linear1/bn/beta/Adam:0, linear1/bn/beta/Adam_1:0, linear1/bn/gamma/Adam:0, linear1/bn/gamma/Adam_1:0, linear2/W/Adam:0, linear2/W/Adam_1:0, linear2/b/Adam:0, linear2/b/Adam_1:0, linear2/bn/beta/Adam:0, linear2/bn/beta/Adam_1:0, linear2/bn/gamma/Adam:0, linear2/bn/gamma/Adam_1:0, linear3/W/Adam:0, linear3/W/Adam_1:0, linear3/b/Adam:0, linear3/b/Adam_1:0, linear3/bn/beta/Adam:0, linear3/bn/beta/Adam_1:0, linear3/bn/gamma/Adam:0, linear3/bn/gamma/Adam_1:0
[32m[0409 11:23:07 @sessinit.py:219][0m Restoring from dict ...
[32m[0409 11:23:24 @prune.py:154][0m error: [0.13124108]
[32m[0409 11:23:24 @prune.py:124][0m On prune rate 0.02
[32m[0409 11:23:24 @drf_run.py:67][0m Not quantizing linear0/W
[32m[0409 11:23:24 @drf_run.py:67][0m Not quantizing linear0/b
[32m[0409 11:23:24 @drf_run.py:58][0m Not quantizing linear0/bn/beta
[32m[0409 11:23:24 @drf_run.py:58][0m Not quantizing linear0/bn/gamma
[32m[0409 11:23:24 @drf_run.py:58][0m Not quantizing linear0/bn/mean/EMA
[32m[0409 11:23:24 @drf_run.py:58][0m Not quantizing linear0/bn/variance/EMA
[32m[0409 11:23:24 @drf_run.py:70][0m Quantizing weight linear1/W
[32m[0409 11:23:24 @drf_run.py:70][0m Quantizing weight linear1/b
[32m[0409 11:23:24 @drf_run.py:58][0m Not quantizing linear1/bn/beta
[32m[0409 11:23:24 @drf_run.py:58][0m Not quantizing linear1/bn/gamma
[32m[0409 11:23:24 @drf_run.py:58][0m Not quantizing linear1/bn/mean/EMA
[32m[0409 11:23:24 @drf_run.py:58][0m Not quantizing linear1/bn/variance/EMA
[32m[0409 11:23:24 @drf_run.py:70][0m Quantizing weight linear2/W
[32m[0409 11:23:24 @drf_run.py:70][0m Quantizing weight linear2/b
[32m[0409 11:23:24 @drf_run.py:58][0m Not quantizing linear2/bn/beta
[32m[0409 11:23:24 @drf_run.py:58][0m Not quantizing linear2/bn/gamma
[32m[0409 11:23:24 @drf_run.py:58][0m Not quantizing linear2/bn/mean/EMA
[32m[0409 11:23:24 @drf_run.py:58][0m Not quantizing linear2/bn/variance/EMA
[32m[0409 11:23:24 @drf_run.py:70][0m Quantizing weight linear3/W
[32m[0409 11:23:24 @drf_run.py:70][0m Quantizing weight linear3/b
[32m[0409 11:23:24 @drf_run.py:58][0m Not quantizing linear3/bn/beta
[32m[0409 11:23:24 @drf_run.py:58][0m Not quantizing linear3/bn/gamma
[32m[0409 11:23:24 @drf_run.py:58][0m Not quantizing linear3/bn/mean/EMA
[32m[0409 11:23:24 @drf_run.py:58][0m Not quantizing linear3/bn/variance/EMA
[32m[0409 11:23:24 @drf_run.py:64][0m Not quantizing last_linear/W
[32m[0409 11:23:24 @drf_run.py:64][0m Not quantizing last_linear/b
[32m[0409 11:23:24 @drf_run.py:112][0m Adding activation tensors to summary: [<tf.Tensor 'linear0/bn/output:0' shape=(?, 256) dtype=float32>, <tf.Tensor 'linear1/bn/output:0' shape=(?, 256) dtype=float32>, <tf.Tensor 'linear2/bn/output:0' shape=(?, 256) dtype=float32>, <tf.Tensor 'linear3/bn/output:0' shape=(?, 256) dtype=float32>, <tf.Tensor 'last_linear/output:0' shape=(?, 255) dtype=float32>, <tf.Tensor 'output:0' shape=(?, 255) dtype=float32>]
[32m[0409 11:23:24 @drf_run.py:123][0m Parameter count: {'mults': 519936, 'weights': 520191}
[32m[0409 11:23:24 @collection.py:134][0m New collections created in : tf.GraphKeys.GLOBAL_STEP
[32m[0409 11:23:25 @sessinit.py:206][0m Variables to restore from dict: linear3/bn/beta:0, last_linear/W:0, linear0/bn/beta:0, linear1/W:0, linear1/bn/variance/EMA:0, linear1/bn/mean/EMA:0, linear2/bn/beta:0, linear0/bn/mean/EMA:0, linear1/bn/beta:0, linear3/W:0, linear0/b:0, linear2/W:0, global_step:0, linear3/b:0, linear1/bn/gamma:0, linear0/bn/gamma:0, linear0/bn/variance/EMA:0, linear2/bn/gamma:0, linear2/bn/variance/EMA:0, linear3/bn/gamma:0, linear2/b:0, linear3/bn/variance/EMA:0, linear2/bn/mean/EMA:0, linear3/bn/mean/EMA:0, last_linear/b:0, linear1/b:0, linear0/W:0
[32m[0409 11:23:25 @sessinit.py:89][0m [5m[31mWRN[0m The following variables are in the dict, but not found in the graph: EMA/QueueInput/queue_size/biased:0, EMA/QueueInput/queue_size/local_step:0, EMA/QueueInput/queue_size:0, EMA/cross_entropy_loss/biased:0, EMA/cross_entropy_loss/local_step:0, EMA/cross_entropy_loss:0, EMA/train-error-top1/biased:0, EMA/train-error-top1/local_step:0, EMA/train-error-top1:0, EMA/wd_cost/biased:0, EMA/wd_cost/local_step:0, EMA/wd_cost:0, beta1_power:0, beta2_power:0, last_linear/W/Adam:0, last_linear/W/Adam_1:0, last_linear/b/Adam:0, last_linear/b/Adam_1:0, linear0/W/Adam:0, linear0/W/Adam_1:0, linear0/b/Adam:0, linear0/b/Adam_1:0, linear0/bn/beta/Adam:0, linear0/bn/beta/Adam_1:0, linear0/bn/gamma/Adam:0, linear0/bn/gamma/Adam_1:0, linear1/W/Adam:0, linear1/W/Adam_1:0, linear1/b/Adam:0, linear1/b/Adam_1:0, linear1/bn/beta/Adam:0, linear1/bn/beta/Adam_1:0, linear1/bn/gamma/Adam:0, linear1/bn/gamma/Adam_1:0, linear2/W/Adam:0, linear2/W/Adam_1:0, linear2/b/Adam:0, linear2/b/Adam_1:0, linear2/bn/beta/Adam:0, linear2/bn/beta/Adam_1:0, linear2/bn/gamma/Adam:0, linear2/bn/gamma/Adam_1:0, linear3/W/Adam:0, linear3/W/Adam_1:0, linear3/b/Adam:0, linear3/b/Adam_1:0, linear3/bn/beta/Adam:0, linear3/bn/beta/Adam_1:0, linear3/bn/gamma/Adam:0, linear3/bn/gamma/Adam_1:0
[32m[0409 11:23:25 @sessinit.py:219][0m Restoring from dict ...
[32m[0409 11:23:41 @prune.py:154][0m error: [0.17831669]
[32m[0409 11:23:41 @prune.py:124][0m On prune rate 0.03
[32m[0409 11:23:41 @drf_run.py:67][0m Not quantizing linear0/W
[32m[0409 11:23:41 @drf_run.py:67][0m Not quantizing linear0/b
[32m[0409 11:23:41 @drf_run.py:58][0m Not quantizing linear0/bn/beta
[32m[0409 11:23:41 @drf_run.py:58][0m Not quantizing linear0/bn/gamma
[32m[0409 11:23:41 @drf_run.py:58][0m Not quantizing linear0/bn/mean/EMA
[32m[0409 11:23:41 @drf_run.py:58][0m Not quantizing linear0/bn/variance/EMA
[32m[0409 11:23:41 @drf_run.py:70][0m Quantizing weight linear1/W
[32m[0409 11:23:41 @drf_run.py:70][0m Quantizing weight linear1/b
[32m[0409 11:23:41 @drf_run.py:58][0m Not quantizing linear1/bn/beta
[32m[0409 11:23:41 @drf_run.py:58][0m Not quantizing linear1/bn/gamma
[32m[0409 11:23:41 @drf_run.py:58][0m Not quantizing linear1/bn/mean/EMA
[32m[0409 11:23:41 @drf_run.py:58][0m Not quantizing linear1/bn/variance/EMA
[32m[0409 11:23:41 @drf_run.py:70][0m Quantizing weight linear2/W
[32m[0409 11:23:41 @drf_run.py:70][0m Quantizing weight linear2/b
[32m[0409 11:23:41 @drf_run.py:58][0m Not quantizing linear2/bn/beta
[32m[0409 11:23:41 @drf_run.py:58][0m Not quantizing linear2/bn/gamma
[32m[0409 11:23:41 @drf_run.py:58][0m Not quantizing linear2/bn/mean/EMA
[32m[0409 11:23:41 @drf_run.py:58][0m Not quantizing linear2/bn/variance/EMA
[32m[0409 11:23:41 @drf_run.py:70][0m Quantizing weight linear3/W
[32m[0409 11:23:41 @drf_run.py:70][0m Quantizing weight linear3/b
[32m[0409 11:23:41 @drf_run.py:58][0m Not quantizing linear3/bn/beta
[32m[0409 11:23:41 @drf_run.py:58][0m Not quantizing linear3/bn/gamma
[32m[0409 11:23:41 @drf_run.py:58][0m Not quantizing linear3/bn/mean/EMA
[32m[0409 11:23:41 @drf_run.py:58][0m Not quantizing linear3/bn/variance/EMA
[32m[0409 11:23:41 @drf_run.py:64][0m Not quantizing last_linear/W
[32m[0409 11:23:41 @drf_run.py:64][0m Not quantizing last_linear/b
[32m[0409 11:23:41 @drf_run.py:112][0m Adding activation tensors to summary: [<tf.Tensor 'linear0/bn/output:0' shape=(?, 256) dtype=float32>, <tf.Tensor 'linear1/bn/output:0' shape=(?, 256) dtype=float32>, <tf.Tensor 'linear2/bn/output:0' shape=(?, 256) dtype=float32>, <tf.Tensor 'linear3/bn/output:0' shape=(?, 256) dtype=float32>, <tf.Tensor 'last_linear/output:0' shape=(?, 255) dtype=float32>, <tf.Tensor 'output:0' shape=(?, 255) dtype=float32>]
[32m[0409 11:23:41 @drf_run.py:123][0m Parameter count: {'mults': 519936, 'weights': 520191}
[32m[0409 11:23:41 @collection.py:134][0m New collections created in : tf.GraphKeys.GLOBAL_STEP
[32m[0409 11:23:41 @sessinit.py:206][0m Variables to restore from dict: linear3/bn/beta:0, last_linear/W:0, linear0/bn/beta:0, linear1/W:0, linear1/bn/variance/EMA:0, linear1/bn/mean/EMA:0, linear2/bn/beta:0, linear0/bn/mean/EMA:0, linear1/bn/beta:0, linear3/W:0, linear0/b:0, linear2/W:0, global_step:0, linear3/b:0, linear1/bn/gamma:0, linear0/bn/gamma:0, linear0/bn/variance/EMA:0, linear2/bn/gamma:0, linear2/bn/variance/EMA:0, linear3/bn/gamma:0, linear2/b:0, linear3/bn/variance/EMA:0, linear2/bn/mean/EMA:0, linear3/bn/mean/EMA:0, last_linear/b:0, linear1/b:0, linear0/W:0
[32m[0409 11:23:41 @sessinit.py:89][0m [5m[31mWRN[0m The following variables are in the dict, but not found in the graph: EMA/QueueInput/queue_size/biased:0, EMA/QueueInput/queue_size/local_step:0, EMA/QueueInput/queue_size:0, EMA/cross_entropy_loss/biased:0, EMA/cross_entropy_loss/local_step:0, EMA/cross_entropy_loss:0, EMA/train-error-top1/biased:0, EMA/train-error-top1/local_step:0, EMA/train-error-top1:0, EMA/wd_cost/biased:0, EMA/wd_cost/local_step:0, EMA/wd_cost:0, beta1_power:0, beta2_power:0, last_linear/W/Adam:0, last_linear/W/Adam_1:0, last_linear/b/Adam:0, last_linear/b/Adam_1:0, linear0/W/Adam:0, linear0/W/Adam_1:0, linear0/b/Adam:0, linear0/b/Adam_1:0, linear0/bn/beta/Adam:0, linear0/bn/beta/Adam_1:0, linear0/bn/gamma/Adam:0, linear0/bn/gamma/Adam_1:0, linear1/W/Adam:0, linear1/W/Adam_1:0, linear1/b/Adam:0, linear1/b/Adam_1:0, linear1/bn/beta/Adam:0, linear1/bn/beta/Adam_1:0, linear1/bn/gamma/Adam:0, linear1/bn/gamma/Adam_1:0, linear2/W/Adam:0, linear2/W/Adam_1:0, linear2/b/Adam:0, linear2/b/Adam_1:0, linear2/bn/beta/Adam:0, linear2/bn/beta/Adam_1:0, linear2/bn/gamma/Adam:0, linear2/bn/gamma/Adam_1:0, linear3/W/Adam:0, linear3/W/Adam_1:0, linear3/b/Adam:0, linear3/b/Adam_1:0, linear3/bn/beta/Adam:0, linear3/bn/beta/Adam_1:0, linear3/bn/gamma/Adam:0, linear3/bn/gamma/Adam_1:0
[32m[0409 11:23:41 @sessinit.py:219][0m Restoring from dict ...
[32m[0409 11:23:58 @prune.py:154][0m error: [0.2253923]
[32m[0409 11:23:58 @prune.py:124][0m On prune rate 0.04
[32m[0409 11:23:58 @drf_run.py:67][0m Not quantizing linear0/W
[32m[0409 11:23:58 @drf_run.py:67][0m Not quantizing linear0/b
[32m[0409 11:23:58 @drf_run.py:58][0m Not quantizing linear0/bn/beta
[32m[0409 11:23:58 @drf_run.py:58][0m Not quantizing linear0/bn/gamma
[32m[0409 11:23:58 @drf_run.py:58][0m Not quantizing linear0/bn/mean/EMA
[32m[0409 11:23:58 @drf_run.py:58][0m Not quantizing linear0/bn/variance/EMA
[32m[0409 11:23:58 @drf_run.py:70][0m Quantizing weight linear1/W
[32m[0409 11:23:58 @drf_run.py:70][0m Quantizing weight linear1/b
[32m[0409 11:23:58 @drf_run.py:58][0m Not quantizing linear1/bn/beta
[32m[0409 11:23:58 @drf_run.py:58][0m Not quantizing linear1/bn/gamma
[32m[0409 11:23:58 @drf_run.py:58][0m Not quantizing linear1/bn/mean/EMA
[32m[0409 11:23:58 @drf_run.py:58][0m Not quantizing linear1/bn/variance/EMA
[32m[0409 11:23:58 @drf_run.py:70][0m Quantizing weight linear2/W
[32m[0409 11:23:58 @drf_run.py:70][0m Quantizing weight linear2/b
[32m[0409 11:23:58 @drf_run.py:58][0m Not quantizing linear2/bn/beta
[32m[0409 11:23:58 @drf_run.py:58][0m Not quantizing linear2/bn/gamma
[32m[0409 11:23:58 @drf_run.py:58][0m Not quantizing linear2/bn/mean/EMA
[32m[0409 11:23:58 @drf_run.py:58][0m Not quantizing linear2/bn/variance/EMA
[32m[0409 11:23:58 @drf_run.py:70][0m Quantizing weight linear3/W
[32m[0409 11:23:58 @drf_run.py:70][0m Quantizing weight linear3/b
[32m[0409 11:23:58 @drf_run.py:58][0m Not quantizing linear3/bn/beta
[32m[0409 11:23:58 @drf_run.py:58][0m Not quantizing linear3/bn/gamma
[32m[0409 11:23:58 @drf_run.py:58][0m Not quantizing linear3/bn/mean/EMA
[32m[0409 11:23:58 @drf_run.py:58][0m Not quantizing linear3/bn/variance/EMA
[32m[0409 11:23:58 @drf_run.py:64][0m Not quantizing last_linear/W
[32m[0409 11:23:58 @drf_run.py:64][0m Not quantizing last_linear/b
[32m[0409 11:23:58 @drf_run.py:112][0m Adding activation tensors to summary: [<tf.Tensor 'linear0/bn/output:0' shape=(?, 256) dtype=float32>, <tf.Tensor 'linear1/bn/output:0' shape=(?, 256) dtype=float32>, <tf.Tensor 'linear2/bn/output:0' shape=(?, 256) dtype=float32>, <tf.Tensor 'linear3/bn/output:0' shape=(?, 256) dtype=float32>, <tf.Tensor 'last_linear/output:0' shape=(?, 255) dtype=float32>, <tf.Tensor 'output:0' shape=(?, 255) dtype=float32>]
[32m[0409 11:23:58 @drf_run.py:123][0m Parameter count: {'mults': 519936, 'weights': 520191}
[32m[0409 11:23:58 @collection.py:134][0m New collections created in : tf.GraphKeys.GLOBAL_STEP
[32m[0409 11:23:59 @sessinit.py:206][0m Variables to restore from dict: linear3/bn/beta:0, last_linear/W:0, linear0/bn/beta:0, linear1/W:0, linear1/bn/variance/EMA:0, linear1/bn/mean/EMA:0, linear2/bn/beta:0, linear0/bn/mean/EMA:0, linear1/bn/beta:0, linear3/W:0, linear0/b:0, linear2/W:0, global_step:0, linear3/b:0, linear1/bn/gamma:0, linear0/bn/gamma:0, linear0/bn/variance/EMA:0, linear2/bn/gamma:0, linear2/bn/variance/EMA:0, linear3/bn/gamma:0, linear2/b:0, linear3/bn/variance/EMA:0, linear2/bn/mean/EMA:0, linear3/bn/mean/EMA:0, last_linear/b:0, linear1/b:0, linear0/W:0
[32m[0409 11:23:59 @sessinit.py:89][0m [5m[31mWRN[0m The following variables are in the dict, but not found in the graph: EMA/QueueInput/queue_size/biased:0, EMA/QueueInput/queue_size/local_step:0, EMA/QueueInput/queue_size:0, EMA/cross_entropy_loss/biased:0, EMA/cross_entropy_loss/local_step:0, EMA/cross_entropy_loss:0, EMA/train-error-top1/biased:0, EMA/train-error-top1/local_step:0, EMA/train-error-top1:0, EMA/wd_cost/biased:0, EMA/wd_cost/local_step:0, EMA/wd_cost:0, beta1_power:0, beta2_power:0, last_linear/W/Adam:0, last_linear/W/Adam_1:0, last_linear/b/Adam:0, last_linear/b/Adam_1:0, linear0/W/Adam:0, linear0/W/Adam_1:0, linear0/b/Adam:0, linear0/b/Adam_1:0, linear0/bn/beta/Adam:0, linear0/bn/beta/Adam_1:0, linear0/bn/gamma/Adam:0, linear0/bn/gamma/Adam_1:0, linear1/W/Adam:0, linear1/W/Adam_1:0, linear1/b/Adam:0, linear1/b/Adam_1:0, linear1/bn/beta/Adam:0, linear1/bn/beta/Adam_1:0, linear1/bn/gamma/Adam:0, linear1/bn/gamma/Adam_1:0, linear2/W/Adam:0, linear2/W/Adam_1:0, linear2/b/Adam:0, linear2/b/Adam_1:0, linear2/bn/beta/Adam:0, linear2/bn/beta/Adam_1:0, linear2/bn/gamma/Adam:0, linear2/bn/gamma/Adam_1:0, linear3/W/Adam:0, linear3/W/Adam_1:0, linear3/b/Adam:0, linear3/b/Adam_1:0, linear3/bn/beta/Adam:0, linear3/bn/beta/Adam_1:0, linear3/bn/gamma/Adam:0, linear3/bn/gamma/Adam_1:0
[32m[0409 11:23:59 @sessinit.py:219][0m Restoring from dict ...
[32m[0409 11:24:15 @prune.py:154][0m error: [0.27817404]
[32m[0409 11:24:15 @prune.py:124][0m On prune rate 0.05
[32m[0409 11:24:15 @drf_run.py:67][0m Not quantizing linear0/W
[32m[0409 11:24:15 @drf_run.py:67][0m Not quantizing linear0/b
[32m[0409 11:24:15 @drf_run.py:58][0m Not quantizing linear0/bn/beta
[32m[0409 11:24:15 @drf_run.py:58][0m Not quantizing linear0/bn/gamma
[32m[0409 11:24:15 @drf_run.py:58][0m Not quantizing linear0/bn/mean/EMA
[32m[0409 11:24:15 @drf_run.py:58][0m Not quantizing linear0/bn/variance/EMA
[32m[0409 11:24:15 @drf_run.py:70][0m Quantizing weight linear1/W
[32m[0409 11:24:15 @drf_run.py:70][0m Quantizing weight linear1/b
[32m[0409 11:24:15 @drf_run.py:58][0m Not quantizing linear1/bn/beta
[32m[0409 11:24:15 @drf_run.py:58][0m Not quantizing linear1/bn/gamma
[32m[0409 11:24:15 @drf_run.py:58][0m Not quantizing linear1/bn/mean/EMA
[32m[0409 11:24:15 @drf_run.py:58][0m Not quantizing linear1/bn/variance/EMA
[32m[0409 11:24:15 @drf_run.py:70][0m Quantizing weight linear2/W
[32m[0409 11:24:15 @drf_run.py:70][0m Quantizing weight linear2/b
[32m[0409 11:24:15 @drf_run.py:58][0m Not quantizing linear2/bn/beta
[32m[0409 11:24:15 @drf_run.py:58][0m Not quantizing linear2/bn/gamma
[32m[0409 11:24:15 @drf_run.py:58][0m Not quantizing linear2/bn/mean/EMA
[32m[0409 11:24:15 @drf_run.py:58][0m Not quantizing linear2/bn/variance/EMA
[32m[0409 11:24:15 @drf_run.py:70][0m Quantizing weight linear3/W
[32m[0409 11:24:15 @drf_run.py:70][0m Quantizing weight linear3/b
[32m[0409 11:24:15 @drf_run.py:58][0m Not quantizing linear3/bn/beta
[32m[0409 11:24:15 @drf_run.py:58][0m Not quantizing linear3/bn/gamma
[32m[0409 11:24:15 @drf_run.py:58][0m Not quantizing linear3/bn/mean/EMA
[32m[0409 11:24:15 @drf_run.py:58][0m Not quantizing linear3/bn/variance/EMA
[32m[0409 11:24:15 @drf_run.py:64][0m Not quantizing last_linear/W
[32m[0409 11:24:15 @drf_run.py:64][0m Not quantizing last_linear/b
[32m[0409 11:24:16 @drf_run.py:112][0m Adding activation tensors to summary: [<tf.Tensor 'linear0/bn/output:0' shape=(?, 256) dtype=float32>, <tf.Tensor 'linear1/bn/output:0' shape=(?, 256) dtype=float32>, <tf.Tensor 'linear2/bn/output:0' shape=(?, 256) dtype=float32>, <tf.Tensor 'linear3/bn/output:0' shape=(?, 256) dtype=float32>, <tf.Tensor 'last_linear/output:0' shape=(?, 255) dtype=float32>, <tf.Tensor 'output:0' shape=(?, 255) dtype=float32>]
[32m[0409 11:24:16 @drf_run.py:123][0m Parameter count: {'mults': 519936, 'weights': 520191}
[32m[0409 11:24:16 @collection.py:134][0m New collections created in : tf.GraphKeys.GLOBAL_STEP
[32m[0409 11:24:16 @sessinit.py:206][0m Variables to restore from dict: linear3/bn/beta:0, last_linear/W:0, linear0/bn/beta:0, linear1/W:0, linear1/bn/variance/EMA:0, linear1/bn/mean/EMA:0, linear2/bn/beta:0, linear0/bn/mean/EMA:0, linear1/bn/beta:0, linear3/W:0, linear0/b:0, linear2/W:0, global_step:0, linear3/b:0, linear1/bn/gamma:0, linear0/bn/gamma:0, linear0/bn/variance/EMA:0, linear2/bn/gamma:0, linear2/bn/variance/EMA:0, linear3/bn/gamma:0, linear2/b:0, linear3/bn/variance/EMA:0, linear2/bn/mean/EMA:0, linear3/bn/mean/EMA:0, last_linear/b:0, linear1/b:0, linear0/W:0
[32m[0409 11:24:16 @sessinit.py:89][0m [5m[31mWRN[0m The following variables are in the dict, but not found in the graph: EMA/QueueInput/queue_size/biased:0, EMA/QueueInput/queue_size/local_step:0, EMA/QueueInput/queue_size:0, EMA/cross_entropy_loss/biased:0, EMA/cross_entropy_loss/local_step:0, EMA/cross_entropy_loss:0, EMA/train-error-top1/biased:0, EMA/train-error-top1/local_step:0, EMA/train-error-top1:0, EMA/wd_cost/biased:0, EMA/wd_cost/local_step:0, EMA/wd_cost:0, beta1_power:0, beta2_power:0, last_linear/W/Adam:0, last_linear/W/Adam_1:0, last_linear/b/Adam:0, last_linear/b/Adam_1:0, linear0/W/Adam:0, linear0/W/Adam_1:0, linear0/b/Adam:0, linear0/b/Adam_1:0, linear0/bn/beta/Adam:0, linear0/bn/beta/Adam_1:0, linear0/bn/gamma/Adam:0, linear0/bn/gamma/Adam_1:0, linear1/W/Adam:0, linear1/W/Adam_1:0, linear1/b/Adam:0, linear1/b/Adam_1:0, linear1/bn/beta/Adam:0, linear1/bn/beta/Adam_1:0, linear1/bn/gamma/Adam:0, linear1/bn/gamma/Adam_1:0, linear2/W/Adam:0, linear2/W/Adam_1:0, linear2/b/Adam:0, linear2/b/Adam_1:0, linear2/bn/beta/Adam:0, linear2/bn/beta/Adam_1:0, linear2/bn/gamma/Adam:0, linear2/bn/gamma/Adam_1:0, linear3/W/Adam:0, linear3/W/Adam_1:0, linear3/b/Adam:0, linear3/b/Adam_1:0, linear3/bn/beta/Adam:0, linear3/bn/beta/Adam_1:0, linear3/bn/gamma/Adam:0, linear3/bn/gamma/Adam_1:0
[32m[0409 11:24:16 @sessinit.py:219][0m Restoring from dict ...
[32m[0409 11:24:32 @prune.py:154][0m error: [0.37803138]
[32m[0409 11:24:32 @prune.py:124][0m On prune rate 0.1
[32m[0409 11:24:32 @drf_run.py:67][0m Not quantizing linear0/W
[32m[0409 11:24:32 @drf_run.py:67][0m Not quantizing linear0/b
[32m[0409 11:24:32 @drf_run.py:58][0m Not quantizing linear0/bn/beta
[32m[0409 11:24:32 @drf_run.py:58][0m Not quantizing linear0/bn/gamma
[32m[0409 11:24:32 @drf_run.py:58][0m Not quantizing linear0/bn/mean/EMA
[32m[0409 11:24:32 @drf_run.py:58][0m Not quantizing linear0/bn/variance/EMA
[32m[0409 11:24:32 @drf_run.py:70][0m Quantizing weight linear1/W
[32m[0409 11:24:32 @drf_run.py:70][0m Quantizing weight linear1/b
[32m[0409 11:24:32 @drf_run.py:58][0m Not quantizing linear1/bn/beta
[32m[0409 11:24:32 @drf_run.py:58][0m Not quantizing linear1/bn/gamma
[32m[0409 11:24:32 @drf_run.py:58][0m Not quantizing linear1/bn/mean/EMA
[32m[0409 11:24:32 @drf_run.py:58][0m Not quantizing linear1/bn/variance/EMA
[32m[0409 11:24:32 @drf_run.py:70][0m Quantizing weight linear2/W
[32m[0409 11:24:32 @drf_run.py:70][0m Quantizing weight linear2/b
[32m[0409 11:24:32 @drf_run.py:58][0m Not quantizing linear2/bn/beta
[32m[0409 11:24:32 @drf_run.py:58][0m Not quantizing linear2/bn/gamma
[32m[0409 11:24:32 @drf_run.py:58][0m Not quantizing linear2/bn/mean/EMA
[32m[0409 11:24:32 @drf_run.py:58][0m Not quantizing linear2/bn/variance/EMA
[32m[0409 11:24:32 @drf_run.py:70][0m Quantizing weight linear3/W
[32m[0409 11:24:32 @drf_run.py:70][0m Quantizing weight linear3/b
[32m[0409 11:24:32 @drf_run.py:58][0m Not quantizing linear3/bn/beta
[32m[0409 11:24:32 @drf_run.py:58][0m Not quantizing linear3/bn/gamma
[32m[0409 11:24:32 @drf_run.py:58][0m Not quantizing linear3/bn/mean/EMA
[32m[0409 11:24:32 @drf_run.py:58][0m Not quantizing linear3/bn/variance/EMA
[32m[0409 11:24:32 @drf_run.py:64][0m Not quantizing last_linear/W
[32m[0409 11:24:32 @drf_run.py:64][0m Not quantizing last_linear/b
[32m[0409 11:24:32 @drf_run.py:112][0m Adding activation tensors to summary: [<tf.Tensor 'linear0/bn/output:0' shape=(?, 256) dtype=float32>, <tf.Tensor 'linear1/bn/output:0' shape=(?, 256) dtype=float32>, <tf.Tensor 'linear2/bn/output:0' shape=(?, 256) dtype=float32>, <tf.Tensor 'linear3/bn/output:0' shape=(?, 256) dtype=float32>, <tf.Tensor 'last_linear/output:0' shape=(?, 255) dtype=float32>, <tf.Tensor 'output:0' shape=(?, 255) dtype=float32>]
[32m[0409 11:24:32 @drf_run.py:123][0m Parameter count: {'mults': 519936, 'weights': 520191}
[32m[0409 11:24:32 @collection.py:134][0m New collections created in : tf.GraphKeys.GLOBAL_STEP
[32m[0409 11:24:33 @sessinit.py:206][0m Variables to restore from dict: linear3/bn/beta:0, last_linear/W:0, linear0/bn/beta:0, linear1/W:0, linear1/bn/variance/EMA:0, linear1/bn/mean/EMA:0, linear2/bn/beta:0, linear0/bn/mean/EMA:0, linear1/bn/beta:0, linear3/W:0, linear0/b:0, linear2/W:0, global_step:0, linear3/b:0, linear1/bn/gamma:0, linear0/bn/gamma:0, linear0/bn/variance/EMA:0, linear2/bn/gamma:0, linear2/bn/variance/EMA:0, linear3/bn/gamma:0, linear2/b:0, linear3/bn/variance/EMA:0, linear2/bn/mean/EMA:0, linear3/bn/mean/EMA:0, last_linear/b:0, linear1/b:0, linear0/W:0
[32m[0409 11:24:33 @sessinit.py:89][0m [5m[31mWRN[0m The following variables are in the dict, but not found in the graph: EMA/QueueInput/queue_size/biased:0, EMA/QueueInput/queue_size/local_step:0, EMA/QueueInput/queue_size:0, EMA/cross_entropy_loss/biased:0, EMA/cross_entropy_loss/local_step:0, EMA/cross_entropy_loss:0, EMA/train-error-top1/biased:0, EMA/train-error-top1/local_step:0, EMA/train-error-top1:0, EMA/wd_cost/biased:0, EMA/wd_cost/local_step:0, EMA/wd_cost:0, beta1_power:0, beta2_power:0, last_linear/W/Adam:0, last_linear/W/Adam_1:0, last_linear/b/Adam:0, last_linear/b/Adam_1:0, linear0/W/Adam:0, linear0/W/Adam_1:0, linear0/b/Adam:0, linear0/b/Adam_1:0, linear0/bn/beta/Adam:0, linear0/bn/beta/Adam_1:0, linear0/bn/gamma/Adam:0, linear0/bn/gamma/Adam_1:0, linear1/W/Adam:0, linear1/W/Adam_1:0, linear1/b/Adam:0, linear1/b/Adam_1:0, linear1/bn/beta/Adam:0, linear1/bn/beta/Adam_1:0, linear1/bn/gamma/Adam:0, linear1/bn/gamma/Adam_1:0, linear2/W/Adam:0, linear2/W/Adam_1:0, linear2/b/Adam:0, linear2/b/Adam_1:0, linear2/bn/beta/Adam:0, linear2/bn/beta/Adam_1:0, linear2/bn/gamma/Adam:0, linear2/bn/gamma/Adam_1:0, linear3/W/Adam:0, linear3/W/Adam_1:0, linear3/b/Adam:0, linear3/b/Adam_1:0, linear3/bn/beta/Adam:0, linear3/bn/beta/Adam_1:0, linear3/bn/gamma/Adam:0, linear3/bn/gamma/Adam_1:0
[32m[0409 11:24:33 @sessinit.py:219][0m Restoring from dict ...
[32m[0409 11:24:49 @prune.py:154][0m error: [0.66904422]
[32m[0409 11:24:49 @prune.py:124][0m On prune rate 0.15
[32m[0409 11:24:49 @drf_run.py:67][0m Not quantizing linear0/W
[32m[0409 11:24:49 @drf_run.py:67][0m Not quantizing linear0/b
[32m[0409 11:24:49 @drf_run.py:58][0m Not quantizing linear0/bn/beta
[32m[0409 11:24:49 @drf_run.py:58][0m Not quantizing linear0/bn/gamma
[32m[0409 11:24:49 @drf_run.py:58][0m Not quantizing linear0/bn/mean/EMA
[32m[0409 11:24:49 @drf_run.py:58][0m Not quantizing linear0/bn/variance/EMA
[32m[0409 11:24:49 @drf_run.py:70][0m Quantizing weight linear1/W
[32m[0409 11:24:49 @drf_run.py:70][0m Quantizing weight linear1/b
[32m[0409 11:24:49 @drf_run.py:58][0m Not quantizing linear1/bn/beta
[32m[0409 11:24:49 @drf_run.py:58][0m Not quantizing linear1/bn/gamma
[32m[0409 11:24:49 @drf_run.py:58][0m Not quantizing linear1/bn/mean/EMA
[32m[0409 11:24:49 @drf_run.py:58][0m Not quantizing linear1/bn/variance/EMA
[32m[0409 11:24:49 @drf_run.py:70][0m Quantizing weight linear2/W
[32m[0409 11:24:49 @drf_run.py:70][0m Quantizing weight linear2/b
[32m[0409 11:24:49 @drf_run.py:58][0m Not quantizing linear2/bn/beta
[32m[0409 11:24:49 @drf_run.py:58][0m Not quantizing linear2/bn/gamma
[32m[0409 11:24:49 @drf_run.py:58][0m Not quantizing linear2/bn/mean/EMA
[32m[0409 11:24:49 @drf_run.py:58][0m Not quantizing linear2/bn/variance/EMA
[32m[0409 11:24:49 @drf_run.py:70][0m Quantizing weight linear3/W
[32m[0409 11:24:49 @drf_run.py:70][0m Quantizing weight linear3/b
[32m[0409 11:24:49 @drf_run.py:58][0m Not quantizing linear3/bn/beta
[32m[0409 11:24:49 @drf_run.py:58][0m Not quantizing linear3/bn/gamma
[32m[0409 11:24:49 @drf_run.py:58][0m Not quantizing linear3/bn/mean/EMA
[32m[0409 11:24:49 @drf_run.py:58][0m Not quantizing linear3/bn/variance/EMA
[32m[0409 11:24:49 @drf_run.py:64][0m Not quantizing last_linear/W
[32m[0409 11:24:49 @drf_run.py:64][0m Not quantizing last_linear/b
[32m[0409 11:24:49 @drf_run.py:112][0m Adding activation tensors to summary: [<tf.Tensor 'linear0/bn/output:0' shape=(?, 256) dtype=float32>, <tf.Tensor 'linear1/bn/output:0' shape=(?, 256) dtype=float32>, <tf.Tensor 'linear2/bn/output:0' shape=(?, 256) dtype=float32>, <tf.Tensor 'linear3/bn/output:0' shape=(?, 256) dtype=float32>, <tf.Tensor 'last_linear/output:0' shape=(?, 255) dtype=float32>, <tf.Tensor 'output:0' shape=(?, 255) dtype=float32>]
[32m[0409 11:24:49 @drf_run.py:123][0m Parameter count: {'mults': 519936, 'weights': 520191}
[32m[0409 11:24:49 @collection.py:134][0m New collections created in : tf.GraphKeys.GLOBAL_STEP
[32m[0409 11:24:50 @sessinit.py:206][0m Variables to restore from dict: linear3/bn/beta:0, last_linear/W:0, linear0/bn/beta:0, linear1/W:0, linear1/bn/variance/EMA:0, linear1/bn/mean/EMA:0, linear2/bn/beta:0, linear0/bn/mean/EMA:0, linear1/bn/beta:0, linear3/W:0, linear0/b:0, linear2/W:0, global_step:0, linear3/b:0, linear1/bn/gamma:0, linear0/bn/gamma:0, linear0/bn/variance/EMA:0, linear2/bn/gamma:0, linear2/bn/variance/EMA:0, linear3/bn/gamma:0, linear2/b:0, linear3/bn/variance/EMA:0, linear2/bn/mean/EMA:0, linear3/bn/mean/EMA:0, last_linear/b:0, linear1/b:0, linear0/W:0
[32m[0409 11:24:50 @sessinit.py:89][0m [5m[31mWRN[0m The following variables are in the dict, but not found in the graph: EMA/QueueInput/queue_size/biased:0, EMA/QueueInput/queue_size/local_step:0, EMA/QueueInput/queue_size:0, EMA/cross_entropy_loss/biased:0, EMA/cross_entropy_loss/local_step:0, EMA/cross_entropy_loss:0, EMA/train-error-top1/biased:0, EMA/train-error-top1/local_step:0, EMA/train-error-top1:0, EMA/wd_cost/biased:0, EMA/wd_cost/local_step:0, EMA/wd_cost:0, beta1_power:0, beta2_power:0, last_linear/W/Adam:0, last_linear/W/Adam_1:0, last_linear/b/Adam:0, last_linear/b/Adam_1:0, linear0/W/Adam:0, linear0/W/Adam_1:0, linear0/b/Adam:0, linear0/b/Adam_1:0, linear0/bn/beta/Adam:0, linear0/bn/beta/Adam_1:0, linear0/bn/gamma/Adam:0, linear0/bn/gamma/Adam_1:0, linear1/W/Adam:0, linear1/W/Adam_1:0, linear1/b/Adam:0, linear1/b/Adam_1:0, linear1/bn/beta/Adam:0, linear1/bn/beta/Adam_1:0, linear1/bn/gamma/Adam:0, linear1/bn/gamma/Adam_1:0, linear2/W/Adam:0, linear2/W/Adam_1:0, linear2/b/Adam:0, linear2/b/Adam_1:0, linear2/bn/beta/Adam:0, linear2/bn/beta/Adam_1:0, linear2/bn/gamma/Adam:0, linear2/bn/gamma/Adam_1:0, linear3/W/Adam:0, linear3/W/Adam_1:0, linear3/b/Adam:0, linear3/b/Adam_1:0, linear3/bn/beta/Adam:0, linear3/bn/beta/Adam_1:0, linear3/bn/gamma/Adam:0, linear3/bn/gamma/Adam_1:0
[32m[0409 11:24:50 @sessinit.py:219][0m Restoring from dict ...
[32m[0409 11:25:06 @prune.py:154][0m error: [0.87446505]
[32m[0409 11:25:06 @prune.py:124][0m On prune rate 0.25
[32m[0409 11:25:06 @drf_run.py:67][0m Not quantizing linear0/W
[32m[0409 11:25:06 @drf_run.py:67][0m Not quantizing linear0/b
[32m[0409 11:25:06 @drf_run.py:58][0m Not quantizing linear0/bn/beta
[32m[0409 11:25:06 @drf_run.py:58][0m Not quantizing linear0/bn/gamma
[32m[0409 11:25:06 @drf_run.py:58][0m Not quantizing linear0/bn/mean/EMA
[32m[0409 11:25:06 @drf_run.py:58][0m Not quantizing linear0/bn/variance/EMA
[32m[0409 11:25:06 @drf_run.py:70][0m Quantizing weight linear1/W
[32m[0409 11:25:06 @drf_run.py:70][0m Quantizing weight linear1/b
[32m[0409 11:25:06 @drf_run.py:58][0m Not quantizing linear1/bn/beta
[32m[0409 11:25:06 @drf_run.py:58][0m Not quantizing linear1/bn/gamma
[32m[0409 11:25:06 @drf_run.py:58][0m Not quantizing linear1/bn/mean/EMA
[32m[0409 11:25:06 @drf_run.py:58][0m Not quantizing linear1/bn/variance/EMA
[32m[0409 11:25:06 @drf_run.py:70][0m Quantizing weight linear2/W
[32m[0409 11:25:06 @drf_run.py:70][0m Quantizing weight linear2/b
[32m[0409 11:25:06 @drf_run.py:58][0m Not quantizing linear2/bn/beta
[32m[0409 11:25:06 @drf_run.py:58][0m Not quantizing linear2/bn/gamma
[32m[0409 11:25:06 @drf_run.py:58][0m Not quantizing linear2/bn/mean/EMA
[32m[0409 11:25:06 @drf_run.py:58][0m Not quantizing linear2/bn/variance/EMA
[32m[0409 11:25:06 @drf_run.py:70][0m Quantizing weight linear3/W
[32m[0409 11:25:06 @drf_run.py:70][0m Quantizing weight linear3/b
[32m[0409 11:25:06 @drf_run.py:58][0m Not quantizing linear3/bn/beta
[32m[0409 11:25:06 @drf_run.py:58][0m Not quantizing linear3/bn/gamma
[32m[0409 11:25:06 @drf_run.py:58][0m Not quantizing linear3/bn/mean/EMA
[32m[0409 11:25:06 @drf_run.py:58][0m Not quantizing linear3/bn/variance/EMA
[32m[0409 11:25:06 @drf_run.py:64][0m Not quantizing last_linear/W
[32m[0409 11:25:06 @drf_run.py:64][0m Not quantizing last_linear/b
[32m[0409 11:25:06 @drf_run.py:112][0m Adding activation tensors to summary: [<tf.Tensor 'linear0/bn/output:0' shape=(?, 256) dtype=float32>, <tf.Tensor 'linear1/bn/output:0' shape=(?, 256) dtype=float32>, <tf.Tensor 'linear2/bn/output:0' shape=(?, 256) dtype=float32>, <tf.Tensor 'linear3/bn/output:0' shape=(?, 256) dtype=float32>, <tf.Tensor 'last_linear/output:0' shape=(?, 255) dtype=float32>, <tf.Tensor 'output:0' shape=(?, 255) dtype=float32>]
[32m[0409 11:25:06 @drf_run.py:123][0m Parameter count: {'mults': 519936, 'weights': 520191}
[32m[0409 11:25:06 @collection.py:134][0m New collections created in : tf.GraphKeys.GLOBAL_STEP
[32m[0409 11:25:07 @sessinit.py:206][0m Variables to restore from dict: linear3/bn/beta:0, last_linear/W:0, linear0/bn/beta:0, linear1/W:0, linear1/bn/variance/EMA:0, linear1/bn/mean/EMA:0, linear2/bn/beta:0, linear0/bn/mean/EMA:0, linear1/bn/beta:0, linear3/W:0, linear0/b:0, linear2/W:0, global_step:0, linear3/b:0, linear1/bn/gamma:0, linear0/bn/gamma:0, linear0/bn/variance/EMA:0, linear2/bn/gamma:0, linear2/bn/variance/EMA:0, linear3/bn/gamma:0, linear2/b:0, linear3/bn/variance/EMA:0, linear2/bn/mean/EMA:0, linear3/bn/mean/EMA:0, last_linear/b:0, linear1/b:0, linear0/W:0
[32m[0409 11:25:07 @sessinit.py:89][0m [5m[31mWRN[0m The following variables are in the dict, but not found in the graph: EMA/QueueInput/queue_size/biased:0, EMA/QueueInput/queue_size/local_step:0, EMA/QueueInput/queue_size:0, EMA/cross_entropy_loss/biased:0, EMA/cross_entropy_loss/local_step:0, EMA/cross_entropy_loss:0, EMA/train-error-top1/biased:0, EMA/train-error-top1/local_step:0, EMA/train-error-top1:0, EMA/wd_cost/biased:0, EMA/wd_cost/local_step:0, EMA/wd_cost:0, beta1_power:0, beta2_power:0, last_linear/W/Adam:0, last_linear/W/Adam_1:0, last_linear/b/Adam:0, last_linear/b/Adam_1:0, linear0/W/Adam:0, linear0/W/Adam_1:0, linear0/b/Adam:0, linear0/b/Adam_1:0, linear0/bn/beta/Adam:0, linear0/bn/beta/Adam_1:0, linear0/bn/gamma/Adam:0, linear0/bn/gamma/Adam_1:0, linear1/W/Adam:0, linear1/W/Adam_1:0, linear1/b/Adam:0, linear1/b/Adam_1:0, linear1/bn/beta/Adam:0, linear1/bn/beta/Adam_1:0, linear1/bn/gamma/Adam:0, linear1/bn/gamma/Adam_1:0, linear2/W/Adam:0, linear2/W/Adam_1:0, linear2/b/Adam:0, linear2/b/Adam_1:0, linear2/bn/beta/Adam:0, linear2/bn/beta/Adam_1:0, linear2/bn/gamma/Adam:0, linear2/bn/gamma/Adam_1:0, linear3/W/Adam:0, linear3/W/Adam_1:0, linear3/b/Adam:0, linear3/b/Adam_1:0, linear3/bn/beta/Adam:0, linear3/bn/beta/Adam_1:0, linear3/bn/gamma/Adam:0, linear3/bn/gamma/Adam_1:0
[32m[0409 11:25:07 @sessinit.py:219][0m Restoring from dict ...
[32m[0409 11:25:23 @prune.py:154][0m error: [0.9828816]
[32m[0409 11:25:23 @prune.py:124][0m On prune rate 0.5
[32m[0409 11:25:23 @drf_run.py:67][0m Not quantizing linear0/W
[32m[0409 11:25:23 @drf_run.py:67][0m Not quantizing linear0/b
[32m[0409 11:25:23 @drf_run.py:58][0m Not quantizing linear0/bn/beta
[32m[0409 11:25:23 @drf_run.py:58][0m Not quantizing linear0/bn/gamma
[32m[0409 11:25:23 @drf_run.py:58][0m Not quantizing linear0/bn/mean/EMA
[32m[0409 11:25:23 @drf_run.py:58][0m Not quantizing linear0/bn/variance/EMA
[32m[0409 11:25:23 @drf_run.py:70][0m Quantizing weight linear1/W
[32m[0409 11:25:23 @drf_run.py:70][0m Quantizing weight linear1/b
[32m[0409 11:25:23 @drf_run.py:58][0m Not quantizing linear1/bn/beta
[32m[0409 11:25:23 @drf_run.py:58][0m Not quantizing linear1/bn/gamma
[32m[0409 11:25:23 @drf_run.py:58][0m Not quantizing linear1/bn/mean/EMA
[32m[0409 11:25:23 @drf_run.py:58][0m Not quantizing linear1/bn/variance/EMA
[32m[0409 11:25:23 @drf_run.py:70][0m Quantizing weight linear2/W
[32m[0409 11:25:23 @drf_run.py:70][0m Quantizing weight linear2/b
[32m[0409 11:25:23 @drf_run.py:58][0m Not quantizing linear2/bn/beta
[32m[0409 11:25:23 @drf_run.py:58][0m Not quantizing linear2/bn/gamma
[32m[0409 11:25:23 @drf_run.py:58][0m Not quantizing linear2/bn/mean/EMA
[32m[0409 11:25:23 @drf_run.py:58][0m Not quantizing linear2/bn/variance/EMA
[32m[0409 11:25:23 @drf_run.py:70][0m Quantizing weight linear3/W
[32m[0409 11:25:23 @drf_run.py:70][0m Quantizing weight linear3/b
[32m[0409 11:25:23 @drf_run.py:58][0m Not quantizing linear3/bn/beta
[32m[0409 11:25:23 @drf_run.py:58][0m Not quantizing linear3/bn/gamma
[32m[0409 11:25:23 @drf_run.py:58][0m Not quantizing linear3/bn/mean/EMA
[32m[0409 11:25:23 @drf_run.py:58][0m Not quantizing linear3/bn/variance/EMA
[32m[0409 11:25:23 @drf_run.py:64][0m Not quantizing last_linear/W
[32m[0409 11:25:23 @drf_run.py:64][0m Not quantizing last_linear/b
[32m[0409 11:25:23 @drf_run.py:112][0m Adding activation tensors to summary: [<tf.Tensor 'linear0/bn/output:0' shape=(?, 256) dtype=float32>, <tf.Tensor 'linear1/bn/output:0' shape=(?, 256) dtype=float32>, <tf.Tensor 'linear2/bn/output:0' shape=(?, 256) dtype=float32>, <tf.Tensor 'linear3/bn/output:0' shape=(?, 256) dtype=float32>, <tf.Tensor 'last_linear/output:0' shape=(?, 255) dtype=float32>, <tf.Tensor 'output:0' shape=(?, 255) dtype=float32>]
[32m[0409 11:25:23 @drf_run.py:123][0m Parameter count: {'mults': 519936, 'weights': 520191}
[32m[0409 11:25:23 @collection.py:134][0m New collections created in : tf.GraphKeys.GLOBAL_STEP
[32m[0409 11:25:24 @sessinit.py:206][0m Variables to restore from dict: linear3/bn/beta:0, last_linear/W:0, linear0/bn/beta:0, linear1/W:0, linear1/bn/variance/EMA:0, linear1/bn/mean/EMA:0, linear2/bn/beta:0, linear0/bn/mean/EMA:0, linear1/bn/beta:0, linear3/W:0, linear0/b:0, linear2/W:0, global_step:0, linear3/b:0, linear1/bn/gamma:0, linear0/bn/gamma:0, linear0/bn/variance/EMA:0, linear2/bn/gamma:0, linear2/bn/variance/EMA:0, linear3/bn/gamma:0, linear2/b:0, linear3/bn/variance/EMA:0, linear2/bn/mean/EMA:0, linear3/bn/mean/EMA:0, last_linear/b:0, linear1/b:0, linear0/W:0
[32m[0409 11:25:24 @sessinit.py:89][0m [5m[31mWRN[0m The following variables are in the dict, but not found in the graph: EMA/QueueInput/queue_size/biased:0, EMA/QueueInput/queue_size/local_step:0, EMA/QueueInput/queue_size:0, EMA/cross_entropy_loss/biased:0, EMA/cross_entropy_loss/local_step:0, EMA/cross_entropy_loss:0, EMA/train-error-top1/biased:0, EMA/train-error-top1/local_step:0, EMA/train-error-top1:0, EMA/wd_cost/biased:0, EMA/wd_cost/local_step:0, EMA/wd_cost:0, beta1_power:0, beta2_power:0, last_linear/W/Adam:0, last_linear/W/Adam_1:0, last_linear/b/Adam:0, last_linear/b/Adam_1:0, linear0/W/Adam:0, linear0/W/Adam_1:0, linear0/b/Adam:0, linear0/b/Adam_1:0, linear0/bn/beta/Adam:0, linear0/bn/beta/Adam_1:0, linear0/bn/gamma/Adam:0, linear0/bn/gamma/Adam_1:0, linear1/W/Adam:0, linear1/W/Adam_1:0, linear1/b/Adam:0, linear1/b/Adam_1:0, linear1/bn/beta/Adam:0, linear1/bn/beta/Adam_1:0, linear1/bn/gamma/Adam:0, linear1/bn/gamma/Adam_1:0, linear2/W/Adam:0, linear2/W/Adam_1:0, linear2/b/Adam:0, linear2/b/Adam_1:0, linear2/bn/beta/Adam:0, linear2/bn/beta/Adam_1:0, linear2/bn/gamma/Adam:0, linear2/bn/gamma/Adam_1:0, linear3/W/Adam:0, linear3/W/Adam_1:0, linear3/b/Adam:0, linear3/b/Adam_1:0, linear3/bn/beta/Adam:0, linear3/bn/beta/Adam_1:0, linear3/bn/gamma/Adam:0, linear3/bn/gamma/Adam_1:0
[32m[0409 11:25:24 @sessinit.py:219][0m Restoring from dict ...
[32m[0409 11:25:42 @prune.py:154][0m error: [0.99857347]
[32m[0409 11:25:42 @prune.py:156][0m Errors:[0.12268188302425106, 0.12268188302425106, 0.12838801711840228, 0.1312410841654779, 0.1783166904422254, 0.2253922967189729, 0.2781740370898716, 0.3780313837375178, 0.6690442225392297, 0.8744650499286734, 0.9828815977175464, 0.9985734664764622]
[32m[0409 11:25:42 @prune.py:157][0m Sparsities:[0.0, 0.0009899945320069453, 0.004988344541120267, 0.009982444864403365, 0.01999175004556661, 0.029981869286187082, 0.03999117446735032, 0.049975537925807965, 0.09998177335648437, 0.14998800878716076, 0.24993716604472244, 0.49996642460405016]
