[32m[0409 11:22:38 @logger.py:74][0m Argv: prune.py --model=fcn2 --bitw=16 --bita=32 --quant_ends=False --dorefa=True
[32m[0409 11:22:38 @prune.py:113][0m 18822 utterances per val epoch
[32m[0409 11:22:38 @prune.py:114][0m Using host: sls-520-3
[32m[0409 11:22:38 @prune.py:124][0m On prune rate 0
[32m[0409 11:22:39 @registry.py:122][0m linear0 input: [None, 1000]
[32m[0409 11:22:39 @drf_run.py:67][0m Not quantizing linear0/W
[32m[0409 11:22:39 @drf_run.py:67][0m Not quantizing linear0/b
[32m[0409 11:22:39 @drf_run.py:58][0m Not quantizing linear0/bn/beta
[32m[0409 11:22:39 @drf_run.py:58][0m Not quantizing linear0/bn/gamma
[32m[0409 11:22:39 @drf_run.py:58][0m Not quantizing linear0/bn/mean/EMA
[32m[0409 11:22:39 @drf_run.py:58][0m Not quantizing linear0/bn/variance/EMA
[32m[0409 11:22:39 @registry.py:130][0m linear0 output: [None, 504]
[32m[0409 11:22:39 @registry.py:122][0m linear1 input: [None, 504]
[32m[0409 11:22:39 @drf_run.py:70][0m Quantizing weight linear1/W
[32m[0409 11:22:39 @drf_run.py:70][0m Quantizing weight linear1/b
[32m[0409 11:22:39 @drf_run.py:58][0m Not quantizing linear1/bn/beta
[32m[0409 11:22:39 @drf_run.py:58][0m Not quantizing linear1/bn/gamma
[32m[0409 11:22:39 @drf_run.py:58][0m Not quantizing linear1/bn/mean/EMA
[32m[0409 11:22:39 @drf_run.py:58][0m Not quantizing linear1/bn/variance/EMA
[32m[0409 11:22:39 @registry.py:130][0m linear1 output: [None, 504]
[32m[0409 11:22:39 @registry.py:122][0m linear2 input: [None, 504]
[32m[0409 11:22:39 @drf_run.py:70][0m Quantizing weight linear2/W
[32m[0409 11:22:39 @drf_run.py:70][0m Quantizing weight linear2/b
[32m[0409 11:22:39 @drf_run.py:58][0m Not quantizing linear2/bn/beta
[32m[0409 11:22:39 @drf_run.py:58][0m Not quantizing linear2/bn/gamma
[32m[0409 11:22:39 @drf_run.py:58][0m Not quantizing linear2/bn/mean/EMA
[32m[0409 11:22:39 @drf_run.py:58][0m Not quantizing linear2/bn/variance/EMA
[32m[0409 11:22:40 @registry.py:130][0m linear2 output: [None, 504]
[32m[0409 11:22:40 @registry.py:122][0m linear3 input: [None, 504]
[32m[0409 11:22:40 @drf_run.py:70][0m Quantizing weight linear3/W
[32m[0409 11:22:40 @drf_run.py:70][0m Quantizing weight linear3/b
[32m[0409 11:22:40 @drf_run.py:58][0m Not quantizing linear3/bn/beta
[32m[0409 11:22:40 @drf_run.py:58][0m Not quantizing linear3/bn/gamma
[32m[0409 11:22:40 @drf_run.py:58][0m Not quantizing linear3/bn/mean/EMA
[32m[0409 11:22:40 @drf_run.py:58][0m Not quantizing linear3/bn/variance/EMA
[32m[0409 11:22:40 @registry.py:130][0m linear3 output: [None, 504]
[32m[0409 11:22:40 @registry.py:122][0m last_linear input: [None, 504]
[32m[0409 11:22:40 @drf_run.py:64][0m Not quantizing last_linear/W
[32m[0409 11:22:40 @drf_run.py:64][0m Not quantizing last_linear/b
[32m[0409 11:22:40 @registry.py:130][0m last_linear output: [None, 255]
[32m[0409 11:22:40 @drf_run.py:112][0m Adding activation tensors to summary: [<tf.Tensor 'linear0/bn/output:0' shape=(?, 504) dtype=float32>, <tf.Tensor 'linear1/bn/output:0' shape=(?, 504) dtype=float32>, <tf.Tensor 'linear2/bn/output:0' shape=(?, 504) dtype=float32>, <tf.Tensor 'linear3/bn/output:0' shape=(?, 504) dtype=float32>, <tf.Tensor 'last_linear/output:0' shape=(?, 255) dtype=float32>, <tf.Tensor 'output:0' shape=(?, 255) dtype=float32>]
[32m[0409 11:22:40 @drf_run.py:123][0m Parameter count: {'mults': 1398600, 'weights': 1398855}
[32m[0409 11:22:40 @collection.py:134][0m New collections created in : tf.GraphKeys.GLOBAL_STEP
[32m[0409 11:22:40 @sessinit.py:206][0m Variables to restore from dict: linear3/bn/beta:0, last_linear/W:0, linear0/bn/beta:0, linear1/W:0, linear1/bn/variance/EMA:0, linear1/bn/mean/EMA:0, linear2/bn/beta:0, linear0/bn/mean/EMA:0, linear1/bn/beta:0, linear3/W:0, linear0/b:0, linear2/W:0, global_step:0, linear3/b:0, linear1/bn/gamma:0, linear0/bn/gamma:0, linear0/bn/variance/EMA:0, linear2/bn/gamma:0, linear2/bn/variance/EMA:0, linear3/bn/gamma:0, linear2/b:0, linear3/bn/variance/EMA:0, linear2/bn/mean/EMA:0, linear3/bn/mean/EMA:0, last_linear/b:0, linear1/b:0, linear0/W:0
[32m[0409 11:22:40 @sessinit.py:89][0m [5m[31mWRN[0m The following variables are in the dict, but not found in the graph: EMA/QueueInput/queue_size/biased:0, EMA/QueueInput/queue_size/local_step:0, EMA/QueueInput/queue_size:0, EMA/cross_entropy_loss/biased:0, EMA/cross_entropy_loss/local_step:0, EMA/cross_entropy_loss:0, EMA/train-error-top1/biased:0, EMA/train-error-top1/local_step:0, EMA/train-error-top1:0, EMA/wd_cost/biased:0, EMA/wd_cost/local_step:0, EMA/wd_cost:0, beta1_power:0, beta2_power:0, last_linear/W/Adam:0, last_linear/W/Adam_1:0, last_linear/b/Adam:0, last_linear/b/Adam_1:0, linear0/W/Adam:0, linear0/W/Adam_1:0, linear0/b/Adam:0, linear0/b/Adam_1:0, linear0/bn/beta/Adam:0, linear0/bn/beta/Adam_1:0, linear0/bn/gamma/Adam:0, linear0/bn/gamma/Adam_1:0, linear1/W/Adam:0, linear1/W/Adam_1:0, linear1/b/Adam:0, linear1/b/Adam_1:0, linear1/bn/beta/Adam:0, linear1/bn/beta/Adam_1:0, linear1/bn/gamma/Adam:0, linear1/bn/gamma/Adam_1:0, linear2/W/Adam:0, linear2/W/Adam_1:0, linear2/b/Adam:0, linear2/b/Adam_1:0, linear2/bn/beta/Adam:0, linear2/bn/beta/Adam_1:0, linear2/bn/gamma/Adam:0, linear2/bn/gamma/Adam_1:0, linear3/W/Adam:0, linear3/W/Adam_1:0, linear3/b/Adam:0, linear3/b/Adam_1:0, linear3/bn/beta/Adam:0, linear3/bn/beta/Adam_1:0, linear3/bn/gamma/Adam:0, linear3/bn/gamma/Adam_1:0
[32m[0409 11:22:40 @sessinit.py:219][0m Restoring from dict ...
[32m[0409 11:22:40 @develop.py:85][0m [5m[31mWRN[0m [Deprecated] Calling a predictor with one datapoint will be deprecated after 01 Mar. Call it with positional arguments instead!
[32m[0409 11:23:14 @prune.py:154][0m error: [0.03994294]
[32m[0409 11:23:14 @prune.py:124][0m On prune rate 0.001
[32m[0409 11:23:14 @drf_run.py:67][0m Not quantizing linear0/W
[32m[0409 11:23:14 @drf_run.py:67][0m Not quantizing linear0/b
[32m[0409 11:23:14 @drf_run.py:58][0m Not quantizing linear0/bn/beta
[32m[0409 11:23:14 @drf_run.py:58][0m Not quantizing linear0/bn/gamma
[32m[0409 11:23:14 @drf_run.py:58][0m Not quantizing linear0/bn/mean/EMA
[32m[0409 11:23:14 @drf_run.py:58][0m Not quantizing linear0/bn/variance/EMA
[32m[0409 11:23:14 @drf_run.py:70][0m Quantizing weight linear1/W
[32m[0409 11:23:14 @drf_run.py:70][0m Quantizing weight linear1/b
[32m[0409 11:23:14 @drf_run.py:58][0m Not quantizing linear1/bn/beta
[32m[0409 11:23:14 @drf_run.py:58][0m Not quantizing linear1/bn/gamma
[32m[0409 11:23:14 @drf_run.py:58][0m Not quantizing linear1/bn/mean/EMA
[32m[0409 11:23:14 @drf_run.py:58][0m Not quantizing linear1/bn/variance/EMA
[32m[0409 11:23:14 @drf_run.py:70][0m Quantizing weight linear2/W
[32m[0409 11:23:14 @drf_run.py:70][0m Quantizing weight linear2/b
[32m[0409 11:23:14 @drf_run.py:58][0m Not quantizing linear2/bn/beta
[32m[0409 11:23:14 @drf_run.py:58][0m Not quantizing linear2/bn/gamma
[32m[0409 11:23:14 @drf_run.py:58][0m Not quantizing linear2/bn/mean/EMA
[32m[0409 11:23:14 @drf_run.py:58][0m Not quantizing linear2/bn/variance/EMA
[32m[0409 11:23:14 @drf_run.py:70][0m Quantizing weight linear3/W
[32m[0409 11:23:14 @drf_run.py:70][0m Quantizing weight linear3/b
[32m[0409 11:23:14 @drf_run.py:58][0m Not quantizing linear3/bn/beta
[32m[0409 11:23:14 @drf_run.py:58][0m Not quantizing linear3/bn/gamma
[32m[0409 11:23:14 @drf_run.py:58][0m Not quantizing linear3/bn/mean/EMA
[32m[0409 11:23:14 @drf_run.py:58][0m Not quantizing linear3/bn/variance/EMA
[32m[0409 11:23:14 @drf_run.py:64][0m Not quantizing last_linear/W
[32m[0409 11:23:14 @drf_run.py:64][0m Not quantizing last_linear/b
[32m[0409 11:23:14 @drf_run.py:112][0m Adding activation tensors to summary: [<tf.Tensor 'linear0/bn/output:0' shape=(?, 504) dtype=float32>, <tf.Tensor 'linear1/bn/output:0' shape=(?, 504) dtype=float32>, <tf.Tensor 'linear2/bn/output:0' shape=(?, 504) dtype=float32>, <tf.Tensor 'linear3/bn/output:0' shape=(?, 504) dtype=float32>, <tf.Tensor 'last_linear/output:0' shape=(?, 255) dtype=float32>, <tf.Tensor 'output:0' shape=(?, 255) dtype=float32>]
[32m[0409 11:23:14 @drf_run.py:123][0m Parameter count: {'mults': 1398600, 'weights': 1398855}
[32m[0409 11:23:14 @collection.py:134][0m New collections created in : tf.GraphKeys.GLOBAL_STEP
[32m[0409 11:23:15 @sessinit.py:206][0m Variables to restore from dict: linear3/bn/beta:0, last_linear/W:0, linear0/bn/beta:0, linear1/W:0, linear1/bn/variance/EMA:0, linear1/bn/mean/EMA:0, linear2/bn/beta:0, linear0/bn/mean/EMA:0, linear1/bn/beta:0, linear3/W:0, linear0/b:0, linear2/W:0, global_step:0, linear3/b:0, linear1/bn/gamma:0, linear0/bn/gamma:0, linear0/bn/variance/EMA:0, linear2/bn/gamma:0, linear2/bn/variance/EMA:0, linear3/bn/gamma:0, linear2/b:0, linear3/bn/variance/EMA:0, linear2/bn/mean/EMA:0, linear3/bn/mean/EMA:0, last_linear/b:0, linear1/b:0, linear0/W:0
[32m[0409 11:23:15 @sessinit.py:89][0m [5m[31mWRN[0m The following variables are in the dict, but not found in the graph: EMA/QueueInput/queue_size/biased:0, EMA/QueueInput/queue_size/local_step:0, EMA/QueueInput/queue_size:0, EMA/cross_entropy_loss/biased:0, EMA/cross_entropy_loss/local_step:0, EMA/cross_entropy_loss:0, EMA/train-error-top1/biased:0, EMA/train-error-top1/local_step:0, EMA/train-error-top1:0, EMA/wd_cost/biased:0, EMA/wd_cost/local_step:0, EMA/wd_cost:0, beta1_power:0, beta2_power:0, last_linear/W/Adam:0, last_linear/W/Adam_1:0, last_linear/b/Adam:0, last_linear/b/Adam_1:0, linear0/W/Adam:0, linear0/W/Adam_1:0, linear0/b/Adam:0, linear0/b/Adam_1:0, linear0/bn/beta/Adam:0, linear0/bn/beta/Adam_1:0, linear0/bn/gamma/Adam:0, linear0/bn/gamma/Adam_1:0, linear1/W/Adam:0, linear1/W/Adam_1:0, linear1/b/Adam:0, linear1/b/Adam_1:0, linear1/bn/beta/Adam:0, linear1/bn/beta/Adam_1:0, linear1/bn/gamma/Adam:0, linear1/bn/gamma/Adam_1:0, linear2/W/Adam:0, linear2/W/Adam_1:0, linear2/b/Adam:0, linear2/b/Adam_1:0, linear2/bn/beta/Adam:0, linear2/bn/beta/Adam_1:0, linear2/bn/gamma/Adam:0, linear2/bn/gamma/Adam_1:0, linear3/W/Adam:0, linear3/W/Adam_1:0, linear3/b/Adam:0, linear3/b/Adam_1:0, linear3/bn/beta/Adam:0, linear3/bn/beta/Adam_1:0, linear3/bn/gamma/Adam:0, linear3/bn/gamma/Adam_1:0
[32m[0409 11:23:15 @sessinit.py:219][0m Restoring from dict ...
[32m[0409 11:23:48 @prune.py:154][0m error: [0.03994294]
[32m[0409 11:23:48 @prune.py:124][0m On prune rate 0.005
[32m[0409 11:23:48 @drf_run.py:67][0m Not quantizing linear0/W
[32m[0409 11:23:48 @drf_run.py:67][0m Not quantizing linear0/b
[32m[0409 11:23:48 @drf_run.py:58][0m Not quantizing linear0/bn/beta
[32m[0409 11:23:48 @drf_run.py:58][0m Not quantizing linear0/bn/gamma
[32m[0409 11:23:48 @drf_run.py:58][0m Not quantizing linear0/bn/mean/EMA
[32m[0409 11:23:48 @drf_run.py:58][0m Not quantizing linear0/bn/variance/EMA
[32m[0409 11:23:48 @drf_run.py:70][0m Quantizing weight linear1/W
[32m[0409 11:23:48 @drf_run.py:70][0m Quantizing weight linear1/b
[32m[0409 11:23:48 @drf_run.py:58][0m Not quantizing linear1/bn/beta
[32m[0409 11:23:48 @drf_run.py:58][0m Not quantizing linear1/bn/gamma
[32m[0409 11:23:48 @drf_run.py:58][0m Not quantizing linear1/bn/mean/EMA
[32m[0409 11:23:48 @drf_run.py:58][0m Not quantizing linear1/bn/variance/EMA
[32m[0409 11:23:48 @drf_run.py:70][0m Quantizing weight linear2/W
[32m[0409 11:23:48 @drf_run.py:70][0m Quantizing weight linear2/b
[32m[0409 11:23:48 @drf_run.py:58][0m Not quantizing linear2/bn/beta
[32m[0409 11:23:48 @drf_run.py:58][0m Not quantizing linear2/bn/gamma
[32m[0409 11:23:48 @drf_run.py:58][0m Not quantizing linear2/bn/mean/EMA
[32m[0409 11:23:48 @drf_run.py:58][0m Not quantizing linear2/bn/variance/EMA
[32m[0409 11:23:49 @drf_run.py:70][0m Quantizing weight linear3/W
[32m[0409 11:23:49 @drf_run.py:70][0m Quantizing weight linear3/b
[32m[0409 11:23:49 @drf_run.py:58][0m Not quantizing linear3/bn/beta
[32m[0409 11:23:49 @drf_run.py:58][0m Not quantizing linear3/bn/gamma
[32m[0409 11:23:49 @drf_run.py:58][0m Not quantizing linear3/bn/mean/EMA
[32m[0409 11:23:49 @drf_run.py:58][0m Not quantizing linear3/bn/variance/EMA
[32m[0409 11:23:49 @drf_run.py:64][0m Not quantizing last_linear/W
[32m[0409 11:23:49 @drf_run.py:64][0m Not quantizing last_linear/b
[32m[0409 11:23:49 @drf_run.py:112][0m Adding activation tensors to summary: [<tf.Tensor 'linear0/bn/output:0' shape=(?, 504) dtype=float32>, <tf.Tensor 'linear1/bn/output:0' shape=(?, 504) dtype=float32>, <tf.Tensor 'linear2/bn/output:0' shape=(?, 504) dtype=float32>, <tf.Tensor 'linear3/bn/output:0' shape=(?, 504) dtype=float32>, <tf.Tensor 'last_linear/output:0' shape=(?, 255) dtype=float32>, <tf.Tensor 'output:0' shape=(?, 255) dtype=float32>]
[32m[0409 11:23:49 @drf_run.py:123][0m Parameter count: {'mults': 1398600, 'weights': 1398855}
[32m[0409 11:23:49 @collection.py:134][0m New collections created in : tf.GraphKeys.GLOBAL_STEP
[32m[0409 11:23:49 @sessinit.py:206][0m Variables to restore from dict: linear3/bn/beta:0, last_linear/W:0, linear0/bn/beta:0, linear1/W:0, linear1/bn/variance/EMA:0, linear1/bn/mean/EMA:0, linear2/bn/beta:0, linear0/bn/mean/EMA:0, linear1/bn/beta:0, linear3/W:0, linear0/b:0, linear2/W:0, global_step:0, linear3/b:0, linear1/bn/gamma:0, linear0/bn/gamma:0, linear0/bn/variance/EMA:0, linear2/bn/gamma:0, linear2/bn/variance/EMA:0, linear3/bn/gamma:0, linear2/b:0, linear3/bn/variance/EMA:0, linear2/bn/mean/EMA:0, linear3/bn/mean/EMA:0, last_linear/b:0, linear1/b:0, linear0/W:0
[32m[0409 11:23:49 @sessinit.py:89][0m [5m[31mWRN[0m The following variables are in the dict, but not found in the graph: EMA/QueueInput/queue_size/biased:0, EMA/QueueInput/queue_size/local_step:0, EMA/QueueInput/queue_size:0, EMA/cross_entropy_loss/biased:0, EMA/cross_entropy_loss/local_step:0, EMA/cross_entropy_loss:0, EMA/train-error-top1/biased:0, EMA/train-error-top1/local_step:0, EMA/train-error-top1:0, EMA/wd_cost/biased:0, EMA/wd_cost/local_step:0, EMA/wd_cost:0, beta1_power:0, beta2_power:0, last_linear/W/Adam:0, last_linear/W/Adam_1:0, last_linear/b/Adam:0, last_linear/b/Adam_1:0, linear0/W/Adam:0, linear0/W/Adam_1:0, linear0/b/Adam:0, linear0/b/Adam_1:0, linear0/bn/beta/Adam:0, linear0/bn/beta/Adam_1:0, linear0/bn/gamma/Adam:0, linear0/bn/gamma/Adam_1:0, linear1/W/Adam:0, linear1/W/Adam_1:0, linear1/b/Adam:0, linear1/b/Adam_1:0, linear1/bn/beta/Adam:0, linear1/bn/beta/Adam_1:0, linear1/bn/gamma/Adam:0, linear1/bn/gamma/Adam_1:0, linear2/W/Adam:0, linear2/W/Adam_1:0, linear2/b/Adam:0, linear2/b/Adam_1:0, linear2/bn/beta/Adam:0, linear2/bn/beta/Adam_1:0, linear2/bn/gamma/Adam:0, linear2/bn/gamma/Adam_1:0, linear3/W/Adam:0, linear3/W/Adam_1:0, linear3/b/Adam:0, linear3/b/Adam_1:0, linear3/bn/beta/Adam:0, linear3/bn/beta/Adam_1:0, linear3/bn/gamma/Adam:0, linear3/bn/gamma/Adam_1:0
[32m[0409 11:23:49 @sessinit.py:219][0m Restoring from dict ...
[32m[0409 11:24:22 @prune.py:154][0m error: [0.04279601]
[32m[0409 11:24:22 @prune.py:124][0m On prune rate 0.01
[32m[0409 11:24:23 @drf_run.py:67][0m Not quantizing linear0/W
[32m[0409 11:24:23 @drf_run.py:67][0m Not quantizing linear0/b
[32m[0409 11:24:23 @drf_run.py:58][0m Not quantizing linear0/bn/beta
[32m[0409 11:24:23 @drf_run.py:58][0m Not quantizing linear0/bn/gamma
[32m[0409 11:24:23 @drf_run.py:58][0m Not quantizing linear0/bn/mean/EMA
[32m[0409 11:24:23 @drf_run.py:58][0m Not quantizing linear0/bn/variance/EMA
[32m[0409 11:24:23 @drf_run.py:70][0m Quantizing weight linear1/W
[32m[0409 11:24:23 @drf_run.py:70][0m Quantizing weight linear1/b
[32m[0409 11:24:23 @drf_run.py:58][0m Not quantizing linear1/bn/beta
[32m[0409 11:24:23 @drf_run.py:58][0m Not quantizing linear1/bn/gamma
[32m[0409 11:24:23 @drf_run.py:58][0m Not quantizing linear1/bn/mean/EMA
[32m[0409 11:24:23 @drf_run.py:58][0m Not quantizing linear1/bn/variance/EMA
[32m[0409 11:24:23 @drf_run.py:70][0m Quantizing weight linear2/W
[32m[0409 11:24:23 @drf_run.py:70][0m Quantizing weight linear2/b
[32m[0409 11:24:23 @drf_run.py:58][0m Not quantizing linear2/bn/beta
[32m[0409 11:24:23 @drf_run.py:58][0m Not quantizing linear2/bn/gamma
[32m[0409 11:24:23 @drf_run.py:58][0m Not quantizing linear2/bn/mean/EMA
[32m[0409 11:24:23 @drf_run.py:58][0m Not quantizing linear2/bn/variance/EMA
[32m[0409 11:24:23 @drf_run.py:70][0m Quantizing weight linear3/W
[32m[0409 11:24:23 @drf_run.py:70][0m Quantizing weight linear3/b
[32m[0409 11:24:23 @drf_run.py:58][0m Not quantizing linear3/bn/beta
[32m[0409 11:24:23 @drf_run.py:58][0m Not quantizing linear3/bn/gamma
[32m[0409 11:24:23 @drf_run.py:58][0m Not quantizing linear3/bn/mean/EMA
[32m[0409 11:24:23 @drf_run.py:58][0m Not quantizing linear3/bn/variance/EMA
[32m[0409 11:24:23 @drf_run.py:64][0m Not quantizing last_linear/W
[32m[0409 11:24:23 @drf_run.py:64][0m Not quantizing last_linear/b
[32m[0409 11:24:23 @drf_run.py:112][0m Adding activation tensors to summary: [<tf.Tensor 'linear0/bn/output:0' shape=(?, 504) dtype=float32>, <tf.Tensor 'linear1/bn/output:0' shape=(?, 504) dtype=float32>, <tf.Tensor 'linear2/bn/output:0' shape=(?, 504) dtype=float32>, <tf.Tensor 'linear3/bn/output:0' shape=(?, 504) dtype=float32>, <tf.Tensor 'last_linear/output:0' shape=(?, 255) dtype=float32>, <tf.Tensor 'output:0' shape=(?, 255) dtype=float32>]
[32m[0409 11:24:23 @drf_run.py:123][0m Parameter count: {'mults': 1398600, 'weights': 1398855}
[32m[0409 11:24:23 @collection.py:134][0m New collections created in : tf.GraphKeys.GLOBAL_STEP
[32m[0409 11:24:23 @sessinit.py:206][0m Variables to restore from dict: linear3/bn/beta:0, last_linear/W:0, linear0/bn/beta:0, linear1/W:0, linear1/bn/variance/EMA:0, linear1/bn/mean/EMA:0, linear2/bn/beta:0, linear0/bn/mean/EMA:0, linear1/bn/beta:0, linear3/W:0, linear0/b:0, linear2/W:0, global_step:0, linear3/b:0, linear1/bn/gamma:0, linear0/bn/gamma:0, linear0/bn/variance/EMA:0, linear2/bn/gamma:0, linear2/bn/variance/EMA:0, linear3/bn/gamma:0, linear2/b:0, linear3/bn/variance/EMA:0, linear2/bn/mean/EMA:0, linear3/bn/mean/EMA:0, last_linear/b:0, linear1/b:0, linear0/W:0
[32m[0409 11:24:23 @sessinit.py:89][0m [5m[31mWRN[0m The following variables are in the dict, but not found in the graph: EMA/QueueInput/queue_size/biased:0, EMA/QueueInput/queue_size/local_step:0, EMA/QueueInput/queue_size:0, EMA/cross_entropy_loss/biased:0, EMA/cross_entropy_loss/local_step:0, EMA/cross_entropy_loss:0, EMA/train-error-top1/biased:0, EMA/train-error-top1/local_step:0, EMA/train-error-top1:0, EMA/wd_cost/biased:0, EMA/wd_cost/local_step:0, EMA/wd_cost:0, beta1_power:0, beta2_power:0, last_linear/W/Adam:0, last_linear/W/Adam_1:0, last_linear/b/Adam:0, last_linear/b/Adam_1:0, linear0/W/Adam:0, linear0/W/Adam_1:0, linear0/b/Adam:0, linear0/b/Adam_1:0, linear0/bn/beta/Adam:0, linear0/bn/beta/Adam_1:0, linear0/bn/gamma/Adam:0, linear0/bn/gamma/Adam_1:0, linear1/W/Adam:0, linear1/W/Adam_1:0, linear1/b/Adam:0, linear1/b/Adam_1:0, linear1/bn/beta/Adam:0, linear1/bn/beta/Adam_1:0, linear1/bn/gamma/Adam:0, linear1/bn/gamma/Adam_1:0, linear2/W/Adam:0, linear2/W/Adam_1:0, linear2/b/Adam:0, linear2/b/Adam_1:0, linear2/bn/beta/Adam:0, linear2/bn/beta/Adam_1:0, linear2/bn/gamma/Adam:0, linear2/bn/gamma/Adam_1:0, linear3/W/Adam:0, linear3/W/Adam_1:0, linear3/b/Adam:0, linear3/b/Adam_1:0, linear3/bn/beta/Adam:0, linear3/bn/beta/Adam_1:0, linear3/bn/gamma/Adam:0, linear3/bn/gamma/Adam_1:0
[32m[0409 11:24:23 @sessinit.py:219][0m Restoring from dict ...
[32m[0409 11:24:56 @prune.py:154][0m error: [0.04422254]
[32m[0409 11:24:56 @prune.py:124][0m On prune rate 0.02
[32m[0409 11:24:57 @drf_run.py:67][0m Not quantizing linear0/W
[32m[0409 11:24:57 @drf_run.py:67][0m Not quantizing linear0/b
[32m[0409 11:24:57 @drf_run.py:58][0m Not quantizing linear0/bn/beta
[32m[0409 11:24:57 @drf_run.py:58][0m Not quantizing linear0/bn/gamma
[32m[0409 11:24:57 @drf_run.py:58][0m Not quantizing linear0/bn/mean/EMA
[32m[0409 11:24:57 @drf_run.py:58][0m Not quantizing linear0/bn/variance/EMA
[32m[0409 11:24:57 @drf_run.py:70][0m Quantizing weight linear1/W
[32m[0409 11:24:57 @drf_run.py:70][0m Quantizing weight linear1/b
[32m[0409 11:24:57 @drf_run.py:58][0m Not quantizing linear1/bn/beta
[32m[0409 11:24:57 @drf_run.py:58][0m Not quantizing linear1/bn/gamma
[32m[0409 11:24:57 @drf_run.py:58][0m Not quantizing linear1/bn/mean/EMA
[32m[0409 11:24:57 @drf_run.py:58][0m Not quantizing linear1/bn/variance/EMA
[32m[0409 11:24:57 @drf_run.py:70][0m Quantizing weight linear2/W
[32m[0409 11:24:57 @drf_run.py:70][0m Quantizing weight linear2/b
[32m[0409 11:24:57 @drf_run.py:58][0m Not quantizing linear2/bn/beta
[32m[0409 11:24:57 @drf_run.py:58][0m Not quantizing linear2/bn/gamma
[32m[0409 11:24:57 @drf_run.py:58][0m Not quantizing linear2/bn/mean/EMA
[32m[0409 11:24:57 @drf_run.py:58][0m Not quantizing linear2/bn/variance/EMA
[32m[0409 11:24:57 @drf_run.py:70][0m Quantizing weight linear3/W
[32m[0409 11:24:57 @drf_run.py:70][0m Quantizing weight linear3/b
[32m[0409 11:24:57 @drf_run.py:58][0m Not quantizing linear3/bn/beta
[32m[0409 11:24:57 @drf_run.py:58][0m Not quantizing linear3/bn/gamma
[32m[0409 11:24:57 @drf_run.py:58][0m Not quantizing linear3/bn/mean/EMA
[32m[0409 11:24:57 @drf_run.py:58][0m Not quantizing linear3/bn/variance/EMA
[32m[0409 11:24:57 @drf_run.py:64][0m Not quantizing last_linear/W
[32m[0409 11:24:57 @drf_run.py:64][0m Not quantizing last_linear/b
[32m[0409 11:24:57 @drf_run.py:112][0m Adding activation tensors to summary: [<tf.Tensor 'linear0/bn/output:0' shape=(?, 504) dtype=float32>, <tf.Tensor 'linear1/bn/output:0' shape=(?, 504) dtype=float32>, <tf.Tensor 'linear2/bn/output:0' shape=(?, 504) dtype=float32>, <tf.Tensor 'linear3/bn/output:0' shape=(?, 504) dtype=float32>, <tf.Tensor 'last_linear/output:0' shape=(?, 255) dtype=float32>, <tf.Tensor 'output:0' shape=(?, 255) dtype=float32>]
[32m[0409 11:24:57 @drf_run.py:123][0m Parameter count: {'mults': 1398600, 'weights': 1398855}
[32m[0409 11:24:57 @collection.py:134][0m New collections created in : tf.GraphKeys.GLOBAL_STEP
[32m[0409 11:24:57 @sessinit.py:206][0m Variables to restore from dict: linear3/bn/beta:0, last_linear/W:0, linear0/bn/beta:0, linear1/W:0, linear1/bn/variance/EMA:0, linear1/bn/mean/EMA:0, linear2/bn/beta:0, linear0/bn/mean/EMA:0, linear1/bn/beta:0, linear3/W:0, linear0/b:0, linear2/W:0, global_step:0, linear3/b:0, linear1/bn/gamma:0, linear0/bn/gamma:0, linear0/bn/variance/EMA:0, linear2/bn/gamma:0, linear2/bn/variance/EMA:0, linear3/bn/gamma:0, linear2/b:0, linear3/bn/variance/EMA:0, linear2/bn/mean/EMA:0, linear3/bn/mean/EMA:0, last_linear/b:0, linear1/b:0, linear0/W:0
[32m[0409 11:24:57 @sessinit.py:89][0m [5m[31mWRN[0m The following variables are in the dict, but not found in the graph: EMA/QueueInput/queue_size/biased:0, EMA/QueueInput/queue_size/local_step:0, EMA/QueueInput/queue_size:0, EMA/cross_entropy_loss/biased:0, EMA/cross_entropy_loss/local_step:0, EMA/cross_entropy_loss:0, EMA/train-error-top1/biased:0, EMA/train-error-top1/local_step:0, EMA/train-error-top1:0, EMA/wd_cost/biased:0, EMA/wd_cost/local_step:0, EMA/wd_cost:0, beta1_power:0, beta2_power:0, last_linear/W/Adam:0, last_linear/W/Adam_1:0, last_linear/b/Adam:0, last_linear/b/Adam_1:0, linear0/W/Adam:0, linear0/W/Adam_1:0, linear0/b/Adam:0, linear0/b/Adam_1:0, linear0/bn/beta/Adam:0, linear0/bn/beta/Adam_1:0, linear0/bn/gamma/Adam:0, linear0/bn/gamma/Adam_1:0, linear1/W/Adam:0, linear1/W/Adam_1:0, linear1/b/Adam:0, linear1/b/Adam_1:0, linear1/bn/beta/Adam:0, linear1/bn/beta/Adam_1:0, linear1/bn/gamma/Adam:0, linear1/bn/gamma/Adam_1:0, linear2/W/Adam:0, linear2/W/Adam_1:0, linear2/b/Adam:0, linear2/b/Adam_1:0, linear2/bn/beta/Adam:0, linear2/bn/beta/Adam_1:0, linear2/bn/gamma/Adam:0, linear2/bn/gamma/Adam_1:0, linear3/W/Adam:0, linear3/W/Adam_1:0, linear3/b/Adam:0, linear3/b/Adam_1:0, linear3/bn/beta/Adam:0, linear3/bn/beta/Adam_1:0, linear3/bn/gamma/Adam:0, linear3/bn/gamma/Adam_1:0
[32m[0409 11:24:57 @sessinit.py:219][0m Restoring from dict ...
[32m[0409 11:25:30 @prune.py:154][0m error: [0.05848787]
[32m[0409 11:25:30 @prune.py:124][0m On prune rate 0.03
[32m[0409 11:25:31 @drf_run.py:67][0m Not quantizing linear0/W
[32m[0409 11:25:31 @drf_run.py:67][0m Not quantizing linear0/b
[32m[0409 11:25:31 @drf_run.py:58][0m Not quantizing linear0/bn/beta
[32m[0409 11:25:31 @drf_run.py:58][0m Not quantizing linear0/bn/gamma
[32m[0409 11:25:31 @drf_run.py:58][0m Not quantizing linear0/bn/mean/EMA
[32m[0409 11:25:31 @drf_run.py:58][0m Not quantizing linear0/bn/variance/EMA
[32m[0409 11:25:31 @drf_run.py:70][0m Quantizing weight linear1/W
[32m[0409 11:25:31 @drf_run.py:70][0m Quantizing weight linear1/b
[32m[0409 11:25:31 @drf_run.py:58][0m Not quantizing linear1/bn/beta
[32m[0409 11:25:31 @drf_run.py:58][0m Not quantizing linear1/bn/gamma
[32m[0409 11:25:31 @drf_run.py:58][0m Not quantizing linear1/bn/mean/EMA
[32m[0409 11:25:31 @drf_run.py:58][0m Not quantizing linear1/bn/variance/EMA
[32m[0409 11:25:31 @drf_run.py:70][0m Quantizing weight linear2/W
[32m[0409 11:25:31 @drf_run.py:70][0m Quantizing weight linear2/b
[32m[0409 11:25:31 @drf_run.py:58][0m Not quantizing linear2/bn/beta
[32m[0409 11:25:31 @drf_run.py:58][0m Not quantizing linear2/bn/gamma
[32m[0409 11:25:31 @drf_run.py:58][0m Not quantizing linear2/bn/mean/EMA
[32m[0409 11:25:31 @drf_run.py:58][0m Not quantizing linear2/bn/variance/EMA
[32m[0409 11:25:31 @drf_run.py:70][0m Quantizing weight linear3/W
[32m[0409 11:25:31 @drf_run.py:70][0m Quantizing weight linear3/b
[32m[0409 11:25:31 @drf_run.py:58][0m Not quantizing linear3/bn/beta
[32m[0409 11:25:31 @drf_run.py:58][0m Not quantizing linear3/bn/gamma
[32m[0409 11:25:31 @drf_run.py:58][0m Not quantizing linear3/bn/mean/EMA
[32m[0409 11:25:31 @drf_run.py:58][0m Not quantizing linear3/bn/variance/EMA
[32m[0409 11:25:31 @drf_run.py:64][0m Not quantizing last_linear/W
[32m[0409 11:25:31 @drf_run.py:64][0m Not quantizing last_linear/b
[32m[0409 11:25:31 @drf_run.py:112][0m Adding activation tensors to summary: [<tf.Tensor 'linear0/bn/output:0' shape=(?, 504) dtype=float32>, <tf.Tensor 'linear1/bn/output:0' shape=(?, 504) dtype=float32>, <tf.Tensor 'linear2/bn/output:0' shape=(?, 504) dtype=float32>, <tf.Tensor 'linear3/bn/output:0' shape=(?, 504) dtype=float32>, <tf.Tensor 'last_linear/output:0' shape=(?, 255) dtype=float32>, <tf.Tensor 'output:0' shape=(?, 255) dtype=float32>]
[32m[0409 11:25:31 @drf_run.py:123][0m Parameter count: {'mults': 1398600, 'weights': 1398855}
[32m[0409 11:25:31 @collection.py:134][0m New collections created in : tf.GraphKeys.GLOBAL_STEP
[32m[0409 11:25:31 @sessinit.py:206][0m Variables to restore from dict: linear3/bn/beta:0, last_linear/W:0, linear0/bn/beta:0, linear1/W:0, linear1/bn/variance/EMA:0, linear1/bn/mean/EMA:0, linear2/bn/beta:0, linear0/bn/mean/EMA:0, linear1/bn/beta:0, linear3/W:0, linear0/b:0, linear2/W:0, global_step:0, linear3/b:0, linear1/bn/gamma:0, linear0/bn/gamma:0, linear0/bn/variance/EMA:0, linear2/bn/gamma:0, linear2/bn/variance/EMA:0, linear3/bn/gamma:0, linear2/b:0, linear3/bn/variance/EMA:0, linear2/bn/mean/EMA:0, linear3/bn/mean/EMA:0, last_linear/b:0, linear1/b:0, linear0/W:0
[32m[0409 11:25:31 @sessinit.py:89][0m [5m[31mWRN[0m The following variables are in the dict, but not found in the graph: EMA/QueueInput/queue_size/biased:0, EMA/QueueInput/queue_size/local_step:0, EMA/QueueInput/queue_size:0, EMA/cross_entropy_loss/biased:0, EMA/cross_entropy_loss/local_step:0, EMA/cross_entropy_loss:0, EMA/train-error-top1/biased:0, EMA/train-error-top1/local_step:0, EMA/train-error-top1:0, EMA/wd_cost/biased:0, EMA/wd_cost/local_step:0, EMA/wd_cost:0, beta1_power:0, beta2_power:0, last_linear/W/Adam:0, last_linear/W/Adam_1:0, last_linear/b/Adam:0, last_linear/b/Adam_1:0, linear0/W/Adam:0, linear0/W/Adam_1:0, linear0/b/Adam:0, linear0/b/Adam_1:0, linear0/bn/beta/Adam:0, linear0/bn/beta/Adam_1:0, linear0/bn/gamma/Adam:0, linear0/bn/gamma/Adam_1:0, linear1/W/Adam:0, linear1/W/Adam_1:0, linear1/b/Adam:0, linear1/b/Adam_1:0, linear1/bn/beta/Adam:0, linear1/bn/beta/Adam_1:0, linear1/bn/gamma/Adam:0, linear1/bn/gamma/Adam_1:0, linear2/W/Adam:0, linear2/W/Adam_1:0, linear2/b/Adam:0, linear2/b/Adam_1:0, linear2/bn/beta/Adam:0, linear2/bn/beta/Adam_1:0, linear2/bn/gamma/Adam:0, linear2/bn/gamma/Adam_1:0, linear3/W/Adam:0, linear3/W/Adam_1:0, linear3/b/Adam:0, linear3/b/Adam_1:0, linear3/bn/beta/Adam:0, linear3/bn/beta/Adam_1:0, linear3/bn/gamma/Adam:0, linear3/bn/gamma/Adam_1:0
[32m[0409 11:25:31 @sessinit.py:219][0m Restoring from dict ...
[32m[0409 11:26:06 @prune.py:154][0m error: [0.06847361]
[32m[0409 11:26:06 @prune.py:124][0m On prune rate 0.04
[32m[0409 11:26:06 @drf_run.py:67][0m Not quantizing linear0/W
[32m[0409 11:26:06 @drf_run.py:67][0m Not quantizing linear0/b
[32m[0409 11:26:06 @drf_run.py:58][0m Not quantizing linear0/bn/beta
[32m[0409 11:26:06 @drf_run.py:58][0m Not quantizing linear0/bn/gamma
[32m[0409 11:26:06 @drf_run.py:58][0m Not quantizing linear0/bn/mean/EMA
[32m[0409 11:26:06 @drf_run.py:58][0m Not quantizing linear0/bn/variance/EMA
[32m[0409 11:26:06 @drf_run.py:70][0m Quantizing weight linear1/W
[32m[0409 11:26:06 @drf_run.py:70][0m Quantizing weight linear1/b
[32m[0409 11:26:06 @drf_run.py:58][0m Not quantizing linear1/bn/beta
[32m[0409 11:26:06 @drf_run.py:58][0m Not quantizing linear1/bn/gamma
[32m[0409 11:26:06 @drf_run.py:58][0m Not quantizing linear1/bn/mean/EMA
[32m[0409 11:26:06 @drf_run.py:58][0m Not quantizing linear1/bn/variance/EMA
[32m[0409 11:26:06 @drf_run.py:70][0m Quantizing weight linear2/W
[32m[0409 11:26:06 @drf_run.py:70][0m Quantizing weight linear2/b
[32m[0409 11:26:06 @drf_run.py:58][0m Not quantizing linear2/bn/beta
[32m[0409 11:26:06 @drf_run.py:58][0m Not quantizing linear2/bn/gamma
[32m[0409 11:26:06 @drf_run.py:58][0m Not quantizing linear2/bn/mean/EMA
[32m[0409 11:26:06 @drf_run.py:58][0m Not quantizing linear2/bn/variance/EMA
[32m[0409 11:26:06 @drf_run.py:70][0m Quantizing weight linear3/W
[32m[0409 11:26:06 @drf_run.py:70][0m Quantizing weight linear3/b
[32m[0409 11:26:06 @drf_run.py:58][0m Not quantizing linear3/bn/beta
[32m[0409 11:26:06 @drf_run.py:58][0m Not quantizing linear3/bn/gamma
[32m[0409 11:26:06 @drf_run.py:58][0m Not quantizing linear3/bn/mean/EMA
[32m[0409 11:26:06 @drf_run.py:58][0m Not quantizing linear3/bn/variance/EMA
[32m[0409 11:26:06 @drf_run.py:64][0m Not quantizing last_linear/W
[32m[0409 11:26:06 @drf_run.py:64][0m Not quantizing last_linear/b
[32m[0409 11:26:06 @drf_run.py:112][0m Adding activation tensors to summary: [<tf.Tensor 'linear0/bn/output:0' shape=(?, 504) dtype=float32>, <tf.Tensor 'linear1/bn/output:0' shape=(?, 504) dtype=float32>, <tf.Tensor 'linear2/bn/output:0' shape=(?, 504) dtype=float32>, <tf.Tensor 'linear3/bn/output:0' shape=(?, 504) dtype=float32>, <tf.Tensor 'last_linear/output:0' shape=(?, 255) dtype=float32>, <tf.Tensor 'output:0' shape=(?, 255) dtype=float32>]
[32m[0409 11:26:06 @drf_run.py:123][0m Parameter count: {'mults': 1398600, 'weights': 1398855}
[32m[0409 11:26:06 @collection.py:134][0m New collections created in : tf.GraphKeys.GLOBAL_STEP
[32m[0409 11:26:07 @sessinit.py:206][0m Variables to restore from dict: linear3/bn/beta:0, last_linear/W:0, linear0/bn/beta:0, linear1/W:0, linear1/bn/variance/EMA:0, linear1/bn/mean/EMA:0, linear2/bn/beta:0, linear0/bn/mean/EMA:0, linear1/bn/beta:0, linear3/W:0, linear0/b:0, linear2/W:0, global_step:0, linear3/b:0, linear1/bn/gamma:0, linear0/bn/gamma:0, linear0/bn/variance/EMA:0, linear2/bn/gamma:0, linear2/bn/variance/EMA:0, linear3/bn/gamma:0, linear2/b:0, linear3/bn/variance/EMA:0, linear2/bn/mean/EMA:0, linear3/bn/mean/EMA:0, last_linear/b:0, linear1/b:0, linear0/W:0
[32m[0409 11:26:07 @sessinit.py:89][0m [5m[31mWRN[0m The following variables are in the dict, but not found in the graph: EMA/QueueInput/queue_size/biased:0, EMA/QueueInput/queue_size/local_step:0, EMA/QueueInput/queue_size:0, EMA/cross_entropy_loss/biased:0, EMA/cross_entropy_loss/local_step:0, EMA/cross_entropy_loss:0, EMA/train-error-top1/biased:0, EMA/train-error-top1/local_step:0, EMA/train-error-top1:0, EMA/wd_cost/biased:0, EMA/wd_cost/local_step:0, EMA/wd_cost:0, beta1_power:0, beta2_power:0, last_linear/W/Adam:0, last_linear/W/Adam_1:0, last_linear/b/Adam:0, last_linear/b/Adam_1:0, linear0/W/Adam:0, linear0/W/Adam_1:0, linear0/b/Adam:0, linear0/b/Adam_1:0, linear0/bn/beta/Adam:0, linear0/bn/beta/Adam_1:0, linear0/bn/gamma/Adam:0, linear0/bn/gamma/Adam_1:0, linear1/W/Adam:0, linear1/W/Adam_1:0, linear1/b/Adam:0, linear1/b/Adam_1:0, linear1/bn/beta/Adam:0, linear1/bn/beta/Adam_1:0, linear1/bn/gamma/Adam:0, linear1/bn/gamma/Adam_1:0, linear2/W/Adam:0, linear2/W/Adam_1:0, linear2/b/Adam:0, linear2/b/Adam_1:0, linear2/bn/beta/Adam:0, linear2/bn/beta/Adam_1:0, linear2/bn/gamma/Adam:0, linear2/bn/gamma/Adam_1:0, linear3/W/Adam:0, linear3/W/Adam_1:0, linear3/b/Adam:0, linear3/b/Adam_1:0, linear3/bn/beta/Adam:0, linear3/bn/beta/Adam_1:0, linear3/bn/gamma/Adam:0, linear3/bn/gamma/Adam_1:0
[32m[0409 11:26:07 @sessinit.py:219][0m Restoring from dict ...
[32m[0409 11:26:45 @prune.py:154][0m error: [0.08844508]
[32m[0409 11:26:45 @prune.py:124][0m On prune rate 0.05
[32m[0409 11:26:45 @drf_run.py:67][0m Not quantizing linear0/W
[32m[0409 11:26:45 @drf_run.py:67][0m Not quantizing linear0/b
[32m[0409 11:26:45 @drf_run.py:58][0m Not quantizing linear0/bn/beta
[32m[0409 11:26:45 @drf_run.py:58][0m Not quantizing linear0/bn/gamma
[32m[0409 11:26:45 @drf_run.py:58][0m Not quantizing linear0/bn/mean/EMA
[32m[0409 11:26:45 @drf_run.py:58][0m Not quantizing linear0/bn/variance/EMA
[32m[0409 11:26:45 @drf_run.py:70][0m Quantizing weight linear1/W
[32m[0409 11:26:45 @drf_run.py:70][0m Quantizing weight linear1/b
[32m[0409 11:26:45 @drf_run.py:58][0m Not quantizing linear1/bn/beta
[32m[0409 11:26:45 @drf_run.py:58][0m Not quantizing linear1/bn/gamma
[32m[0409 11:26:45 @drf_run.py:58][0m Not quantizing linear1/bn/mean/EMA
[32m[0409 11:26:45 @drf_run.py:58][0m Not quantizing linear1/bn/variance/EMA
[32m[0409 11:26:45 @drf_run.py:70][0m Quantizing weight linear2/W
[32m[0409 11:26:45 @drf_run.py:70][0m Quantizing weight linear2/b
[32m[0409 11:26:45 @drf_run.py:58][0m Not quantizing linear2/bn/beta
[32m[0409 11:26:45 @drf_run.py:58][0m Not quantizing linear2/bn/gamma
[32m[0409 11:26:45 @drf_run.py:58][0m Not quantizing linear2/bn/mean/EMA
[32m[0409 11:26:45 @drf_run.py:58][0m Not quantizing linear2/bn/variance/EMA
[32m[0409 11:26:45 @drf_run.py:70][0m Quantizing weight linear3/W
[32m[0409 11:26:45 @drf_run.py:70][0m Quantizing weight linear3/b
[32m[0409 11:26:45 @drf_run.py:58][0m Not quantizing linear3/bn/beta
[32m[0409 11:26:45 @drf_run.py:58][0m Not quantizing linear3/bn/gamma
[32m[0409 11:26:45 @drf_run.py:58][0m Not quantizing linear3/bn/mean/EMA
[32m[0409 11:26:45 @drf_run.py:58][0m Not quantizing linear3/bn/variance/EMA
[32m[0409 11:26:45 @drf_run.py:64][0m Not quantizing last_linear/W
[32m[0409 11:26:45 @drf_run.py:64][0m Not quantizing last_linear/b
[32m[0409 11:26:45 @drf_run.py:112][0m Adding activation tensors to summary: [<tf.Tensor 'linear0/bn/output:0' shape=(?, 504) dtype=float32>, <tf.Tensor 'linear1/bn/output:0' shape=(?, 504) dtype=float32>, <tf.Tensor 'linear2/bn/output:0' shape=(?, 504) dtype=float32>, <tf.Tensor 'linear3/bn/output:0' shape=(?, 504) dtype=float32>, <tf.Tensor 'last_linear/output:0' shape=(?, 255) dtype=float32>, <tf.Tensor 'output:0' shape=(?, 255) dtype=float32>]
[32m[0409 11:26:45 @drf_run.py:123][0m Parameter count: {'mults': 1398600, 'weights': 1398855}
[32m[0409 11:26:45 @collection.py:134][0m New collections created in : tf.GraphKeys.GLOBAL_STEP
[32m[0409 11:26:46 @sessinit.py:206][0m Variables to restore from dict: linear3/bn/beta:0, last_linear/W:0, linear0/bn/beta:0, linear1/W:0, linear1/bn/variance/EMA:0, linear1/bn/mean/EMA:0, linear2/bn/beta:0, linear0/bn/mean/EMA:0, linear1/bn/beta:0, linear3/W:0, linear0/b:0, linear2/W:0, global_step:0, linear3/b:0, linear1/bn/gamma:0, linear0/bn/gamma:0, linear0/bn/variance/EMA:0, linear2/bn/gamma:0, linear2/bn/variance/EMA:0, linear3/bn/gamma:0, linear2/b:0, linear3/bn/variance/EMA:0, linear2/bn/mean/EMA:0, linear3/bn/mean/EMA:0, last_linear/b:0, linear1/b:0, linear0/W:0
[32m[0409 11:26:46 @sessinit.py:89][0m [5m[31mWRN[0m The following variables are in the dict, but not found in the graph: EMA/QueueInput/queue_size/biased:0, EMA/QueueInput/queue_size/local_step:0, EMA/QueueInput/queue_size:0, EMA/cross_entropy_loss/biased:0, EMA/cross_entropy_loss/local_step:0, EMA/cross_entropy_loss:0, EMA/train-error-top1/biased:0, EMA/train-error-top1/local_step:0, EMA/train-error-top1:0, EMA/wd_cost/biased:0, EMA/wd_cost/local_step:0, EMA/wd_cost:0, beta1_power:0, beta2_power:0, last_linear/W/Adam:0, last_linear/W/Adam_1:0, last_linear/b/Adam:0, last_linear/b/Adam_1:0, linear0/W/Adam:0, linear0/W/Adam_1:0, linear0/b/Adam:0, linear0/b/Adam_1:0, linear0/bn/beta/Adam:0, linear0/bn/beta/Adam_1:0, linear0/bn/gamma/Adam:0, linear0/bn/gamma/Adam_1:0, linear1/W/Adam:0, linear1/W/Adam_1:0, linear1/b/Adam:0, linear1/b/Adam_1:0, linear1/bn/beta/Adam:0, linear1/bn/beta/Adam_1:0, linear1/bn/gamma/Adam:0, linear1/bn/gamma/Adam_1:0, linear2/W/Adam:0, linear2/W/Adam_1:0, linear2/b/Adam:0, linear2/b/Adam_1:0, linear2/bn/beta/Adam:0, linear2/bn/beta/Adam_1:0, linear2/bn/gamma/Adam:0, linear2/bn/gamma/Adam_1:0, linear3/W/Adam:0, linear3/W/Adam_1:0, linear3/b/Adam:0, linear3/b/Adam_1:0, linear3/bn/beta/Adam:0, linear3/bn/beta/Adam_1:0, linear3/bn/gamma/Adam:0, linear3/bn/gamma/Adam_1:0
[32m[0409 11:26:46 @sessinit.py:219][0m Restoring from dict ...
[32m[0409 11:27:24 @prune.py:154][0m error: [0.10413695]
[32m[0409 11:27:24 @prune.py:124][0m On prune rate 0.1
[32m[0409 11:27:24 @drf_run.py:67][0m Not quantizing linear0/W
[32m[0409 11:27:24 @drf_run.py:67][0m Not quantizing linear0/b
[32m[0409 11:27:25 @drf_run.py:58][0m Not quantizing linear0/bn/beta
[32m[0409 11:27:25 @drf_run.py:58][0m Not quantizing linear0/bn/gamma
[32m[0409 11:27:25 @drf_run.py:58][0m Not quantizing linear0/bn/mean/EMA
[32m[0409 11:27:25 @drf_run.py:58][0m Not quantizing linear0/bn/variance/EMA
[32m[0409 11:27:25 @drf_run.py:70][0m Quantizing weight linear1/W
[32m[0409 11:27:25 @drf_run.py:70][0m Quantizing weight linear1/b
[32m[0409 11:27:25 @drf_run.py:58][0m Not quantizing linear1/bn/beta
[32m[0409 11:27:25 @drf_run.py:58][0m Not quantizing linear1/bn/gamma
[32m[0409 11:27:25 @drf_run.py:58][0m Not quantizing linear1/bn/mean/EMA
[32m[0409 11:27:25 @drf_run.py:58][0m Not quantizing linear1/bn/variance/EMA
[32m[0409 11:27:25 @drf_run.py:70][0m Quantizing weight linear2/W
[32m[0409 11:27:25 @drf_run.py:70][0m Quantizing weight linear2/b
[32m[0409 11:27:25 @drf_run.py:58][0m Not quantizing linear2/bn/beta
[32m[0409 11:27:25 @drf_run.py:58][0m Not quantizing linear2/bn/gamma
[32m[0409 11:27:25 @drf_run.py:58][0m Not quantizing linear2/bn/mean/EMA
[32m[0409 11:27:25 @drf_run.py:58][0m Not quantizing linear2/bn/variance/EMA
[32m[0409 11:27:25 @drf_run.py:70][0m Quantizing weight linear3/W
[32m[0409 11:27:25 @drf_run.py:70][0m Quantizing weight linear3/b
[32m[0409 11:27:25 @drf_run.py:58][0m Not quantizing linear3/bn/beta
[32m[0409 11:27:25 @drf_run.py:58][0m Not quantizing linear3/bn/gamma
[32m[0409 11:27:25 @drf_run.py:58][0m Not quantizing linear3/bn/mean/EMA
[32m[0409 11:27:25 @drf_run.py:58][0m Not quantizing linear3/bn/variance/EMA
[32m[0409 11:27:25 @drf_run.py:64][0m Not quantizing last_linear/W
[32m[0409 11:27:25 @drf_run.py:64][0m Not quantizing last_linear/b
[32m[0409 11:27:25 @drf_run.py:112][0m Adding activation tensors to summary: [<tf.Tensor 'linear0/bn/output:0' shape=(?, 504) dtype=float32>, <tf.Tensor 'linear1/bn/output:0' shape=(?, 504) dtype=float32>, <tf.Tensor 'linear2/bn/output:0' shape=(?, 504) dtype=float32>, <tf.Tensor 'linear3/bn/output:0' shape=(?, 504) dtype=float32>, <tf.Tensor 'last_linear/output:0' shape=(?, 255) dtype=float32>, <tf.Tensor 'output:0' shape=(?, 255) dtype=float32>]
[32m[0409 11:27:25 @drf_run.py:123][0m Parameter count: {'mults': 1398600, 'weights': 1398855}
[32m[0409 11:27:25 @collection.py:134][0m New collections created in : tf.GraphKeys.GLOBAL_STEP
[32m[0409 11:27:25 @sessinit.py:206][0m Variables to restore from dict: linear3/bn/beta:0, last_linear/W:0, linear0/bn/beta:0, linear1/W:0, linear1/bn/variance/EMA:0, linear1/bn/mean/EMA:0, linear2/bn/beta:0, linear0/bn/mean/EMA:0, linear1/bn/beta:0, linear3/W:0, linear0/b:0, linear2/W:0, global_step:0, linear3/b:0, linear1/bn/gamma:0, linear0/bn/gamma:0, linear0/bn/variance/EMA:0, linear2/bn/gamma:0, linear2/bn/variance/EMA:0, linear3/bn/gamma:0, linear2/b:0, linear3/bn/variance/EMA:0, linear2/bn/mean/EMA:0, linear3/bn/mean/EMA:0, last_linear/b:0, linear1/b:0, linear0/W:0
[32m[0409 11:27:25 @sessinit.py:89][0m [5m[31mWRN[0m The following variables are in the dict, but not found in the graph: EMA/QueueInput/queue_size/biased:0, EMA/QueueInput/queue_size/local_step:0, EMA/QueueInput/queue_size:0, EMA/cross_entropy_loss/biased:0, EMA/cross_entropy_loss/local_step:0, EMA/cross_entropy_loss:0, EMA/train-error-top1/biased:0, EMA/train-error-top1/local_step:0, EMA/train-error-top1:0, EMA/wd_cost/biased:0, EMA/wd_cost/local_step:0, EMA/wd_cost:0, beta1_power:0, beta2_power:0, last_linear/W/Adam:0, last_linear/W/Adam_1:0, last_linear/b/Adam:0, last_linear/b/Adam_1:0, linear0/W/Adam:0, linear0/W/Adam_1:0, linear0/b/Adam:0, linear0/b/Adam_1:0, linear0/bn/beta/Adam:0, linear0/bn/beta/Adam_1:0, linear0/bn/gamma/Adam:0, linear0/bn/gamma/Adam_1:0, linear1/W/Adam:0, linear1/W/Adam_1:0, linear1/b/Adam:0, linear1/b/Adam_1:0, linear1/bn/beta/Adam:0, linear1/bn/beta/Adam_1:0, linear1/bn/gamma/Adam:0, linear1/bn/gamma/Adam_1:0, linear2/W/Adam:0, linear2/W/Adam_1:0, linear2/b/Adam:0, linear2/b/Adam_1:0, linear2/bn/beta/Adam:0, linear2/bn/beta/Adam_1:0, linear2/bn/gamma/Adam:0, linear2/bn/gamma/Adam_1:0, linear3/W/Adam:0, linear3/W/Adam_1:0, linear3/b/Adam:0, linear3/b/Adam_1:0, linear3/bn/beta/Adam:0, linear3/bn/beta/Adam_1:0, linear3/bn/gamma/Adam:0, linear3/bn/gamma/Adam_1:0
[32m[0409 11:27:25 @sessinit.py:219][0m Restoring from dict ...
[32m[0409 11:28:01 @prune.py:154][0m error: [0.32952924]
[32m[0409 11:28:01 @prune.py:124][0m On prune rate 0.15
[32m[0409 11:28:02 @drf_run.py:67][0m Not quantizing linear0/W
[32m[0409 11:28:02 @drf_run.py:67][0m Not quantizing linear0/b
[32m[0409 11:28:02 @drf_run.py:58][0m Not quantizing linear0/bn/beta
[32m[0409 11:28:02 @drf_run.py:58][0m Not quantizing linear0/bn/gamma
[32m[0409 11:28:02 @drf_run.py:58][0m Not quantizing linear0/bn/mean/EMA
[32m[0409 11:28:02 @drf_run.py:58][0m Not quantizing linear0/bn/variance/EMA
[32m[0409 11:28:02 @drf_run.py:70][0m Quantizing weight linear1/W
[32m[0409 11:28:02 @drf_run.py:70][0m Quantizing weight linear1/b
[32m[0409 11:28:02 @drf_run.py:58][0m Not quantizing linear1/bn/beta
[32m[0409 11:28:02 @drf_run.py:58][0m Not quantizing linear1/bn/gamma
[32m[0409 11:28:02 @drf_run.py:58][0m Not quantizing linear1/bn/mean/EMA
[32m[0409 11:28:02 @drf_run.py:58][0m Not quantizing linear1/bn/variance/EMA
[32m[0409 11:28:02 @drf_run.py:70][0m Quantizing weight linear2/W
[32m[0409 11:28:02 @drf_run.py:70][0m Quantizing weight linear2/b
[32m[0409 11:28:02 @drf_run.py:58][0m Not quantizing linear2/bn/beta
[32m[0409 11:28:02 @drf_run.py:58][0m Not quantizing linear2/bn/gamma
[32m[0409 11:28:02 @drf_run.py:58][0m Not quantizing linear2/bn/mean/EMA
[32m[0409 11:28:02 @drf_run.py:58][0m Not quantizing linear2/bn/variance/EMA
[32m[0409 11:28:02 @drf_run.py:70][0m Quantizing weight linear3/W
[32m[0409 11:28:02 @drf_run.py:70][0m Quantizing weight linear3/b
[32m[0409 11:28:02 @drf_run.py:58][0m Not quantizing linear3/bn/beta
[32m[0409 11:28:02 @drf_run.py:58][0m Not quantizing linear3/bn/gamma
[32m[0409 11:28:02 @drf_run.py:58][0m Not quantizing linear3/bn/mean/EMA
[32m[0409 11:28:02 @drf_run.py:58][0m Not quantizing linear3/bn/variance/EMA
[32m[0409 11:28:02 @drf_run.py:64][0m Not quantizing last_linear/W
[32m[0409 11:28:02 @drf_run.py:64][0m Not quantizing last_linear/b
[32m[0409 11:28:02 @drf_run.py:112][0m Adding activation tensors to summary: [<tf.Tensor 'linear0/bn/output:0' shape=(?, 504) dtype=float32>, <tf.Tensor 'linear1/bn/output:0' shape=(?, 504) dtype=float32>, <tf.Tensor 'linear2/bn/output:0' shape=(?, 504) dtype=float32>, <tf.Tensor 'linear3/bn/output:0' shape=(?, 504) dtype=float32>, <tf.Tensor 'last_linear/output:0' shape=(?, 255) dtype=float32>, <tf.Tensor 'output:0' shape=(?, 255) dtype=float32>]
[32m[0409 11:28:02 @drf_run.py:123][0m Parameter count: {'mults': 1398600, 'weights': 1398855}
[32m[0409 11:28:02 @collection.py:134][0m New collections created in : tf.GraphKeys.GLOBAL_STEP
[32m[0409 11:28:02 @sessinit.py:206][0m Variables to restore from dict: linear3/bn/beta:0, last_linear/W:0, linear0/bn/beta:0, linear1/W:0, linear1/bn/variance/EMA:0, linear1/bn/mean/EMA:0, linear2/bn/beta:0, linear0/bn/mean/EMA:0, linear1/bn/beta:0, linear3/W:0, linear0/b:0, linear2/W:0, global_step:0, linear3/b:0, linear1/bn/gamma:0, linear0/bn/gamma:0, linear0/bn/variance/EMA:0, linear2/bn/gamma:0, linear2/bn/variance/EMA:0, linear3/bn/gamma:0, linear2/b:0, linear3/bn/variance/EMA:0, linear2/bn/mean/EMA:0, linear3/bn/mean/EMA:0, last_linear/b:0, linear1/b:0, linear0/W:0
[32m[0409 11:28:02 @sessinit.py:89][0m [5m[31mWRN[0m The following variables are in the dict, but not found in the graph: EMA/QueueInput/queue_size/biased:0, EMA/QueueInput/queue_size/local_step:0, EMA/QueueInput/queue_size:0, EMA/cross_entropy_loss/biased:0, EMA/cross_entropy_loss/local_step:0, EMA/cross_entropy_loss:0, EMA/train-error-top1/biased:0, EMA/train-error-top1/local_step:0, EMA/train-error-top1:0, EMA/wd_cost/biased:0, EMA/wd_cost/local_step:0, EMA/wd_cost:0, beta1_power:0, beta2_power:0, last_linear/W/Adam:0, last_linear/W/Adam_1:0, last_linear/b/Adam:0, last_linear/b/Adam_1:0, linear0/W/Adam:0, linear0/W/Adam_1:0, linear0/b/Adam:0, linear0/b/Adam_1:0, linear0/bn/beta/Adam:0, linear0/bn/beta/Adam_1:0, linear0/bn/gamma/Adam:0, linear0/bn/gamma/Adam_1:0, linear1/W/Adam:0, linear1/W/Adam_1:0, linear1/b/Adam:0, linear1/b/Adam_1:0, linear1/bn/beta/Adam:0, linear1/bn/beta/Adam_1:0, linear1/bn/gamma/Adam:0, linear1/bn/gamma/Adam_1:0, linear2/W/Adam:0, linear2/W/Adam_1:0, linear2/b/Adam:0, linear2/b/Adam_1:0, linear2/bn/beta/Adam:0, linear2/bn/beta/Adam_1:0, linear2/bn/gamma/Adam:0, linear2/bn/gamma/Adam_1:0, linear3/W/Adam:0, linear3/W/Adam_1:0, linear3/b/Adam:0, linear3/b/Adam_1:0, linear3/bn/beta/Adam:0, linear3/bn/beta/Adam_1:0, linear3/bn/gamma/Adam:0, linear3/bn/gamma/Adam_1:0
[32m[0409 11:28:02 @sessinit.py:219][0m Restoring from dict ...
[32m[0409 11:28:39 @prune.py:154][0m error: [0.57774608]
[32m[0409 11:28:39 @prune.py:124][0m On prune rate 0.25
[32m[0409 11:28:39 @drf_run.py:67][0m Not quantizing linear0/W
[32m[0409 11:28:39 @drf_run.py:67][0m Not quantizing linear0/b
[32m[0409 11:28:39 @drf_run.py:58][0m Not quantizing linear0/bn/beta
[32m[0409 11:28:39 @drf_run.py:58][0m Not quantizing linear0/bn/gamma
[32m[0409 11:28:39 @drf_run.py:58][0m Not quantizing linear0/bn/mean/EMA
[32m[0409 11:28:39 @drf_run.py:58][0m Not quantizing linear0/bn/variance/EMA
[32m[0409 11:28:39 @drf_run.py:70][0m Quantizing weight linear1/W
[32m[0409 11:28:39 @drf_run.py:70][0m Quantizing weight linear1/b
[32m[0409 11:28:40 @drf_run.py:58][0m Not quantizing linear1/bn/beta
[32m[0409 11:28:40 @drf_run.py:58][0m Not quantizing linear1/bn/gamma
[32m[0409 11:28:40 @drf_run.py:58][0m Not quantizing linear1/bn/mean/EMA
[32m[0409 11:28:40 @drf_run.py:58][0m Not quantizing linear1/bn/variance/EMA
[32m[0409 11:28:40 @drf_run.py:70][0m Quantizing weight linear2/W
[32m[0409 11:28:40 @drf_run.py:70][0m Quantizing weight linear2/b
[32m[0409 11:28:40 @drf_run.py:58][0m Not quantizing linear2/bn/beta
[32m[0409 11:28:40 @drf_run.py:58][0m Not quantizing linear2/bn/gamma
[32m[0409 11:28:40 @drf_run.py:58][0m Not quantizing linear2/bn/mean/EMA
[32m[0409 11:28:40 @drf_run.py:58][0m Not quantizing linear2/bn/variance/EMA
[32m[0409 11:28:40 @drf_run.py:70][0m Quantizing weight linear3/W
[32m[0409 11:28:40 @drf_run.py:70][0m Quantizing weight linear3/b
[32m[0409 11:28:40 @drf_run.py:58][0m Not quantizing linear3/bn/beta
[32m[0409 11:28:40 @drf_run.py:58][0m Not quantizing linear3/bn/gamma
[32m[0409 11:28:40 @drf_run.py:58][0m Not quantizing linear3/bn/mean/EMA
[32m[0409 11:28:40 @drf_run.py:58][0m Not quantizing linear3/bn/variance/EMA
[32m[0409 11:28:40 @drf_run.py:64][0m Not quantizing last_linear/W
[32m[0409 11:28:40 @drf_run.py:64][0m Not quantizing last_linear/b
[32m[0409 11:28:40 @drf_run.py:112][0m Adding activation tensors to summary: [<tf.Tensor 'linear0/bn/output:0' shape=(?, 504) dtype=float32>, <tf.Tensor 'linear1/bn/output:0' shape=(?, 504) dtype=float32>, <tf.Tensor 'linear2/bn/output:0' shape=(?, 504) dtype=float32>, <tf.Tensor 'linear3/bn/output:0' shape=(?, 504) dtype=float32>, <tf.Tensor 'last_linear/output:0' shape=(?, 255) dtype=float32>, <tf.Tensor 'output:0' shape=(?, 255) dtype=float32>]
[32m[0409 11:28:40 @drf_run.py:123][0m Parameter count: {'mults': 1398600, 'weights': 1398855}
[32m[0409 11:28:40 @collection.py:134][0m New collections created in : tf.GraphKeys.GLOBAL_STEP
[32m[0409 11:28:40 @sessinit.py:206][0m Variables to restore from dict: linear3/bn/beta:0, last_linear/W:0, linear0/bn/beta:0, linear1/W:0, linear1/bn/variance/EMA:0, linear1/bn/mean/EMA:0, linear2/bn/beta:0, linear0/bn/mean/EMA:0, linear1/bn/beta:0, linear3/W:0, linear0/b:0, linear2/W:0, global_step:0, linear3/b:0, linear1/bn/gamma:0, linear0/bn/gamma:0, linear0/bn/variance/EMA:0, linear2/bn/gamma:0, linear2/bn/variance/EMA:0, linear3/bn/gamma:0, linear2/b:0, linear3/bn/variance/EMA:0, linear2/bn/mean/EMA:0, linear3/bn/mean/EMA:0, last_linear/b:0, linear1/b:0, linear0/W:0
[32m[0409 11:28:40 @sessinit.py:89][0m [5m[31mWRN[0m The following variables are in the dict, but not found in the graph: EMA/QueueInput/queue_size/biased:0, EMA/QueueInput/queue_size/local_step:0, EMA/QueueInput/queue_size:0, EMA/cross_entropy_loss/biased:0, EMA/cross_entropy_loss/local_step:0, EMA/cross_entropy_loss:0, EMA/train-error-top1/biased:0, EMA/train-error-top1/local_step:0, EMA/train-error-top1:0, EMA/wd_cost/biased:0, EMA/wd_cost/local_step:0, EMA/wd_cost:0, beta1_power:0, beta2_power:0, last_linear/W/Adam:0, last_linear/W/Adam_1:0, last_linear/b/Adam:0, last_linear/b/Adam_1:0, linear0/W/Adam:0, linear0/W/Adam_1:0, linear0/b/Adam:0, linear0/b/Adam_1:0, linear0/bn/beta/Adam:0, linear0/bn/beta/Adam_1:0, linear0/bn/gamma/Adam:0, linear0/bn/gamma/Adam_1:0, linear1/W/Adam:0, linear1/W/Adam_1:0, linear1/b/Adam:0, linear1/b/Adam_1:0, linear1/bn/beta/Adam:0, linear1/bn/beta/Adam_1:0, linear1/bn/gamma/Adam:0, linear1/bn/gamma/Adam_1:0, linear2/W/Adam:0, linear2/W/Adam_1:0, linear2/b/Adam:0, linear2/b/Adam_1:0, linear2/bn/beta/Adam:0, linear2/bn/beta/Adam_1:0, linear2/bn/gamma/Adam:0, linear2/bn/gamma/Adam_1:0, linear3/W/Adam:0, linear3/W/Adam_1:0, linear3/b/Adam:0, linear3/b/Adam_1:0, linear3/bn/beta/Adam:0, linear3/bn/beta/Adam_1:0, linear3/bn/gamma/Adam:0, linear3/bn/gamma/Adam_1:0
[32m[0409 11:28:40 @sessinit.py:219][0m Restoring from dict ...
[32m[0409 11:29:16 @prune.py:154][0m error: [0.89300999]
[32m[0409 11:29:16 @prune.py:124][0m On prune rate 0.5
[32m[0409 11:29:17 @drf_run.py:67][0m Not quantizing linear0/W
[32m[0409 11:29:17 @drf_run.py:67][0m Not quantizing linear0/b
[32m[0409 11:29:17 @drf_run.py:58][0m Not quantizing linear0/bn/beta
[32m[0409 11:29:17 @drf_run.py:58][0m Not quantizing linear0/bn/gamma
[32m[0409 11:29:17 @drf_run.py:58][0m Not quantizing linear0/bn/mean/EMA
[32m[0409 11:29:17 @drf_run.py:58][0m Not quantizing linear0/bn/variance/EMA
[32m[0409 11:29:17 @drf_run.py:70][0m Quantizing weight linear1/W
[32m[0409 11:29:17 @drf_run.py:70][0m Quantizing weight linear1/b
[32m[0409 11:29:17 @drf_run.py:58][0m Not quantizing linear1/bn/beta
[32m[0409 11:29:17 @drf_run.py:58][0m Not quantizing linear1/bn/gamma
[32m[0409 11:29:17 @drf_run.py:58][0m Not quantizing linear1/bn/mean/EMA
[32m[0409 11:29:17 @drf_run.py:58][0m Not quantizing linear1/bn/variance/EMA
[32m[0409 11:29:17 @drf_run.py:70][0m Quantizing weight linear2/W
[32m[0409 11:29:17 @drf_run.py:70][0m Quantizing weight linear2/b
[32m[0409 11:29:17 @drf_run.py:58][0m Not quantizing linear2/bn/beta
[32m[0409 11:29:17 @drf_run.py:58][0m Not quantizing linear2/bn/gamma
[32m[0409 11:29:17 @drf_run.py:58][0m Not quantizing linear2/bn/mean/EMA
[32m[0409 11:29:17 @drf_run.py:58][0m Not quantizing linear2/bn/variance/EMA
[32m[0409 11:29:17 @drf_run.py:70][0m Quantizing weight linear3/W
[32m[0409 11:29:17 @drf_run.py:70][0m Quantizing weight linear3/b
[32m[0409 11:29:17 @drf_run.py:58][0m Not quantizing linear3/bn/beta
[32m[0409 11:29:17 @drf_run.py:58][0m Not quantizing linear3/bn/gamma
[32m[0409 11:29:17 @drf_run.py:58][0m Not quantizing linear3/bn/mean/EMA
[32m[0409 11:29:17 @drf_run.py:58][0m Not quantizing linear3/bn/variance/EMA
[32m[0409 11:29:17 @drf_run.py:64][0m Not quantizing last_linear/W
[32m[0409 11:29:17 @drf_run.py:64][0m Not quantizing last_linear/b
[32m[0409 11:29:17 @drf_run.py:112][0m Adding activation tensors to summary: [<tf.Tensor 'linear0/bn/output:0' shape=(?, 504) dtype=float32>, <tf.Tensor 'linear1/bn/output:0' shape=(?, 504) dtype=float32>, <tf.Tensor 'linear2/bn/output:0' shape=(?, 504) dtype=float32>, <tf.Tensor 'linear3/bn/output:0' shape=(?, 504) dtype=float32>, <tf.Tensor 'last_linear/output:0' shape=(?, 255) dtype=float32>, <tf.Tensor 'output:0' shape=(?, 255) dtype=float32>]
[32m[0409 11:29:17 @drf_run.py:123][0m Parameter count: {'mults': 1398600, 'weights': 1398855}
[32m[0409 11:29:17 @collection.py:134][0m New collections created in : tf.GraphKeys.GLOBAL_STEP
[32m[0409 11:29:18 @sessinit.py:206][0m Variables to restore from dict: linear3/bn/beta:0, last_linear/W:0, linear0/bn/beta:0, linear1/W:0, linear1/bn/variance/EMA:0, linear1/bn/mean/EMA:0, linear2/bn/beta:0, linear0/bn/mean/EMA:0, linear1/bn/beta:0, linear3/W:0, linear0/b:0, linear2/W:0, global_step:0, linear3/b:0, linear1/bn/gamma:0, linear0/bn/gamma:0, linear0/bn/variance/EMA:0, linear2/bn/gamma:0, linear2/bn/variance/EMA:0, linear3/bn/gamma:0, linear2/b:0, linear3/bn/variance/EMA:0, linear2/bn/mean/EMA:0, linear3/bn/mean/EMA:0, last_linear/b:0, linear1/b:0, linear0/W:0
[32m[0409 11:29:18 @sessinit.py:89][0m [5m[31mWRN[0m The following variables are in the dict, but not found in the graph: EMA/QueueInput/queue_size/biased:0, EMA/QueueInput/queue_size/local_step:0, EMA/QueueInput/queue_size:0, EMA/cross_entropy_loss/biased:0, EMA/cross_entropy_loss/local_step:0, EMA/cross_entropy_loss:0, EMA/train-error-top1/biased:0, EMA/train-error-top1/local_step:0, EMA/train-error-top1:0, EMA/wd_cost/biased:0, EMA/wd_cost/local_step:0, EMA/wd_cost:0, beta1_power:0, beta2_power:0, last_linear/W/Adam:0, last_linear/W/Adam_1:0, last_linear/b/Adam:0, last_linear/b/Adam_1:0, linear0/W/Adam:0, linear0/W/Adam_1:0, linear0/b/Adam:0, linear0/b/Adam_1:0, linear0/bn/beta/Adam:0, linear0/bn/beta/Adam_1:0, linear0/bn/gamma/Adam:0, linear0/bn/gamma/Adam_1:0, linear1/W/Adam:0, linear1/W/Adam_1:0, linear1/b/Adam:0, linear1/b/Adam_1:0, linear1/bn/beta/Adam:0, linear1/bn/beta/Adam_1:0, linear1/bn/gamma/Adam:0, linear1/bn/gamma/Adam_1:0, linear2/W/Adam:0, linear2/W/Adam_1:0, linear2/b/Adam:0, linear2/b/Adam_1:0, linear2/bn/beta/Adam:0, linear2/bn/beta/Adam_1:0, linear2/bn/gamma/Adam:0, linear2/bn/gamma/Adam_1:0, linear3/W/Adam:0, linear3/W/Adam_1:0, linear3/b/Adam:0, linear3/b/Adam_1:0, linear3/bn/beta/Adam:0, linear3/bn/beta/Adam_1:0, linear3/bn/gamma/Adam:0, linear3/bn/gamma/Adam_1:0
[32m[0409 11:29:18 @sessinit.py:219][0m Restoring from dict ...
[32m[0409 11:29:55 @prune.py:154][0m error: [0.98430813]
[32m[0409 11:29:55 @prune.py:156][0m Errors:[0.039942938659058486, 0.039942938659058486, 0.042796005706134094, 0.0442225392296719, 0.05848787446504993, 0.06847360912981455, 0.0884450784593438, 0.10413694721825963, 0.32952924393723254, 0.5777460770328102, 0.8930099857346647, 0.9843081312410842]
[32m[0409 11:29:55 @prune.py:157][0m Sparsities:[0.0, 0.0009950951943469455, 0.004994749695011175, 0.009998779330859159, 0.01999827250332115, 0.029997051834180305, 0.0399965450066423, 0.04999603817910429, 0.0999949317246199, 0.14999382527013552, 0.24999946461879788, 0.49999892923759576]
