[32m[0409 11:21:57 @logger.py:74][0m Argv: prune.py --model=cnn --bitw=32 --bita=32 --quant_ends=False --dorefa=False
[32m[0409 11:21:57 @prune.py:113][0m 18822 utterances per val epoch
[32m[0409 11:21:57 @prune.py:114][0m Using host: sls-520-0
[32m[0409 11:21:57 @prune.py:124][0m On prune rate 0
[32m[0409 11:21:58 @registry.py:122][0m conv0 input: [None, 50, 20, 1]
[32m[0409 11:21:58 @registry.py:130][0m conv0 output: [None, 10, 4, 6]
[32m[0409 11:21:58 @registry.py:122][0m linear0 input: [None, 10, 4, 6]
[32m[0409 11:21:58 @registry.py:130][0m linear0 output: [None, 256]
[32m[0409 11:21:58 @registry.py:122][0m linear1 input: [None, 256]
[32m[0409 11:21:58 @registry.py:130][0m linear1 output: [None, 256]
[32m[0409 11:21:58 @registry.py:122][0m linear2 input: [None, 256]
[32m[0409 11:21:58 @registry.py:130][0m linear2 output: [None, 256]
[32m[0409 11:21:58 @registry.py:122][0m last_linear input: [None, 256]
[32m[0409 11:21:58 @registry.py:130][0m last_linear output: [None, 255]
[32m[0409 11:21:58 @rsr_run.py:129][0m Parameter count: {'mults': 265808, 'weights': 259979}
[32m[0409 11:21:58 @collection.py:134][0m New collections created in : tf.GraphKeys.GLOBAL_STEP
[32m[0409 11:21:58 @sessinit.py:206][0m Variables to restore from dict: conv0/bn/mean/EMA:0, last_linear/W:0, linear0/bn/beta:0, linear1/W:0, conv0/bn/beta:0, linear1/bn/variance/EMA:0, linear2/bn/beta:0, linear0/bn/mean/EMA:0, conv0/b:0, linear1/bn/beta:0, conv0/bn/variance/EMA:0, linear0/b:0, linear2/W:0, global_step:0, linear1/bn/mean/EMA:0, linear1/bn/gamma:0, linear0/bn/gamma:0, linear0/bn/variance/EMA:0, linear2/bn/gamma:0, linear2/bn/variance/EMA:0, conv0/W:0, linear2/b:0, linear2/bn/mean/EMA:0, conv0/bn/gamma:0, last_linear/b:0, linear1/b:0, linear0/W:0
[32m[0409 11:21:58 @sessinit.py:89][0m [5m[31mWRN[0m The following variables are in the dict, but not found in the graph: EMA/QueueInput/queue_size/biased:0, EMA/QueueInput/queue_size/local_step:0, EMA/QueueInput/queue_size:0, EMA/cross_entropy_loss/biased:0, EMA/cross_entropy_loss/local_step:0, EMA/cross_entropy_loss:0, EMA/train-error-top1/biased:0, EMA/train-error-top1/local_step:0, EMA/train-error-top1:0, EMA/wd_cost/biased:0, EMA/wd_cost/local_step:0, EMA/wd_cost:0, beta1_power:0, beta2_power:0, conv0/W/Adam:0, conv0/W/Adam_1:0, conv0/b/Adam:0, conv0/b/Adam_1:0, conv0/bn/beta/Adam:0, conv0/bn/beta/Adam_1:0, conv0/bn/gamma/Adam:0, conv0/bn/gamma/Adam_1:0, last_linear/W/Adam:0, last_linear/W/Adam_1:0, last_linear/b/Adam:0, last_linear/b/Adam_1:0, linear0/W/Adam:0, linear0/W/Adam_1:0, linear0/b/Adam:0, linear0/b/Adam_1:0, linear0/bn/beta/Adam:0, linear0/bn/beta/Adam_1:0, linear0/bn/gamma/Adam:0, linear0/bn/gamma/Adam_1:0, linear1/W/Adam:0, linear1/W/Adam_1:0, linear1/b/Adam:0, linear1/b/Adam_1:0, linear1/bn/beta/Adam:0, linear1/bn/beta/Adam_1:0, linear1/bn/gamma/Adam:0, linear1/bn/gamma/Adam_1:0, linear2/W/Adam:0, linear2/W/Adam_1:0, linear2/b/Adam:0, linear2/b/Adam_1:0, linear2/bn/beta/Adam:0, linear2/bn/beta/Adam_1:0, linear2/bn/gamma/Adam:0, linear2/bn/gamma/Adam_1:0
[32m[0409 11:21:58 @sessinit.py:219][0m Restoring from dict ...
[32m[0409 11:21:59 @develop.py:85][0m [5m[31mWRN[0m [Deprecated] Calling a predictor with one datapoint will be deprecated after 01 Mar. Call it with positional arguments instead!
[32m[0409 11:22:32 @prune.py:154][0m error: [0.13409415]
[32m[0409 11:22:32 @prune.py:124][0m On prune rate 0.001
[32m[0409 11:22:32 @rsr_run.py:129][0m Parameter count: {'mults': 265808, 'weights': 259979}
[32m[0409 11:22:32 @collection.py:134][0m New collections created in : tf.GraphKeys.GLOBAL_STEP
[32m[0409 11:22:33 @sessinit.py:206][0m Variables to restore from dict: conv0/bn/mean/EMA:0, last_linear/W:0, linear0/bn/beta:0, linear1/W:0, conv0/bn/beta:0, linear1/bn/variance/EMA:0, linear2/bn/beta:0, linear0/bn/mean/EMA:0, conv0/b:0, linear1/bn/beta:0, conv0/bn/variance/EMA:0, linear0/b:0, linear2/W:0, global_step:0, linear1/bn/mean/EMA:0, linear1/bn/gamma:0, linear0/bn/gamma:0, linear0/bn/variance/EMA:0, linear2/bn/gamma:0, linear2/bn/variance/EMA:0, conv0/W:0, linear2/b:0, linear2/bn/mean/EMA:0, conv0/bn/gamma:0, last_linear/b:0, linear1/b:0, linear0/W:0
[32m[0409 11:22:33 @sessinit.py:89][0m [5m[31mWRN[0m The following variables are in the dict, but not found in the graph: EMA/QueueInput/queue_size/biased:0, EMA/QueueInput/queue_size/local_step:0, EMA/QueueInput/queue_size:0, EMA/cross_entropy_loss/biased:0, EMA/cross_entropy_loss/local_step:0, EMA/cross_entropy_loss:0, EMA/train-error-top1/biased:0, EMA/train-error-top1/local_step:0, EMA/train-error-top1:0, EMA/wd_cost/biased:0, EMA/wd_cost/local_step:0, EMA/wd_cost:0, beta1_power:0, beta2_power:0, conv0/W/Adam:0, conv0/W/Adam_1:0, conv0/b/Adam:0, conv0/b/Adam_1:0, conv0/bn/beta/Adam:0, conv0/bn/beta/Adam_1:0, conv0/bn/gamma/Adam:0, conv0/bn/gamma/Adam_1:0, last_linear/W/Adam:0, last_linear/W/Adam_1:0, last_linear/b/Adam:0, last_linear/b/Adam_1:0, linear0/W/Adam:0, linear0/W/Adam_1:0, linear0/b/Adam:0, linear0/b/Adam_1:0, linear0/bn/beta/Adam:0, linear0/bn/beta/Adam_1:0, linear0/bn/gamma/Adam:0, linear0/bn/gamma/Adam_1:0, linear1/W/Adam:0, linear1/W/Adam_1:0, linear1/b/Adam:0, linear1/b/Adam_1:0, linear1/bn/beta/Adam:0, linear1/bn/beta/Adam_1:0, linear1/bn/gamma/Adam:0, linear1/bn/gamma/Adam_1:0, linear2/W/Adam:0, linear2/W/Adam_1:0, linear2/b/Adam:0, linear2/b/Adam_1:0, linear2/bn/beta/Adam:0, linear2/bn/beta/Adam_1:0, linear2/bn/gamma/Adam:0, linear2/bn/gamma/Adam_1:0
[32m[0409 11:22:33 @sessinit.py:219][0m Restoring from dict ...
[32m[0409 11:22:48 @prune.py:154][0m error: [0.13266762]
[32m[0409 11:22:48 @prune.py:124][0m On prune rate 0.005
[32m[0409 11:22:48 @rsr_run.py:129][0m Parameter count: {'mults': 265808, 'weights': 259979}
[32m[0409 11:22:48 @collection.py:134][0m New collections created in : tf.GraphKeys.GLOBAL_STEP
[32m[0409 11:22:48 @sessinit.py:206][0m Variables to restore from dict: conv0/bn/mean/EMA:0, last_linear/W:0, linear0/bn/beta:0, linear1/W:0, conv0/bn/beta:0, linear1/bn/variance/EMA:0, linear2/bn/beta:0, linear0/bn/mean/EMA:0, conv0/b:0, linear1/bn/beta:0, conv0/bn/variance/EMA:0, linear0/b:0, linear2/W:0, global_step:0, linear1/bn/mean/EMA:0, linear1/bn/gamma:0, linear0/bn/gamma:0, linear0/bn/variance/EMA:0, linear2/bn/gamma:0, linear2/bn/variance/EMA:0, conv0/W:0, linear2/b:0, linear2/bn/mean/EMA:0, conv0/bn/gamma:0, last_linear/b:0, linear1/b:0, linear0/W:0
[32m[0409 11:22:48 @sessinit.py:89][0m [5m[31mWRN[0m The following variables are in the dict, but not found in the graph: EMA/QueueInput/queue_size/biased:0, EMA/QueueInput/queue_size/local_step:0, EMA/QueueInput/queue_size:0, EMA/cross_entropy_loss/biased:0, EMA/cross_entropy_loss/local_step:0, EMA/cross_entropy_loss:0, EMA/train-error-top1/biased:0, EMA/train-error-top1/local_step:0, EMA/train-error-top1:0, EMA/wd_cost/biased:0, EMA/wd_cost/local_step:0, EMA/wd_cost:0, beta1_power:0, beta2_power:0, conv0/W/Adam:0, conv0/W/Adam_1:0, conv0/b/Adam:0, conv0/b/Adam_1:0, conv0/bn/beta/Adam:0, conv0/bn/beta/Adam_1:0, conv0/bn/gamma/Adam:0, conv0/bn/gamma/Adam_1:0, last_linear/W/Adam:0, last_linear/W/Adam_1:0, last_linear/b/Adam:0, last_linear/b/Adam_1:0, linear0/W/Adam:0, linear0/W/Adam_1:0, linear0/b/Adam:0, linear0/b/Adam_1:0, linear0/bn/beta/Adam:0, linear0/bn/beta/Adam_1:0, linear0/bn/gamma/Adam:0, linear0/bn/gamma/Adam_1:0, linear1/W/Adam:0, linear1/W/Adam_1:0, linear1/b/Adam:0, linear1/b/Adam_1:0, linear1/bn/beta/Adam:0, linear1/bn/beta/Adam_1:0, linear1/bn/gamma/Adam:0, linear1/bn/gamma/Adam_1:0, linear2/W/Adam:0, linear2/W/Adam_1:0, linear2/b/Adam:0, linear2/b/Adam_1:0, linear2/bn/beta/Adam:0, linear2/bn/beta/Adam_1:0, linear2/bn/gamma/Adam:0, linear2/bn/gamma/Adam_1:0
[32m[0409 11:22:48 @sessinit.py:219][0m Restoring from dict ...
[32m[0409 11:23:03 @prune.py:154][0m error: [0.13266762]
[32m[0409 11:23:03 @prune.py:124][0m On prune rate 0.01
[32m[0409 11:23:03 @rsr_run.py:129][0m Parameter count: {'mults': 265808, 'weights': 259979}
[32m[0409 11:23:03 @collection.py:134][0m New collections created in : tf.GraphKeys.GLOBAL_STEP
[32m[0409 11:23:03 @sessinit.py:206][0m Variables to restore from dict: conv0/bn/mean/EMA:0, last_linear/W:0, linear0/bn/beta:0, linear1/W:0, conv0/bn/beta:0, linear1/bn/variance/EMA:0, linear2/bn/beta:0, linear0/bn/mean/EMA:0, conv0/b:0, linear1/bn/beta:0, conv0/bn/variance/EMA:0, linear0/b:0, linear2/W:0, global_step:0, linear1/bn/mean/EMA:0, linear1/bn/gamma:0, linear0/bn/gamma:0, linear0/bn/variance/EMA:0, linear2/bn/gamma:0, linear2/bn/variance/EMA:0, conv0/W:0, linear2/b:0, linear2/bn/mean/EMA:0, conv0/bn/gamma:0, last_linear/b:0, linear1/b:0, linear0/W:0
[32m[0409 11:23:03 @sessinit.py:89][0m [5m[31mWRN[0m The following variables are in the dict, but not found in the graph: EMA/QueueInput/queue_size/biased:0, EMA/QueueInput/queue_size/local_step:0, EMA/QueueInput/queue_size:0, EMA/cross_entropy_loss/biased:0, EMA/cross_entropy_loss/local_step:0, EMA/cross_entropy_loss:0, EMA/train-error-top1/biased:0, EMA/train-error-top1/local_step:0, EMA/train-error-top1:0, EMA/wd_cost/biased:0, EMA/wd_cost/local_step:0, EMA/wd_cost:0, beta1_power:0, beta2_power:0, conv0/W/Adam:0, conv0/W/Adam_1:0, conv0/b/Adam:0, conv0/b/Adam_1:0, conv0/bn/beta/Adam:0, conv0/bn/beta/Adam_1:0, conv0/bn/gamma/Adam:0, conv0/bn/gamma/Adam_1:0, last_linear/W/Adam:0, last_linear/W/Adam_1:0, last_linear/b/Adam:0, last_linear/b/Adam_1:0, linear0/W/Adam:0, linear0/W/Adam_1:0, linear0/b/Adam:0, linear0/b/Adam_1:0, linear0/bn/beta/Adam:0, linear0/bn/beta/Adam_1:0, linear0/bn/gamma/Adam:0, linear0/bn/gamma/Adam_1:0, linear1/W/Adam:0, linear1/W/Adam_1:0, linear1/b/Adam:0, linear1/b/Adam_1:0, linear1/bn/beta/Adam:0, linear1/bn/beta/Adam_1:0, linear1/bn/gamma/Adam:0, linear1/bn/gamma/Adam_1:0, linear2/W/Adam:0, linear2/W/Adam_1:0, linear2/b/Adam:0, linear2/b/Adam_1:0, linear2/bn/beta/Adam:0, linear2/bn/beta/Adam_1:0, linear2/bn/gamma/Adam:0, linear2/bn/gamma/Adam_1:0
[32m[0409 11:23:03 @sessinit.py:219][0m Restoring from dict ...
[32m[0409 11:23:18 @prune.py:154][0m error: [0.13409415]
[32m[0409 11:23:18 @prune.py:124][0m On prune rate 0.02
[32m[0409 11:23:19 @rsr_run.py:129][0m Parameter count: {'mults': 265808, 'weights': 259979}
[32m[0409 11:23:19 @collection.py:134][0m New collections created in : tf.GraphKeys.GLOBAL_STEP
[32m[0409 11:23:19 @sessinit.py:206][0m Variables to restore from dict: conv0/bn/mean/EMA:0, last_linear/W:0, linear0/bn/beta:0, linear1/W:0, conv0/bn/beta:0, linear1/bn/variance/EMA:0, linear2/bn/beta:0, linear0/bn/mean/EMA:0, conv0/b:0, linear1/bn/beta:0, conv0/bn/variance/EMA:0, linear0/b:0, linear2/W:0, global_step:0, linear1/bn/mean/EMA:0, linear1/bn/gamma:0, linear0/bn/gamma:0, linear0/bn/variance/EMA:0, linear2/bn/gamma:0, linear2/bn/variance/EMA:0, conv0/W:0, linear2/b:0, linear2/bn/mean/EMA:0, conv0/bn/gamma:0, last_linear/b:0, linear1/b:0, linear0/W:0
[32m[0409 11:23:19 @sessinit.py:89][0m [5m[31mWRN[0m The following variables are in the dict, but not found in the graph: EMA/QueueInput/queue_size/biased:0, EMA/QueueInput/queue_size/local_step:0, EMA/QueueInput/queue_size:0, EMA/cross_entropy_loss/biased:0, EMA/cross_entropy_loss/local_step:0, EMA/cross_entropy_loss:0, EMA/train-error-top1/biased:0, EMA/train-error-top1/local_step:0, EMA/train-error-top1:0, EMA/wd_cost/biased:0, EMA/wd_cost/local_step:0, EMA/wd_cost:0, beta1_power:0, beta2_power:0, conv0/W/Adam:0, conv0/W/Adam_1:0, conv0/b/Adam:0, conv0/b/Adam_1:0, conv0/bn/beta/Adam:0, conv0/bn/beta/Adam_1:0, conv0/bn/gamma/Adam:0, conv0/bn/gamma/Adam_1:0, last_linear/W/Adam:0, last_linear/W/Adam_1:0, last_linear/b/Adam:0, last_linear/b/Adam_1:0, linear0/W/Adam:0, linear0/W/Adam_1:0, linear0/b/Adam:0, linear0/b/Adam_1:0, linear0/bn/beta/Adam:0, linear0/bn/beta/Adam_1:0, linear0/bn/gamma/Adam:0, linear0/bn/gamma/Adam_1:0, linear1/W/Adam:0, linear1/W/Adam_1:0, linear1/b/Adam:0, linear1/b/Adam_1:0, linear1/bn/beta/Adam:0, linear1/bn/beta/Adam_1:0, linear1/bn/gamma/Adam:0, linear1/bn/gamma/Adam_1:0, linear2/W/Adam:0, linear2/W/Adam_1:0, linear2/b/Adam:0, linear2/b/Adam_1:0, linear2/bn/beta/Adam:0, linear2/bn/beta/Adam_1:0, linear2/bn/gamma/Adam:0, linear2/bn/gamma/Adam_1:0
[32m[0409 11:23:19 @sessinit.py:219][0m Restoring from dict ...
[32m[0409 11:23:33 @prune.py:154][0m error: [0.19400856]
[32m[0409 11:23:33 @prune.py:124][0m On prune rate 0.03
[32m[0409 11:23:34 @rsr_run.py:129][0m Parameter count: {'mults': 265808, 'weights': 259979}
[32m[0409 11:23:34 @collection.py:134][0m New collections created in : tf.GraphKeys.GLOBAL_STEP
[32m[0409 11:23:34 @sessinit.py:206][0m Variables to restore from dict: conv0/bn/mean/EMA:0, last_linear/W:0, linear0/bn/beta:0, linear1/W:0, conv0/bn/beta:0, linear1/bn/variance/EMA:0, linear2/bn/beta:0, linear0/bn/mean/EMA:0, conv0/b:0, linear1/bn/beta:0, conv0/bn/variance/EMA:0, linear0/b:0, linear2/W:0, global_step:0, linear1/bn/mean/EMA:0, linear1/bn/gamma:0, linear0/bn/gamma:0, linear0/bn/variance/EMA:0, linear2/bn/gamma:0, linear2/bn/variance/EMA:0, conv0/W:0, linear2/b:0, linear2/bn/mean/EMA:0, conv0/bn/gamma:0, last_linear/b:0, linear1/b:0, linear0/W:0
[32m[0409 11:23:34 @sessinit.py:89][0m [5m[31mWRN[0m The following variables are in the dict, but not found in the graph: EMA/QueueInput/queue_size/biased:0, EMA/QueueInput/queue_size/local_step:0, EMA/QueueInput/queue_size:0, EMA/cross_entropy_loss/biased:0, EMA/cross_entropy_loss/local_step:0, EMA/cross_entropy_loss:0, EMA/train-error-top1/biased:0, EMA/train-error-top1/local_step:0, EMA/train-error-top1:0, EMA/wd_cost/biased:0, EMA/wd_cost/local_step:0, EMA/wd_cost:0, beta1_power:0, beta2_power:0, conv0/W/Adam:0, conv0/W/Adam_1:0, conv0/b/Adam:0, conv0/b/Adam_1:0, conv0/bn/beta/Adam:0, conv0/bn/beta/Adam_1:0, conv0/bn/gamma/Adam:0, conv0/bn/gamma/Adam_1:0, last_linear/W/Adam:0, last_linear/W/Adam_1:0, last_linear/b/Adam:0, last_linear/b/Adam_1:0, linear0/W/Adam:0, linear0/W/Adam_1:0, linear0/b/Adam:0, linear0/b/Adam_1:0, linear0/bn/beta/Adam:0, linear0/bn/beta/Adam_1:0, linear0/bn/gamma/Adam:0, linear0/bn/gamma/Adam_1:0, linear1/W/Adam:0, linear1/W/Adam_1:0, linear1/b/Adam:0, linear1/b/Adam_1:0, linear1/bn/beta/Adam:0, linear1/bn/beta/Adam_1:0, linear1/bn/gamma/Adam:0, linear1/bn/gamma/Adam_1:0, linear2/W/Adam:0, linear2/W/Adam_1:0, linear2/b/Adam:0, linear2/b/Adam_1:0, linear2/bn/beta/Adam:0, linear2/bn/beta/Adam_1:0, linear2/bn/gamma/Adam:0, linear2/bn/gamma/Adam_1:0
[32m[0409 11:23:34 @sessinit.py:219][0m Restoring from dict ...
[32m[0409 11:23:49 @prune.py:154][0m error: [0.28245364]
[32m[0409 11:23:49 @prune.py:124][0m On prune rate 0.04
[32m[0409 11:23:49 @rsr_run.py:129][0m Parameter count: {'mults': 265808, 'weights': 259979}
[32m[0409 11:23:49 @collection.py:134][0m New collections created in : tf.GraphKeys.GLOBAL_STEP
[32m[0409 11:23:49 @sessinit.py:206][0m Variables to restore from dict: conv0/bn/mean/EMA:0, last_linear/W:0, linear0/bn/beta:0, linear1/W:0, conv0/bn/beta:0, linear1/bn/variance/EMA:0, linear2/bn/beta:0, linear0/bn/mean/EMA:0, conv0/b:0, linear1/bn/beta:0, conv0/bn/variance/EMA:0, linear0/b:0, linear2/W:0, global_step:0, linear1/bn/mean/EMA:0, linear1/bn/gamma:0, linear0/bn/gamma:0, linear0/bn/variance/EMA:0, linear2/bn/gamma:0, linear2/bn/variance/EMA:0, conv0/W:0, linear2/b:0, linear2/bn/mean/EMA:0, conv0/bn/gamma:0, last_linear/b:0, linear1/b:0, linear0/W:0
[32m[0409 11:23:49 @sessinit.py:89][0m [5m[31mWRN[0m The following variables are in the dict, but not found in the graph: EMA/QueueInput/queue_size/biased:0, EMA/QueueInput/queue_size/local_step:0, EMA/QueueInput/queue_size:0, EMA/cross_entropy_loss/biased:0, EMA/cross_entropy_loss/local_step:0, EMA/cross_entropy_loss:0, EMA/train-error-top1/biased:0, EMA/train-error-top1/local_step:0, EMA/train-error-top1:0, EMA/wd_cost/biased:0, EMA/wd_cost/local_step:0, EMA/wd_cost:0, beta1_power:0, beta2_power:0, conv0/W/Adam:0, conv0/W/Adam_1:0, conv0/b/Adam:0, conv0/b/Adam_1:0, conv0/bn/beta/Adam:0, conv0/bn/beta/Adam_1:0, conv0/bn/gamma/Adam:0, conv0/bn/gamma/Adam_1:0, last_linear/W/Adam:0, last_linear/W/Adam_1:0, last_linear/b/Adam:0, last_linear/b/Adam_1:0, linear0/W/Adam:0, linear0/W/Adam_1:0, linear0/b/Adam:0, linear0/b/Adam_1:0, linear0/bn/beta/Adam:0, linear0/bn/beta/Adam_1:0, linear0/bn/gamma/Adam:0, linear0/bn/gamma/Adam_1:0, linear1/W/Adam:0, linear1/W/Adam_1:0, linear1/b/Adam:0, linear1/b/Adam_1:0, linear1/bn/beta/Adam:0, linear1/bn/beta/Adam_1:0, linear1/bn/gamma/Adam:0, linear1/bn/gamma/Adam_1:0, linear2/W/Adam:0, linear2/W/Adam_1:0, linear2/b/Adam:0, linear2/b/Adam_1:0, linear2/bn/beta/Adam:0, linear2/bn/beta/Adam_1:0, linear2/bn/gamma/Adam:0, linear2/bn/gamma/Adam_1:0
[32m[0409 11:23:49 @sessinit.py:219][0m Restoring from dict ...
[32m[0409 11:24:04 @prune.py:154][0m error: [0.35663338]
[32m[0409 11:24:04 @prune.py:124][0m On prune rate 0.05
[32m[0409 11:24:05 @rsr_run.py:129][0m Parameter count: {'mults': 265808, 'weights': 259979}
[32m[0409 11:24:05 @collection.py:134][0m New collections created in : tf.GraphKeys.GLOBAL_STEP
[32m[0409 11:24:05 @sessinit.py:206][0m Variables to restore from dict: conv0/bn/mean/EMA:0, last_linear/W:0, linear0/bn/beta:0, linear1/W:0, conv0/bn/beta:0, linear1/bn/variance/EMA:0, linear2/bn/beta:0, linear0/bn/mean/EMA:0, conv0/b:0, linear1/bn/beta:0, conv0/bn/variance/EMA:0, linear0/b:0, linear2/W:0, global_step:0, linear1/bn/mean/EMA:0, linear1/bn/gamma:0, linear0/bn/gamma:0, linear0/bn/variance/EMA:0, linear2/bn/gamma:0, linear2/bn/variance/EMA:0, conv0/W:0, linear2/b:0, linear2/bn/mean/EMA:0, conv0/bn/gamma:0, last_linear/b:0, linear1/b:0, linear0/W:0
[32m[0409 11:24:05 @sessinit.py:89][0m [5m[31mWRN[0m The following variables are in the dict, but not found in the graph: EMA/QueueInput/queue_size/biased:0, EMA/QueueInput/queue_size/local_step:0, EMA/QueueInput/queue_size:0, EMA/cross_entropy_loss/biased:0, EMA/cross_entropy_loss/local_step:0, EMA/cross_entropy_loss:0, EMA/train-error-top1/biased:0, EMA/train-error-top1/local_step:0, EMA/train-error-top1:0, EMA/wd_cost/biased:0, EMA/wd_cost/local_step:0, EMA/wd_cost:0, beta1_power:0, beta2_power:0, conv0/W/Adam:0, conv0/W/Adam_1:0, conv0/b/Adam:0, conv0/b/Adam_1:0, conv0/bn/beta/Adam:0, conv0/bn/beta/Adam_1:0, conv0/bn/gamma/Adam:0, conv0/bn/gamma/Adam_1:0, last_linear/W/Adam:0, last_linear/W/Adam_1:0, last_linear/b/Adam:0, last_linear/b/Adam_1:0, linear0/W/Adam:0, linear0/W/Adam_1:0, linear0/b/Adam:0, linear0/b/Adam_1:0, linear0/bn/beta/Adam:0, linear0/bn/beta/Adam_1:0, linear0/bn/gamma/Adam:0, linear0/bn/gamma/Adam_1:0, linear1/W/Adam:0, linear1/W/Adam_1:0, linear1/b/Adam:0, linear1/b/Adam_1:0, linear1/bn/beta/Adam:0, linear1/bn/beta/Adam_1:0, linear1/bn/gamma/Adam:0, linear1/bn/gamma/Adam_1:0, linear2/W/Adam:0, linear2/W/Adam_1:0, linear2/b/Adam:0, linear2/b/Adam_1:0, linear2/bn/beta/Adam:0, linear2/bn/beta/Adam_1:0, linear2/bn/gamma/Adam:0, linear2/bn/gamma/Adam_1:0
[32m[0409 11:24:05 @sessinit.py:219][0m Restoring from dict ...
[32m[0409 11:24:19 @prune.py:154][0m error: [0.43366619]
[32m[0409 11:24:19 @prune.py:124][0m On prune rate 0.1
[32m[0409 11:24:20 @rsr_run.py:129][0m Parameter count: {'mults': 265808, 'weights': 259979}
[32m[0409 11:24:20 @collection.py:134][0m New collections created in : tf.GraphKeys.GLOBAL_STEP
[32m[0409 11:24:20 @sessinit.py:206][0m Variables to restore from dict: conv0/bn/mean/EMA:0, last_linear/W:0, linear0/bn/beta:0, linear1/W:0, conv0/bn/beta:0, linear1/bn/variance/EMA:0, linear2/bn/beta:0, linear0/bn/mean/EMA:0, conv0/b:0, linear1/bn/beta:0, conv0/bn/variance/EMA:0, linear0/b:0, linear2/W:0, global_step:0, linear1/bn/mean/EMA:0, linear1/bn/gamma:0, linear0/bn/gamma:0, linear0/bn/variance/EMA:0, linear2/bn/gamma:0, linear2/bn/variance/EMA:0, conv0/W:0, linear2/b:0, linear2/bn/mean/EMA:0, conv0/bn/gamma:0, last_linear/b:0, linear1/b:0, linear0/W:0
[32m[0409 11:24:20 @sessinit.py:89][0m [5m[31mWRN[0m The following variables are in the dict, but not found in the graph: EMA/QueueInput/queue_size/biased:0, EMA/QueueInput/queue_size/local_step:0, EMA/QueueInput/queue_size:0, EMA/cross_entropy_loss/biased:0, EMA/cross_entropy_loss/local_step:0, EMA/cross_entropy_loss:0, EMA/train-error-top1/biased:0, EMA/train-error-top1/local_step:0, EMA/train-error-top1:0, EMA/wd_cost/biased:0, EMA/wd_cost/local_step:0, EMA/wd_cost:0, beta1_power:0, beta2_power:0, conv0/W/Adam:0, conv0/W/Adam_1:0, conv0/b/Adam:0, conv0/b/Adam_1:0, conv0/bn/beta/Adam:0, conv0/bn/beta/Adam_1:0, conv0/bn/gamma/Adam:0, conv0/bn/gamma/Adam_1:0, last_linear/W/Adam:0, last_linear/W/Adam_1:0, last_linear/b/Adam:0, last_linear/b/Adam_1:0, linear0/W/Adam:0, linear0/W/Adam_1:0, linear0/b/Adam:0, linear0/b/Adam_1:0, linear0/bn/beta/Adam:0, linear0/bn/beta/Adam_1:0, linear0/bn/gamma/Adam:0, linear0/bn/gamma/Adam_1:0, linear1/W/Adam:0, linear1/W/Adam_1:0, linear1/b/Adam:0, linear1/b/Adam_1:0, linear1/bn/beta/Adam:0, linear1/bn/beta/Adam_1:0, linear1/bn/gamma/Adam:0, linear1/bn/gamma/Adam_1:0, linear2/W/Adam:0, linear2/W/Adam_1:0, linear2/b/Adam:0, linear2/b/Adam_1:0, linear2/bn/beta/Adam:0, linear2/bn/beta/Adam_1:0, linear2/bn/gamma/Adam:0, linear2/bn/gamma/Adam_1:0
[32m[0409 11:24:20 @sessinit.py:219][0m Restoring from dict ...
[32m[0409 11:24:35 @prune.py:154][0m error: [0.60342368]
[32m[0409 11:24:35 @prune.py:124][0m On prune rate 0.15
[32m[0409 11:24:35 @rsr_run.py:129][0m Parameter count: {'mults': 265808, 'weights': 259979}
[32m[0409 11:24:35 @collection.py:134][0m New collections created in : tf.GraphKeys.GLOBAL_STEP
[32m[0409 11:24:35 @sessinit.py:206][0m Variables to restore from dict: conv0/bn/mean/EMA:0, last_linear/W:0, linear0/bn/beta:0, linear1/W:0, conv0/bn/beta:0, linear1/bn/variance/EMA:0, linear2/bn/beta:0, linear0/bn/mean/EMA:0, conv0/b:0, linear1/bn/beta:0, conv0/bn/variance/EMA:0, linear0/b:0, linear2/W:0, global_step:0, linear1/bn/mean/EMA:0, linear1/bn/gamma:0, linear0/bn/gamma:0, linear0/bn/variance/EMA:0, linear2/bn/gamma:0, linear2/bn/variance/EMA:0, conv0/W:0, linear2/b:0, linear2/bn/mean/EMA:0, conv0/bn/gamma:0, last_linear/b:0, linear1/b:0, linear0/W:0
[32m[0409 11:24:35 @sessinit.py:89][0m [5m[31mWRN[0m The following variables are in the dict, but not found in the graph: EMA/QueueInput/queue_size/biased:0, EMA/QueueInput/queue_size/local_step:0, EMA/QueueInput/queue_size:0, EMA/cross_entropy_loss/biased:0, EMA/cross_entropy_loss/local_step:0, EMA/cross_entropy_loss:0, EMA/train-error-top1/biased:0, EMA/train-error-top1/local_step:0, EMA/train-error-top1:0, EMA/wd_cost/biased:0, EMA/wd_cost/local_step:0, EMA/wd_cost:0, beta1_power:0, beta2_power:0, conv0/W/Adam:0, conv0/W/Adam_1:0, conv0/b/Adam:0, conv0/b/Adam_1:0, conv0/bn/beta/Adam:0, conv0/bn/beta/Adam_1:0, conv0/bn/gamma/Adam:0, conv0/bn/gamma/Adam_1:0, last_linear/W/Adam:0, last_linear/W/Adam_1:0, last_linear/b/Adam:0, last_linear/b/Adam_1:0, linear0/W/Adam:0, linear0/W/Adam_1:0, linear0/b/Adam:0, linear0/b/Adam_1:0, linear0/bn/beta/Adam:0, linear0/bn/beta/Adam_1:0, linear0/bn/gamma/Adam:0, linear0/bn/gamma/Adam_1:0, linear1/W/Adam:0, linear1/W/Adam_1:0, linear1/b/Adam:0, linear1/b/Adam_1:0, linear1/bn/beta/Adam:0, linear1/bn/beta/Adam_1:0, linear1/bn/gamma/Adam:0, linear1/bn/gamma/Adam_1:0, linear2/W/Adam:0, linear2/W/Adam_1:0, linear2/b/Adam:0, linear2/b/Adam_1:0, linear2/bn/beta/Adam:0, linear2/bn/beta/Adam_1:0, linear2/bn/gamma/Adam:0, linear2/bn/gamma/Adam_1:0
[32m[0409 11:24:35 @sessinit.py:219][0m Restoring from dict ...
[32m[0409 11:24:50 @prune.py:154][0m error: [0.80028531]
[32m[0409 11:24:50 @prune.py:124][0m On prune rate 0.25
[32m[0409 11:24:50 @rsr_run.py:129][0m Parameter count: {'mults': 265808, 'weights': 259979}
[32m[0409 11:24:50 @collection.py:134][0m New collections created in : tf.GraphKeys.GLOBAL_STEP
[32m[0409 11:24:51 @sessinit.py:206][0m Variables to restore from dict: conv0/bn/mean/EMA:0, last_linear/W:0, linear0/bn/beta:0, linear1/W:0, conv0/bn/beta:0, linear1/bn/variance/EMA:0, linear2/bn/beta:0, linear0/bn/mean/EMA:0, conv0/b:0, linear1/bn/beta:0, conv0/bn/variance/EMA:0, linear0/b:0, linear2/W:0, global_step:0, linear1/bn/mean/EMA:0, linear1/bn/gamma:0, linear0/bn/gamma:0, linear0/bn/variance/EMA:0, linear2/bn/gamma:0, linear2/bn/variance/EMA:0, conv0/W:0, linear2/b:0, linear2/bn/mean/EMA:0, conv0/bn/gamma:0, last_linear/b:0, linear1/b:0, linear0/W:0
[32m[0409 11:24:51 @sessinit.py:89][0m [5m[31mWRN[0m The following variables are in the dict, but not found in the graph: EMA/QueueInput/queue_size/biased:0, EMA/QueueInput/queue_size/local_step:0, EMA/QueueInput/queue_size:0, EMA/cross_entropy_loss/biased:0, EMA/cross_entropy_loss/local_step:0, EMA/cross_entropy_loss:0, EMA/train-error-top1/biased:0, EMA/train-error-top1/local_step:0, EMA/train-error-top1:0, EMA/wd_cost/biased:0, EMA/wd_cost/local_step:0, EMA/wd_cost:0, beta1_power:0, beta2_power:0, conv0/W/Adam:0, conv0/W/Adam_1:0, conv0/b/Adam:0, conv0/b/Adam_1:0, conv0/bn/beta/Adam:0, conv0/bn/beta/Adam_1:0, conv0/bn/gamma/Adam:0, conv0/bn/gamma/Adam_1:0, last_linear/W/Adam:0, last_linear/W/Adam_1:0, last_linear/b/Adam:0, last_linear/b/Adam_1:0, linear0/W/Adam:0, linear0/W/Adam_1:0, linear0/b/Adam:0, linear0/b/Adam_1:0, linear0/bn/beta/Adam:0, linear0/bn/beta/Adam_1:0, linear0/bn/gamma/Adam:0, linear0/bn/gamma/Adam_1:0, linear1/W/Adam:0, linear1/W/Adam_1:0, linear1/b/Adam:0, linear1/b/Adam_1:0, linear1/bn/beta/Adam:0, linear1/bn/beta/Adam_1:0, linear1/bn/gamma/Adam:0, linear1/bn/gamma/Adam_1:0, linear2/W/Adam:0, linear2/W/Adam_1:0, linear2/b/Adam:0, linear2/b/Adam_1:0, linear2/bn/beta/Adam:0, linear2/bn/beta/Adam_1:0, linear2/bn/gamma/Adam:0, linear2/bn/gamma/Adam_1:0
[32m[0409 11:24:51 @sessinit.py:219][0m Restoring from dict ...
[32m[0409 11:25:05 @prune.py:154][0m error: [0.95863053]
[32m[0409 11:25:05 @prune.py:124][0m On prune rate 0.5
[32m[0409 11:25:06 @rsr_run.py:129][0m Parameter count: {'mults': 265808, 'weights': 259979}
[32m[0409 11:25:06 @collection.py:134][0m New collections created in : tf.GraphKeys.GLOBAL_STEP
[32m[0409 11:25:06 @sessinit.py:206][0m Variables to restore from dict: conv0/bn/mean/EMA:0, last_linear/W:0, linear0/bn/beta:0, linear1/W:0, conv0/bn/beta:0, linear1/bn/variance/EMA:0, linear2/bn/beta:0, linear0/bn/mean/EMA:0, conv0/b:0, linear1/bn/beta:0, conv0/bn/variance/EMA:0, linear0/b:0, linear2/W:0, global_step:0, linear1/bn/mean/EMA:0, linear1/bn/gamma:0, linear0/bn/gamma:0, linear0/bn/variance/EMA:0, linear2/bn/gamma:0, linear2/bn/variance/EMA:0, conv0/W:0, linear2/b:0, linear2/bn/mean/EMA:0, conv0/bn/gamma:0, last_linear/b:0, linear1/b:0, linear0/W:0
[32m[0409 11:25:06 @sessinit.py:89][0m [5m[31mWRN[0m The following variables are in the dict, but not found in the graph: EMA/QueueInput/queue_size/biased:0, EMA/QueueInput/queue_size/local_step:0, EMA/QueueInput/queue_size:0, EMA/cross_entropy_loss/biased:0, EMA/cross_entropy_loss/local_step:0, EMA/cross_entropy_loss:0, EMA/train-error-top1/biased:0, EMA/train-error-top1/local_step:0, EMA/train-error-top1:0, EMA/wd_cost/biased:0, EMA/wd_cost/local_step:0, EMA/wd_cost:0, beta1_power:0, beta2_power:0, conv0/W/Adam:0, conv0/W/Adam_1:0, conv0/b/Adam:0, conv0/b/Adam_1:0, conv0/bn/beta/Adam:0, conv0/bn/beta/Adam_1:0, conv0/bn/gamma/Adam:0, conv0/bn/gamma/Adam_1:0, last_linear/W/Adam:0, last_linear/W/Adam_1:0, last_linear/b/Adam:0, last_linear/b/Adam_1:0, linear0/W/Adam:0, linear0/W/Adam_1:0, linear0/b/Adam:0, linear0/b/Adam_1:0, linear0/bn/beta/Adam:0, linear0/bn/beta/Adam_1:0, linear0/bn/gamma/Adam:0, linear0/bn/gamma/Adam_1:0, linear1/W/Adam:0, linear1/W/Adam_1:0, linear1/b/Adam:0, linear1/b/Adam_1:0, linear1/bn/beta/Adam:0, linear1/bn/beta/Adam_1:0, linear1/bn/gamma/Adam:0, linear1/bn/gamma/Adam_1:0, linear2/W/Adam:0, linear2/W/Adam_1:0, linear2/b/Adam:0, linear2/b/Adam_1:0, linear2/bn/beta/Adam:0, linear2/bn/beta/Adam_1:0, linear2/bn/gamma/Adam:0, linear2/bn/gamma/Adam_1:0
[32m[0409 11:25:06 @sessinit.py:219][0m Restoring from dict ...
[32m[0409 11:25:21 @prune.py:154][0m error: [0.99286733]
[32m[0409 11:25:21 @prune.py:156][0m Errors:[0.1340941512125535, 0.1326676176890157, 0.1326676176890157, 0.1340941512125535, 0.19400855920114124, 0.28245363766048504, 0.3566333808844508, 0.43366619115549215, 0.6034236804564908, 0.8002853067047075, 0.9586305278174037, 0.992867332382311]
[32m[0409 11:25:21 @prune.py:157][0m Sparsities:[0.0, 0.0009826538563406124, 0.00497852363935068, 0.009968562753580353, 0.01998318740667667, 0.02996710412676235, 0.039981728779858665, 0.04995796851669168, 0.09996583742452565, 0.1499698678407333, 0.2499894441480276, 0.49999808075418684]
